17:20:40.038 [main] INFO  com.intuit.karate.Suite - backed up existing 'target\karate-reports' dir to: target\karate-reports_1710589840033
17:20:40.984 [main] DEBUG com.intuit.karate.shell.Command - found / verified free local port: 9515
17:20:40.988 [chromedriver_1710589840977] DEBUG c.i.k.d.chromedriver_1710589840977 - command: [chromedriver, --port=9515, --user-data-dir=C:\Users\akhil\eclipse-workspace\KarateUIAutomation\target\chromedriver_1710589840977], working dir: target\chromedriver_1710589840977
17:20:40.997 [chromedriver_1710589840977] ERROR com.intuit.karate.shell.Command - command error: [chromedriver, --port=9515, --user-data-dir=C:\Users\akhil\eclipse-workspace\KarateUIAutomation\target\chromedriver_1710589840977] - Cannot run program "chromedriver" (in directory "target\chromedriver_1710589840977"): CreateProcess error=2, The system cannot find the file specified
17:20:46.532 [main] ERROR com.intuit.karate - driver config / start failed: start failed, options: {type=chromedriver, executable=chromedriver, target=null}
com.intuit.karate.KarateException: start failed
	at com.intuit.karate.driver.DriverOptions.startProcess(DriverOptions.java:285)
	at com.intuit.karate.driver.DriverOptions.startProcess(DriverOptions.java:260)
	at com.intuit.karate.driver.WebDriver.<init>(WebDriver.java:58)
	at com.intuit.karate.driver.chrome.ChromeWebDriver.<init>(ChromeWebDriver.java:42)
	at com.intuit.karate.driver.chrome.ChromeWebDriver.start(ChromeWebDriver.java:51)
	at com.intuit.karate.driver.DriverOptions.start(DriverOptions.java:316)
	at com.intuit.karate.core.ScenarioEngine.driver(ScenarioEngine.java:969)
	at com.intuit.karate.ScenarioActions.driver(ScenarioActions.java:410)
	at java.base/jdk.internal.reflect.NativeMethodAccessorImpl.invoke0(Native Method)
	at java.base/jdk.internal.reflect.NativeMethodAccessorImpl.invoke(NativeMethodAccessorImpl.java:77)
	at java.base/jdk.internal.reflect.DelegatingMethodAccessorImpl.invoke(DelegatingMethodAccessorImpl.java:43)
	at java.base/java.lang.reflect.Method.invoke(Method.java:568)
	at com.intuit.karate.core.StepRuntime.execute(StepRuntime.java:286)
	at com.intuit.karate.core.ScenarioRuntime.execute(ScenarioRuntime.java:448)
	at com.intuit.karate.core.ScenarioRuntime.run(ScenarioRuntime.java:399)
	at com.intuit.karate.core.FeatureRuntime.processScenario(FeatureRuntime.java:193)
	at java.base/java.util.stream.ReferencePipeline$2$1.accept(ReferencePipeline.java:179)
	at com.intuit.karate.core.ScenarioIterator.tryAdvance(ScenarioIterator.java:162)
	at java.base/java.util.Spliterator.forEachRemaining(Spliterator.java:332)
	at java.base/java.util.stream.AbstractPipeline.copyInto(AbstractPipeline.java:509)
	at java.base/java.util.stream.AbstractPipeline.wrapAndCopyInto(AbstractPipeline.java:499)
	at java.base/java.util.stream.StreamSpliterators$WrappingSpliterator.forEachRemaining(StreamSpliterators.java:310)
	at java.base/java.util.Spliterators$1Adapter.forEachRemaining(Spliterators.java:706)
	at com.intuit.karate.core.FeatureRuntime.run(FeatureRuntime.java:182)
	at java.base/java.util.concurrent.Executors$RunnableAdapter.call(Executors.java:539)
	at java.base/java.util.concurrent.FutureTask.run(FutureTask.java:264)
	at com.intuit.karate.core.SyncExecutorService.execute(SyncExecutorService.java:70)
	at java.base/java.util.concurrent.AbstractExecutorService.submit(AbstractExecutorService.java:123)
	at com.intuit.karate.Suite.run(Suite.java:239)
	at com.intuit.karate.Runner$Builder.parallel(Runner.java:484)
	at com.intuit.karate.cli.IdeMain.main(IdeMain.java:60)
	at cucumber.api.cli.Main.main(Main.java:5)
Caused by: java.io.IOException: Cannot run program "chromedriver" (in directory "target\chromedriver_1710589840977"): CreateProcess error=2, The system cannot find the file specified
	at java.base/java.lang.ProcessBuilder.start(ProcessBuilder.java:1143)
	at java.base/java.lang.ProcessBuilder.start(ProcessBuilder.java:1073)
	at com.intuit.karate.shell.Command.run(Command.java:355)
Caused by: java.io.IOException: CreateProcess error=2, The system cannot find the file specified
	at java.base/java.lang.ProcessImpl.create(Native Method)
	at java.base/java.lang.ProcessImpl.<init>(ProcessImpl.java:499)
	at java.base/java.lang.ProcessImpl.start(ProcessImpl.java:158)
	at java.base/java.lang.ProcessBuilder.start(ProcessBuilder.java:1110)
	... 2 common frames omitted
17:20:46.542 [main] ERROR com.intuit.karate - src/test/java/com/tests/RunUIAutomationScriptInChrome.feature:7
Given driver 'https://www.saucedemo.com/'
driver config / start failed: start failed, options: {type=chromedriver, executable=chromedriver, target=null}
src/test/java/com/tests/RunUIAutomationScriptInChrome.feature:7
17:20:47.060 [main] INFO  com.intuit.karate.Suite - <<fail>> feature 1 of 1 (0 remaining) src/test/java/com/tests/RunUIAutomationScriptInChrome.feature
17:22:32.078 [main] INFO  com.intuit.karate.Suite - backed up existing 'target\karate-reports' dir to: target\karate-reports_1710589952073
17:22:32.941 [main] DEBUG com.intuit.karate.shell.Command - found / verified free local port: 9515
17:22:32.944 [chromedriver_1710589952931] DEBUG c.i.k.d.chromedriver_1710589952931 - command: [chromedriver, --port=9515, --user-data-dir=C:\Users\akhil\eclipse-workspace\KarateUIAutomation\target\chromedriver_1710589952931], working dir: target\chromedriver_1710589952931
17:22:32.950 [chromedriver_1710589952931] ERROR com.intuit.karate.shell.Command - command error: [chromedriver, --port=9515, --user-data-dir=C:\Users\akhil\eclipse-workspace\KarateUIAutomation\target\chromedriver_1710589952931] - Cannot run program "chromedriver" (in directory "target\chromedriver_1710589952931"): CreateProcess error=2, The system cannot find the file specified
17:22:38.379 [main] ERROR com.intuit.karate - driver config / start failed: start failed, options: {type=chromedriver, executable=chromedriver, target=null}
com.intuit.karate.KarateException: start failed
	at com.intuit.karate.driver.DriverOptions.startProcess(DriverOptions.java:285)
	at com.intuit.karate.driver.DriverOptions.startProcess(DriverOptions.java:260)
	at com.intuit.karate.driver.WebDriver.<init>(WebDriver.java:58)
	at com.intuit.karate.driver.chrome.ChromeWebDriver.<init>(ChromeWebDriver.java:42)
	at com.intuit.karate.driver.chrome.ChromeWebDriver.start(ChromeWebDriver.java:51)
	at com.intuit.karate.driver.DriverOptions.start(DriverOptions.java:316)
	at com.intuit.karate.core.ScenarioEngine.driver(ScenarioEngine.java:969)
	at com.intuit.karate.ScenarioActions.driver(ScenarioActions.java:410)
	at java.base/jdk.internal.reflect.NativeMethodAccessorImpl.invoke0(Native Method)
	at java.base/jdk.internal.reflect.NativeMethodAccessorImpl.invoke(NativeMethodAccessorImpl.java:77)
	at java.base/jdk.internal.reflect.DelegatingMethodAccessorImpl.invoke(DelegatingMethodAccessorImpl.java:43)
	at java.base/java.lang.reflect.Method.invoke(Method.java:568)
	at com.intuit.karate.core.StepRuntime.execute(StepRuntime.java:286)
	at com.intuit.karate.core.ScenarioRuntime.execute(ScenarioRuntime.java:448)
	at com.intuit.karate.core.ScenarioRuntime.run(ScenarioRuntime.java:399)
	at com.intuit.karate.core.FeatureRuntime.processScenario(FeatureRuntime.java:193)
	at java.base/java.util.stream.ReferencePipeline$2$1.accept(ReferencePipeline.java:179)
	at com.intuit.karate.core.ScenarioIterator.tryAdvance(ScenarioIterator.java:162)
	at java.base/java.util.Spliterator.forEachRemaining(Spliterator.java:332)
	at java.base/java.util.stream.AbstractPipeline.copyInto(AbstractPipeline.java:509)
	at java.base/java.util.stream.AbstractPipeline.wrapAndCopyInto(AbstractPipeline.java:499)
	at java.base/java.util.stream.StreamSpliterators$WrappingSpliterator.forEachRemaining(StreamSpliterators.java:310)
	at java.base/java.util.Spliterators$1Adapter.forEachRemaining(Spliterators.java:706)
	at com.intuit.karate.core.FeatureRuntime.run(FeatureRuntime.java:182)
	at java.base/java.util.concurrent.Executors$RunnableAdapter.call(Executors.java:539)
	at java.base/java.util.concurrent.FutureTask.run(FutureTask.java:264)
	at com.intuit.karate.core.SyncExecutorService.execute(SyncExecutorService.java:70)
	at java.base/java.util.concurrent.AbstractExecutorService.submit(AbstractExecutorService.java:123)
	at com.intuit.karate.Suite.run(Suite.java:239)
	at com.intuit.karate.Runner$Builder.parallel(Runner.java:484)
	at com.intuit.karate.cli.IdeMain.main(IdeMain.java:60)
	at cucumber.api.cli.Main.main(Main.java:5)
Caused by: java.io.IOException: Cannot run program "chromedriver" (in directory "target\chromedriver_1710589952931"): CreateProcess error=2, The system cannot find the file specified
	at java.base/java.lang.ProcessBuilder.start(ProcessBuilder.java:1143)
	at java.base/java.lang.ProcessBuilder.start(ProcessBuilder.java:1073)
	at com.intuit.karate.shell.Command.run(Command.java:355)
Caused by: java.io.IOException: CreateProcess error=2, The system cannot find the file specified
	at java.base/java.lang.ProcessImpl.create(Native Method)
	at java.base/java.lang.ProcessImpl.<init>(ProcessImpl.java:499)
	at java.base/java.lang.ProcessImpl.start(ProcessImpl.java:158)
	at java.base/java.lang.ProcessBuilder.start(ProcessBuilder.java:1110)
	... 2 common frames omitted
17:22:38.389 [main] ERROR com.intuit.karate - src/test/java/com/tests/RunUIAutomationScriptInChrome.feature:7
Given driver 'https://www.saucedemo.com/'
driver config / start failed: start failed, options: {type=chromedriver, executable=chromedriver, target=null}
src/test/java/com/tests/RunUIAutomationScriptInChrome.feature:7
17:22:38.864 [main] INFO  com.intuit.karate.Suite - <<fail>> feature 1 of 1 (0 remaining) src/test/java/com/tests/RunUIAutomationScriptInChrome.feature
17:29:23.290 [main] INFO  com.intuit.karate.Suite - backed up existing 'target\karate-reports' dir to: target\karate-reports_1710590363285
17:29:24.177 [main] DEBUG com.intuit.karate.shell.Command - found / verified free local port: 9515
17:29:24.181 [chromedriver_1710590364167] DEBUG c.i.k.d.chromedriver_1710590364167 - command: [chromedriver, --port=9515, --user-data-dir=C:\Users\akhil\eclipse-workspace\KarateUIAutomation\target\chromedriver_1710590364167], working dir: target\chromedriver_1710590364167
17:29:24.188 [chromedriver_1710590364167] ERROR com.intuit.karate.shell.Command - command error: [chromedriver, --port=9515, --user-data-dir=C:\Users\akhil\eclipse-workspace\KarateUIAutomation\target\chromedriver_1710590364167] - Cannot run program "chromedriver" (in directory "target\chromedriver_1710590364167"): CreateProcess error=2, The system cannot find the file specified
17:29:29.614 [main] ERROR com.intuit.karate - driver config / start failed: start failed, options: {type=chromedriver, target=null}
com.intuit.karate.KarateException: start failed
	at com.intuit.karate.driver.DriverOptions.startProcess(DriverOptions.java:285)
	at com.intuit.karate.driver.DriverOptions.startProcess(DriverOptions.java:260)
	at com.intuit.karate.driver.WebDriver.<init>(WebDriver.java:58)
	at com.intuit.karate.driver.chrome.ChromeWebDriver.<init>(ChromeWebDriver.java:42)
	at com.intuit.karate.driver.chrome.ChromeWebDriver.start(ChromeWebDriver.java:51)
	at com.intuit.karate.driver.DriverOptions.start(DriverOptions.java:316)
	at com.intuit.karate.core.ScenarioEngine.driver(ScenarioEngine.java:969)
	at com.intuit.karate.ScenarioActions.driver(ScenarioActions.java:410)
	at java.base/jdk.internal.reflect.NativeMethodAccessorImpl.invoke0(Native Method)
	at java.base/jdk.internal.reflect.NativeMethodAccessorImpl.invoke(NativeMethodAccessorImpl.java:77)
	at java.base/jdk.internal.reflect.DelegatingMethodAccessorImpl.invoke(DelegatingMethodAccessorImpl.java:43)
	at java.base/java.lang.reflect.Method.invoke(Method.java:568)
	at com.intuit.karate.core.StepRuntime.execute(StepRuntime.java:286)
	at com.intuit.karate.core.ScenarioRuntime.execute(ScenarioRuntime.java:448)
	at com.intuit.karate.core.ScenarioRuntime.run(ScenarioRuntime.java:399)
	at com.intuit.karate.core.FeatureRuntime.processScenario(FeatureRuntime.java:193)
	at java.base/java.util.stream.ReferencePipeline$2$1.accept(ReferencePipeline.java:179)
	at com.intuit.karate.core.ScenarioIterator.tryAdvance(ScenarioIterator.java:162)
	at java.base/java.util.Spliterator.forEachRemaining(Spliterator.java:332)
	at java.base/java.util.stream.AbstractPipeline.copyInto(AbstractPipeline.java:509)
	at java.base/java.util.stream.AbstractPipeline.wrapAndCopyInto(AbstractPipeline.java:499)
	at java.base/java.util.stream.StreamSpliterators$WrappingSpliterator.forEachRemaining(StreamSpliterators.java:310)
	at java.base/java.util.Spliterators$1Adapter.forEachRemaining(Spliterators.java:706)
	at com.intuit.karate.core.FeatureRuntime.run(FeatureRuntime.java:182)
	at java.base/java.util.concurrent.Executors$RunnableAdapter.call(Executors.java:539)
	at java.base/java.util.concurrent.FutureTask.run(FutureTask.java:264)
	at com.intuit.karate.core.SyncExecutorService.execute(SyncExecutorService.java:70)
	at java.base/java.util.concurrent.AbstractExecutorService.submit(AbstractExecutorService.java:123)
	at com.intuit.karate.Suite.run(Suite.java:239)
	at com.intuit.karate.Runner$Builder.parallel(Runner.java:484)
	at com.intuit.karate.cli.IdeMain.main(IdeMain.java:60)
	at cucumber.api.cli.Main.main(Main.java:5)
Caused by: java.io.IOException: Cannot run program "chromedriver" (in directory "target\chromedriver_1710590364167"): CreateProcess error=2, The system cannot find the file specified
	at java.base/java.lang.ProcessBuilder.start(ProcessBuilder.java:1143)
	at java.base/java.lang.ProcessBuilder.start(ProcessBuilder.java:1073)
	at com.intuit.karate.shell.Command.run(Command.java:355)
Caused by: java.io.IOException: CreateProcess error=2, The system cannot find the file specified
	at java.base/java.lang.ProcessImpl.create(Native Method)
	at java.base/java.lang.ProcessImpl.<init>(ProcessImpl.java:499)
	at java.base/java.lang.ProcessImpl.start(ProcessImpl.java:158)
	at java.base/java.lang.ProcessBuilder.start(ProcessBuilder.java:1110)
	... 2 common frames omitted
17:29:29.620 [main] ERROR com.intuit.karate - src/test/java/com/tests/RunUIAutomationScriptInChrome.feature:7
Given driver 'https://www.saucedemo.com/'
driver config / start failed: start failed, options: {type=chromedriver, target=null}
src/test/java/com/tests/RunUIAutomationScriptInChrome.feature:7
17:29:30.082 [main] INFO  com.intuit.karate.Suite - <<fail>> feature 1 of 1 (0 remaining) src/test/java/com/tests/RunUIAutomationScriptInChrome.feature
17:35:10.394 [main] INFO  com.intuit.karate.Suite - backed up existing 'target\karate-reports' dir to: target\karate-reports_1710590710388
17:35:11.253 [main] DEBUG com.intuit.karate.shell.Command - found / verified free local port: 9515
17:35:11.256 [chromedriver_1710590711245] DEBUG c.i.k.d.chromedriver_1710590711245 - command: [chromedriver, --port=9515, --user-data-dir=C:\Users\akhil\eclipse-workspace\KarateUIAutomation\target\chromedriver_1710590711245], working dir: target\chromedriver_1710590711245
17:35:11.261 [chromedriver_1710590711245] ERROR com.intuit.karate.shell.Command - command error: [chromedriver, --port=9515, --user-data-dir=C:\Users\akhil\eclipse-workspace\KarateUIAutomation\target\chromedriver_1710590711245] - Cannot run program "chromedriver" (in directory "target\chromedriver_1710590711245"): CreateProcess error=2, The system cannot find the file specified
17:35:16.703 [main] ERROR com.intuit.karate - driver config / start failed: start failed, options: {type=chromedriver, port=9515, executable=chromedriver, target=null}
com.intuit.karate.KarateException: start failed
	at com.intuit.karate.driver.DriverOptions.startProcess(DriverOptions.java:285)
	at com.intuit.karate.driver.DriverOptions.startProcess(DriverOptions.java:260)
	at com.intuit.karate.driver.WebDriver.<init>(WebDriver.java:58)
	at com.intuit.karate.driver.chrome.ChromeWebDriver.<init>(ChromeWebDriver.java:42)
	at com.intuit.karate.driver.chrome.ChromeWebDriver.start(ChromeWebDriver.java:51)
	at com.intuit.karate.driver.DriverOptions.start(DriverOptions.java:316)
	at com.intuit.karate.core.ScenarioEngine.driver(ScenarioEngine.java:969)
	at com.intuit.karate.ScenarioActions.driver(ScenarioActions.java:410)
	at java.base/jdk.internal.reflect.NativeMethodAccessorImpl.invoke0(Native Method)
	at java.base/jdk.internal.reflect.NativeMethodAccessorImpl.invoke(NativeMethodAccessorImpl.java:77)
	at java.base/jdk.internal.reflect.DelegatingMethodAccessorImpl.invoke(DelegatingMethodAccessorImpl.java:43)
	at java.base/java.lang.reflect.Method.invoke(Method.java:568)
	at com.intuit.karate.core.StepRuntime.execute(StepRuntime.java:286)
	at com.intuit.karate.core.ScenarioRuntime.execute(ScenarioRuntime.java:448)
	at com.intuit.karate.core.ScenarioRuntime.run(ScenarioRuntime.java:399)
	at com.intuit.karate.core.FeatureRuntime.processScenario(FeatureRuntime.java:193)
	at java.base/java.util.stream.ReferencePipeline$2$1.accept(ReferencePipeline.java:179)
	at com.intuit.karate.core.ScenarioIterator.tryAdvance(ScenarioIterator.java:162)
	at java.base/java.util.Spliterator.forEachRemaining(Spliterator.java:332)
	at java.base/java.util.stream.AbstractPipeline.copyInto(AbstractPipeline.java:509)
	at java.base/java.util.stream.AbstractPipeline.wrapAndCopyInto(AbstractPipeline.java:499)
	at java.base/java.util.stream.StreamSpliterators$WrappingSpliterator.forEachRemaining(StreamSpliterators.java:310)
	at java.base/java.util.Spliterators$1Adapter.forEachRemaining(Spliterators.java:706)
	at com.intuit.karate.core.FeatureRuntime.run(FeatureRuntime.java:182)
	at java.base/java.util.concurrent.Executors$RunnableAdapter.call(Executors.java:539)
	at java.base/java.util.concurrent.FutureTask.run(FutureTask.java:264)
	at com.intuit.karate.core.SyncExecutorService.execute(SyncExecutorService.java:70)
	at java.base/java.util.concurrent.AbstractExecutorService.submit(AbstractExecutorService.java:123)
	at com.intuit.karate.Suite.run(Suite.java:239)
	at com.intuit.karate.Runner$Builder.parallel(Runner.java:484)
	at com.intuit.karate.cli.IdeMain.main(IdeMain.java:60)
	at cucumber.api.cli.Main.main(Main.java:5)
Caused by: java.io.IOException: Cannot run program "chromedriver" (in directory "target\chromedriver_1710590711245"): CreateProcess error=2, The system cannot find the file specified
	at java.base/java.lang.ProcessBuilder.start(ProcessBuilder.java:1143)
	at java.base/java.lang.ProcessBuilder.start(ProcessBuilder.java:1073)
	at com.intuit.karate.shell.Command.run(Command.java:355)
Caused by: java.io.IOException: CreateProcess error=2, The system cannot find the file specified
	at java.base/java.lang.ProcessImpl.create(Native Method)
	at java.base/java.lang.ProcessImpl.<init>(ProcessImpl.java:499)
	at java.base/java.lang.ProcessImpl.start(ProcessImpl.java:158)
	at java.base/java.lang.ProcessBuilder.start(ProcessBuilder.java:1110)
	... 2 common frames omitted
17:35:16.713 [main] ERROR com.intuit.karate - src/test/java/com/tests/RunUIAutomationScriptInChrome.feature:7
Given driver 'https://www.saucedemo.com/'
driver config / start failed: start failed, options: {type=chromedriver, port=9515, executable=chromedriver, target=null}
src/test/java/com/tests/RunUIAutomationScriptInChrome.feature:7
17:35:17.170 [main] INFO  com.intuit.karate.Suite - <<fail>> feature 1 of 1 (0 remaining) src/test/java/com/tests/RunUIAutomationScriptInChrome.feature
17:44:22.162 [main] INFO  com.intuit.karate.Suite - backed up existing 'target\karate-reports' dir to: target\karate-reports_1710591262158
17:44:23.070 [main] DEBUG com.intuit.karate.shell.Command - found / verified free local port: 9222
17:44:23.074 [chrome_1710591263062] DEBUG c.i.k.driver.chrome_1710591263062 - command: [C:\Program Files\Google\Chrome\Application\chrome.exe, --remote-debugging-port=9222, --remote-allow-origins=*, --no-first-run, --user-data-dir=C:\Users\akhil\eclipse-workspace\KarateUIAutomation\target\chrome_1710591263062, --disable-popup-blocking], working dir: target\chrome_1710591263062
17:44:23.082 [main] DEBUG c.i.k.driver.chrome_1710591263062 - poll attempt #0 for port to be ready - localhost:9222
17:44:23.353 [main] DEBUG c.i.k.driver.chrome_1710591263062 - poll attempt #1 for port to be ready - localhost:9222
17:44:23.510 [chrome_1710591263062-out] DEBUG c.i.k.driver.chrome_1710591263062 - 
17:44:23.510 [chrome_1710591263062-out] DEBUG c.i.k.driver.chrome_1710591263062 - DevTools listening on ws://127.0.0.1:9222/devtools/browser/4fc76ac3-784c-4c89-aa4c-fe52e3b2e519
17:44:23.675 [main] DEBUG c.i.k.driver.chrome_1710591263062 - poll attempt #2 for port to be ready - localhost:9222
17:44:24.513 [main] DEBUG com.intuit.karate - request:
1 > GET http://localhost:9222/json
1 > Host: localhost:9222
1 > Connection: Keep-Alive
1 > User-Agent: Apache-HttpClient/4.5.14 (Java/17.0.6)
1 > Accept-Encoding: gzip,deflate


17:44:24.562 [main] DEBUG com.intuit.karate - response time in milliseconds: 43
1 < 200
1 < Content-Security-Policy: frame-ancestors 'none'
1 < Content-Length: 1267
1 < Content-Type: application/json; charset=UTF-8
[ {
   "description": "",
   "devtoolsFrontendUrl": "/devtools/inspector.html?ws=localhost:9222/devtools/page/5BD3CFCAAEDBA5270C2941F1E5A07DDA",
   "id": "5BD3CFCAAEDBA5270C2941F1E5A07DDA",
   "title": "Google Network Speech",
   "type": "background_page",
   "url": "chrome-extension://neajdppkdcdipfabeoofebfddakdcjhd/_generated_background_page.html",
   "webSocketDebuggerUrl": "ws://localhost:9222/devtools/page/5BD3CFCAAEDBA5270C2941F1E5A07DDA"
}, {
   "description": "",
   "devtoolsFrontendUrl": "/devtools/inspector.html?ws=localhost:9222/devtools/page/56C935669F9258AA2616D9DCB950E5D9",
   "id": "56C935669F9258AA2616D9DCB950E5D9",
   "title": "Google Hangouts",
   "type": "background_page",
   "url": "chrome-extension://nkeimhogjdpnpccoofpliimaahmaaome/background.html",
   "webSocketDebuggerUrl": "ws://localhost:9222/devtools/page/56C935669F9258AA2616D9DCB950E5D9"
}, {
   "description": "",
   "devtoolsFrontendUrl": "/devtools/inspector.html?ws=localhost:9222/devtools/page/386F60E81A1387BFBB50B65D1FF363D5",
   "id": "386F60E81A1387BFBB50B65D1FF363D5",
   "title": "New Tab",
   "type": "page",
   "url": "chrome://newtab/",
   "webSocketDebuggerUrl": "ws://localhost:9222/devtools/page/386F60E81A1387BFBB50B65D1FF363D5"
} ]


17:44:24.572 [main] DEBUG com.intuit.karate.shell.Command - ready to accept http connections after 859 ms - http://localhost:9222/json
17:44:24.573 [main] DEBUG com.intuit.karate - request:
1 > GET http://localhost:9222/json
1 > Host: localhost:9222
1 > Connection: Keep-Alive
1 > User-Agent: Apache-HttpClient/4.5.14 (Java/17.0.6)
1 > Accept-Encoding: gzip,deflate


17:44:24.575 [main] DEBUG com.intuit.karate - response time in milliseconds: 1
1 < 200
1 < Content-Security-Policy: frame-ancestors 'none'
1 < Content-Length: 1267
1 < Content-Type: application/json; charset=UTF-8
[ {
   "description": "",
   "devtoolsFrontendUrl": "/devtools/inspector.html?ws=localhost:9222/devtools/page/5BD3CFCAAEDBA5270C2941F1E5A07DDA",
   "id": "5BD3CFCAAEDBA5270C2941F1E5A07DDA",
   "title": "Google Network Speech",
   "type": "background_page",
   "url": "chrome-extension://neajdppkdcdipfabeoofebfddakdcjhd/_generated_background_page.html",
   "webSocketDebuggerUrl": "ws://localhost:9222/devtools/page/5BD3CFCAAEDBA5270C2941F1E5A07DDA"
}, {
   "description": "",
   "devtoolsFrontendUrl": "/devtools/inspector.html?ws=localhost:9222/devtools/page/56C935669F9258AA2616D9DCB950E5D9",
   "id": "56C935669F9258AA2616D9DCB950E5D9",
   "title": "Google Hangouts",
   "type": "background_page",
   "url": "chrome-extension://nkeimhogjdpnpccoofpliimaahmaaome/background.html",
   "webSocketDebuggerUrl": "ws://localhost:9222/devtools/page/56C935669F9258AA2616D9DCB950E5D9"
}, {
   "description": "",
   "devtoolsFrontendUrl": "/devtools/inspector.html?ws=localhost:9222/devtools/page/386F60E81A1387BFBB50B65D1FF363D5",
   "id": "386F60E81A1387BFBB50B65D1FF363D5",
   "title": "New Tab",
   "type": "page",
   "url": "chrome://newtab/",
   "webSocketDebuggerUrl": "ws://localhost:9222/devtools/page/386F60E81A1387BFBB50B65D1FF363D5"
} ]


17:44:24.579 [main] DEBUG c.i.k.driver.chrome_1710591263062 - root frame id: 386F60E81A1387BFBB50B65D1FF363D5
17:44:25.083 [nioEventLoopGroup-2-1] DEBUG c.i.k.http.WebSocketClientHandler - websocket client connected
17:44:25.086 [main] DEBUG c.i.k.driver.chrome_1710591263062 - >> {"id":1,"method":"Target.attachToTarget","params":{"targetId":"386F60E81A1387BFBB50B65D1FF363D5","flatten":true}}
17:44:25.106 [nioEventLoopGroup-2-1] DEBUG c.i.k.driver.chrome_1710591263062 - << {"method":"Target.attachedToTarget","params":{"sessionId":"982764DF3B920FDAFED0CCCA94D3C915","targetInfo":{"targetId":"386F60E81A1387BFBB50B65D1FF363D5","type":"page","title":"New Tab","url":"chrome://newtab/","attached":true,"canAccessOpener":false,"browserContextId":"EBA1DAE21C44D0522AEDBD008573EA46"},"waitingForDebugger":false}}
17:44:25.107 [nioEventLoopGroup-2-1] DEBUG c.i.k.driver.chrome_1710591263062 - << {"id":1,"result":{"sessionId":"982764DF3B920FDAFED0CCCA94D3C915"}}
17:44:25.108 [main] DEBUG c.i.k.driver.chrome_1710591263062 - >> {"id":2,"sessionId":"982764DF3B920FDAFED0CCCA94D3C915","method":"Target.activateTarget","params":{"targetId":"386F60E81A1387BFBB50B65D1FF363D5"}}
17:44:25.110 [nioEventLoopGroup-2-1] DEBUG c.i.k.driver.chrome_1710591263062 - << {"id":2,"result":{},"sessionId":"982764DF3B920FDAFED0CCCA94D3C915"}
17:44:25.111 [main] DEBUG c.i.k.driver.chrome_1710591263062 - >> {"id":3,"sessionId":"982764DF3B920FDAFED0CCCA94D3C915","method":"Target.setDiscoverTargets","params":{"discover":true}}
17:44:25.114 [nioEventLoopGroup-2-1] DEBUG c.i.k.driver.chrome_1710591263062 - << {"method":"Target.targetCreated","params":{"targetInfo":{"targetId":"386F60E81A1387BFBB50B65D1FF363D5","type":"page","title":"New Tab","url":"chrome://newtab/","attached":true,"canAccessOpener":false,"browserContextId":"EBA1DAE21C44D0522AEDBD008573EA46"}},"sessionId":"982764DF3B920FDAFED0CCCA94D3C915"}
17:44:25.114 [nioEventLoopGroup-2-1] DEBUG c.i.k.driver.chrome_1710591263062 - << {"method":"Target.targetCreated","params":{"targetInfo":{"targetId":"56C935669F9258AA2616D9DCB950E5D9","type":"background_page","title":"Google Hangouts","url":"chrome-extension://nkeimhogjdpnpccoofpliimaahmaaome/background.html","attached":false,"canAccessOpener":false,"browserContextId":"EBA1DAE21C44D0522AEDBD008573EA46"}},"sessionId":"982764DF3B920FDAFED0CCCA94D3C915"}
17:44:25.115 [nioEventLoopGroup-2-1] DEBUG c.i.k.driver.chrome_1710591263062 - << {"method":"Target.targetCreated","params":{"targetInfo":{"targetId":"5BD3CFCAAEDBA5270C2941F1E5A07DDA","type":"background_page","title":"Google Network Speech","url":"chrome-extension://neajdppkdcdipfabeoofebfddakdcjhd/_generated_background_page.html","attached":false,"canAccessOpener":false,"browserContextId":"EBA1DAE21C44D0522AEDBD008573EA46"}},"sessionId":"982764DF3B920FDAFED0CCCA94D3C915"}
17:44:25.115 [nioEventLoopGroup-2-1] DEBUG c.i.k.driver.chrome_1710591263062 - << {"method":"Target.targetCreated","params":{"targetInfo":{"targetId":"77CABAF3F3F0A4033E29F4C04A333D0C","type":"iframe","title":"chrome-untrusted://new-tab-page/one-google-bar?paramsencoded=","url":"chrome-untrusted://new-tab-page/one-google-bar?paramsencoded=","attached":false,"canAccessOpener":false,"browserContextId":"EBA1DAE21C44D0522AEDBD008573EA46"}},"sessionId":"982764DF3B920FDAFED0CCCA94D3C915"}
17:44:25.116 [nioEventLoopGroup-2-1] DEBUG c.i.k.driver.chrome_1710591263062 - << {"id":3,"result":{},"sessionId":"982764DF3B920FDAFED0CCCA94D3C915"}
17:44:25.117 [main] DEBUG c.i.k.driver.chrome_1710591263062 - >> {"id":4,"sessionId":"982764DF3B920FDAFED0CCCA94D3C915","method":"Page.enable"}
17:44:25.118 [nioEventLoopGroup-2-1] DEBUG c.i.k.driver.chrome_1710591263062 - << {"id":4,"result":{},"sessionId":"982764DF3B920FDAFED0CCCA94D3C915"}
17:44:25.119 [main] DEBUG c.i.k.driver.chrome_1710591263062 - >> {"id":5,"sessionId":"982764DF3B920FDAFED0CCCA94D3C915","method":"Runtime.enable"}
17:44:25.121 [nioEventLoopGroup-2-1] DEBUG c.i.k.driver.chrome_1710591263062 - << {"method":"Runtime.executionContextCreated","params":{"context":{"id":2,"origin":"chrome://new-tab-page","name":"","uniqueId":"8617847548198836738.6073419067499225872","auxData":{"isDefault":true,"type":"default","frameId":"549FDD895C79416EF41E7D51B32AE595"}}},"sessionId":"982764DF3B920FDAFED0CCCA94D3C915"}
17:44:25.122 [nioEventLoopGroup-2-1] DEBUG c.i.k.driver.chrome_1710591263062 - << {"method":"Runtime.executionContextCreated","params":{"context":{"id":1,"origin":"chrome://new-tab-page","name":"","uniqueId":"8031189427675881978.-4738109491027386822","auxData":{"isDefault":true,"type":"default","frameId":"386F60E81A1387BFBB50B65D1FF363D5"}}},"sessionId":"982764DF3B920FDAFED0CCCA94D3C915"}
17:44:25.122 [nioEventLoopGroup-2-1] DEBUG c.i.k.driver.chrome_1710591263062 - << {"id":5,"result":{},"sessionId":"982764DF3B920FDAFED0CCCA94D3C915"}
17:44:25.123 [main] DEBUG c.i.k.driver.chrome_1710591263062 - >> {"id":6,"sessionId":"982764DF3B920FDAFED0CCCA94D3C915","method":"Browser.getWindowForTarget","params":{"targetId":"386F60E81A1387BFBB50B65D1FF363D5"}}
17:44:25.124 [nioEventLoopGroup-2-1] DEBUG c.i.k.driver.chrome_1710591263062 - << {"id":6,"result":{"windowId":1722080474,"bounds":{"left":9,"top":9,"width":1051,"height":798,"windowState":"normal"}},"sessionId":"982764DF3B920FDAFED0CCCA94D3C915"}
17:44:25.339 [main] DEBUG c.i.k.driver.chrome_1710591263062 - >> {"id":7,"sessionId":"982764DF3B920FDAFED0CCCA94D3C915","method":"Page.navigate","params":{"url":"https:\/\/www.saucedemo.com\/"}}
17:44:25.345 [nioEventLoopGroup-2-1] DEBUG c.i.k.driver.chrome_1710591263062 - << {"method":"Page.frameStartedLoading","params":{"frameId":"386F60E81A1387BFBB50B65D1FF363D5"},"sessionId":"982764DF3B920FDAFED0CCCA94D3C915"}
17:44:25.737 [nioEventLoopGroup-2-1] DEBUG c.i.k.driver.chrome_1710591263062 - << {"id":7,"result":{"frameId":"386F60E81A1387BFBB50B65D1FF363D5","loaderId":"D7F10D8680437AF58F8B0EDE34DFF4B7"},"sessionId":"982764DF3B920FDAFED0CCCA94D3C915"}
17:44:25.740 [nioEventLoopGroup-2-1] DEBUG c.i.k.driver.chrome_1710591263062 - << {"method":"Runtime.executionContextsCleared","params":{},"sessionId":"982764DF3B920FDAFED0CCCA94D3C915"}
17:44:25.747 [nioEventLoopGroup-2-1] DEBUG c.i.k.driver.chrome_1710591263062 - << {"method":"Target.targetInfoChanged","params":{"targetInfo":{"targetId":"386F60E81A1387BFBB50B65D1FF363D5","type":"page","title":"saucedemo.com","url":"https://www.saucedemo.com/","attached":true,"canAccessOpener":false,"browserContextId":"EBA1DAE21C44D0522AEDBD008573EA46"}},"sessionId":"982764DF3B920FDAFED0CCCA94D3C915"}
17:44:25.748 [nioEventLoopGroup-2-1] DEBUG c.i.k.driver.chrome_1710591263062 - << {"method":"Runtime.executionContextsCleared","params":{},"sessionId":"982764DF3B920FDAFED0CCCA94D3C915"}
17:44:25.748 [nioEventLoopGroup-2-1] DEBUG c.i.k.driver.chrome_1710591263062 - << {"method":"Page.frameNavigated","params":{"frame":{"id":"386F60E81A1387BFBB50B65D1FF363D5","loaderId":"D7F10D8680437AF58F8B0EDE34DFF4B7","url":"https://www.saucedemo.com/","domainAndRegistry":"saucedemo.com","securityOrigin":"https://www.saucedemo.com","mimeType":"text/html","adFrameStatus":{"adFrameType":"none"},"secureContextType":"Secure","crossOriginIsolatedContextType":"NotIsolated","gatedAPIFeatures":[]},"type":"Navigation"},"sessionId":"982764DF3B920FDAFED0CCCA94D3C915"}
17:44:25.751 [nioEventLoopGroup-2-1] DEBUG c.i.k.driver.chrome_1710591263062 - << {"method":"Runtime.executionContextCreated","params":{"context":{"id":1,"origin":"https://www.saucedemo.com","name":"","uniqueId":"-6221624813886452192.-4876330194477842102","auxData":{"isDefault":true,"type":"default","frameId":"386F60E81A1387BFBB50B65D1FF363D5"}}},"sessionId":"982764DF3B920FDAFED0CCCA94D3C915"}
17:44:25.773 [nioEventLoopGroup-2-1] DEBUG c.i.k.driver.chrome_1710591263062 - << {"method":"Page.frameDetached","params":{"frameId":"77CABAF3F3F0A4033E29F4C04A333D0C","reason":"remove"},"sessionId":"982764DF3B920FDAFED0CCCA94D3C915"}
17:44:25.774 [nioEventLoopGroup-2-1] DEBUG c.i.k.driver.chrome_1710591263062 - << {"method":"Target.targetDestroyed","params":{"targetId":"77CABAF3F3F0A4033E29F4C04A333D0C"},"sessionId":"982764DF3B920FDAFED0CCCA94D3C915"}
17:44:26.136 [nioEventLoopGroup-2-1] DEBUG c.i.k.driver.chrome_1710591263062 - << {"method":"Page.domContentEventFired","params":{"timestamp":245822.72258},"sessionId":"982764DF3B920FDAFED0CCCA94D3C915"}
17:44:26.138 [main] DEBUG c.i.k.driver.chrome_1710591263062 - >> {"id":8,"sessionId":"982764DF3B920FDAFED0CCCA94D3C915","method":"Target.closeTarget","params":{"targetId":"386F60E81A1387BFBB50B65D1FF363D5"}}
17:44:26.140 [nioEventLoopGroup-2-1] DEBUG c.i.k.driver.chrome_1710591263062 - << {"id":8,"result":{"success":true},"sessionId":"982764DF3B920FDAFED0CCCA94D3C915"}
17:44:26.144 [nioEventLoopGroup-2-1] ERROR c.i.k.http.WebSocketClientHandler - websocket exception: An established connection was aborted by the software in your host machine
17:44:26.146 [nioEventLoopGroup-2-1] DEBUG c.i.k.http.WebSocketClientHandler - websocket client disconnected
17:44:26.205 [main] DEBUG com.intuit.karate.shell.Command - closing command: chrome_1710591263062
17:44:26.996 [main] INFO  com.intuit.karate.Suite - <<pass>> feature 1 of 1 (0 remaining) src/test/java/com/tests/RunUIAutomationScriptInChrome.feature
17:44:27.323 [chrome_1710591263062] WARN  com.intuit.karate.shell.Command - exit code was non-zero: 1 - [C:\Program Files\Google\Chrome\Application\chrome.exe, --remote-debugging-port=9222, --remote-allow-origins=*, --no-first-run, --user-data-dir=C:\Users\akhil\eclipse-workspace\KarateUIAutomation\target\chrome_1710591263062, --disable-popup-blocking] working dir: target\chrome_1710591263062
17:44:42.476 [main] INFO  com.intuit.karate.Suite - backed up existing 'target\karate-reports' dir to: target\karate-reports_1710591282471
17:44:43.483 [main] DEBUG com.intuit.karate.shell.Command - found / verified free local port: 9515
17:44:43.487 [chromedriver_1710591283472] DEBUG c.i.k.d.chromedriver_1710591283472 - command: [C:/Youtube/BrowserDrivers/chromedriver-win64/chromedriver.exe, --port=9515, --user-data-dir=C:\Users\akhil\eclipse-workspace\KarateUIAutomation\target\chromedriver_1710591283472], working dir: target\chromedriver_1710591283472
17:44:43.496 [main] DEBUG c.i.k.d.chromedriver_1710591283472 - poll attempt #0 for port to be ready - localhost:9515
17:44:43.642 [chromedriver_1710591283472-out] DEBUG c.i.k.d.chromedriver_1710591283472 - Starting ChromeDriver 122.0.6261.128 (f18a44fedeb29764b2b5336c120fdd90ef1a3f5c-refs/branch-heads/6261@{#1057}) on port 9515
17:44:43.642 [chromedriver_1710591283472-out] DEBUG c.i.k.d.chromedriver_1710591283472 - Only local connections are allowed.
17:44:43.642 [chromedriver_1710591283472-out] DEBUG c.i.k.d.chromedriver_1710591283472 - Please see https://chromedriver.chromium.org/security-considerations for suggestions on keeping ChromeDriver safe.
17:44:43.647 [chromedriver_1710591283472-out] DEBUG c.i.k.d.chromedriver_1710591283472 - ChromeDriver was started successfully.
17:44:43.765 [main] DEBUG c.i.k.d.chromedriver_1710591283472 - poll attempt #1 for port to be ready - localhost:9515
17:44:44.062 [main] DEBUG com.intuit.karate - request:
1 > POST http://localhost:9515/session
1 > Content-Type: application/json; charset=UTF-8
1 > Content-Length: 57
1 > Host: localhost:9515
1 > Connection: Keep-Alive
1 > User-Agent: Apache-HttpClient/4.5.14 (Java/17.0.6)
1 > Accept-Encoding: gzip,deflate
{"capabilities":{"alwaysMatch":{"browserName":"chrome"}}}

17:44:44.739 [main] DEBUG com.intuit.karate - response time in milliseconds: 674
1 < 200
1 < Content-Length: 883
1 < Content-Type: application/json; charset=utf-8
1 < cache-control: no-cache
{"value":{"capabilities":{"acceptInsecureCerts":false,"browserName":"chrome","browserVersion":"122.0.6261.129","chrome":{"chromedriverVersion":"122.0.6261.128 (f18a44fedeb29764b2b5336c120fdd90ef1a3f5c-refs/branch-heads/6261@{#1057})","userDataDir":"C:\\Users\\akhil\\AppData\\Local\\Temp\\scoped_dir20436_925782297"},"fedcm:accounts":true,"goog:chromeOptions":{"debuggerAddress":"localhost:59032"},"networkConnectionEnabled":false,"pageLoadStrategy":"normal","platformName":"windows","proxy":{},"setWindowRect":true,"strictFileInteractability":false,"timeouts":{"implicit":0,"pageLoad":300000,"script":30000},"unhandledPromptBehavior":"dismiss and notify","webauthn:extension:credBlob":true,"webauthn:extension:largeBlob":true,"webauthn:extension:minPinLength":true,"webauthn:extension:prf":true,"webauthn:virtualAuthenticators":true},"sessionId":"054131ab03495f0a19151d75ad0fd317"}}

17:44:44.744 [main] DEBUG c.i.k.d.chromedriver_1710591283472 - init session id: 054131ab03495f0a19151d75ad0fd317
17:44:44.896 [main] DEBUG com.intuit.karate - request:
2 > POST http://localhost:9515/session/054131ab03495f0a19151d75ad0fd317/url
2 > Content-Type: application/json; charset=UTF-8
2 > Content-Length: 39
2 > Host: localhost:9515
2 > Connection: Keep-Alive
2 > User-Agent: Apache-HttpClient/4.5.14 (Java/17.0.6)
2 > Accept-Encoding: gzip,deflate
{"url":"https:\/\/www.saucedemo.com\/"}

17:44:45.483 [main] DEBUG com.intuit.karate - response time in milliseconds: 586
2 < 200
2 < Content-Length: 14
2 < Content-Type: application/json; charset=utf-8
2 < cache-control: no-cache
{"value":null}

17:44:45.490 [main] DEBUG com.intuit.karate - request:
3 > DELETE http://localhost:9515/session/054131ab03495f0a19151d75ad0fd317/window
3 > Host: localhost:9515
3 > Connection: Keep-Alive
3 > User-Agent: Apache-HttpClient/4.5.14 (Java/17.0.6)
3 > Accept-Encoding: gzip,deflate


17:44:45.640 [main] DEBUG com.intuit.karate - response time in milliseconds: 149
3 < 200
3 < Content-Length: 12
3 < Content-Type: application/json; charset=utf-8
3 < cache-control: no-cache
{"value":[]}

17:44:45.643 [main] DEBUG com.intuit.karate - request:
4 > DELETE http://localhost:9515/session/054131ab03495f0a19151d75ad0fd317
4 > Host: localhost:9515
4 > Connection: Keep-Alive
4 > User-Agent: Apache-HttpClient/4.5.14 (Java/17.0.6)
4 > Accept-Encoding: gzip,deflate


17:44:45.685 [main] DEBUG com.intuit.karate - response time in milliseconds: 42
4 < 200
4 < Content-Length: 14
4 < Content-Type: application/json; charset=utf-8
4 < cache-control: no-cache
{"value":null}

17:44:45.686 [main] DEBUG com.intuit.karate.shell.Command - closing command: chromedriver_1710591283472
17:44:45.716 [chromedriver_1710591283472] WARN  com.intuit.karate.shell.Command - exit code was non-zero: 1 - [C:/Youtube/BrowserDrivers/chromedriver-win64/chromedriver.exe, --port=9515, --user-data-dir=C:\Users\akhil\eclipse-workspace\KarateUIAutomation\target\chromedriver_1710591283472] working dir: target\chromedriver_1710591283472
17:44:46.170 [main] INFO  com.intuit.karate.Suite - <<pass>> feature 1 of 1 (0 remaining) src/test/java/com/tests/RunUIAutomationScriptInChrome.feature
17:45:05.030 [main] INFO  com.intuit.karate.Suite - backed up existing 'target\karate-reports' dir to: target\karate-reports_1710591305024
17:45:05.910 [main] DEBUG com.intuit.karate.shell.Command - found / verified free local port: 9222
17:45:05.914 [msedge_1710591305901] DEBUG c.i.k.driver.msedge_1710591305901 - command: [C:\Program Files (x86)\Microsoft\Edge\Application\msedge.exe, --remote-debugging-port=9222, --no-first-run, --user-data-dir=C:\Users\akhil\eclipse-workspace\KarateUIAutomation\target\msedge_1710591305901, --disable-popup-blocking], working dir: target\msedge_1710591305901
17:45:05.921 [main] DEBUG c.i.k.driver.msedge_1710591305901 - poll attempt #0 for port to be ready - localhost:9222
17:45:06.183 [main] DEBUG c.i.k.driver.msedge_1710591305901 - poll attempt #1 for port to be ready - localhost:9222
17:45:06.449 [main] DEBUG c.i.k.driver.msedge_1710591305901 - poll attempt #2 for port to be ready - localhost:9222
17:45:06.607 [msedge_1710591305901-out] DEBUG c.i.k.driver.msedge_1710591305901 - [536:16864:0316/174506.607:ERROR:policy_logger.cc(157)] :components\enterprise\browser\controller\chrome_browser_cloud_management_controller.cc(161) Cloud management controller initialization aborted as CBCM is not enabled. Please use the `--enable-chrome-browser-cloud-management` command line flag to enable it if you are not using the official Google Chrome build.
17:45:06.680 [msedge_1710591305901-out] DEBUG c.i.k.driver.msedge_1710591305901 - 
17:45:06.681 [msedge_1710591305901-out] DEBUG c.i.k.driver.msedge_1710591305901 - DevTools listening on ws://127.0.0.1:9222/devtools/browser/09aa41a9-3095-4b28-bb57-79695f01bbe3
17:45:06.751 [main] DEBUG c.i.k.driver.msedge_1710591305901 - poll attempt #3 for port to be ready - localhost:9222
17:45:07.649 [main] DEBUG com.intuit.karate - request:
1 > GET http://localhost:9222
1 > Host: localhost:9222
1 > Connection: Keep-Alive
1 > User-Agent: Apache-HttpClient/4.5.14 (Java/17.0.6)
1 > Accept-Encoding: gzip,deflate


17:45:07.695 [main] DEBUG com.intuit.karate - response time in milliseconds: 40
1 < 200
1 < X-Frame-Options: DENY
1 < Content-Length: 0
1 < Content-Type: text/html; charset=UTF-8


17:45:07.709 [main] DEBUG com.intuit.karate.shell.Command - ready to accept http connections after 936 ms - http://localhost:9222
17:45:07.716 [main] DEBUG com.intuit.karate - request:
1 > GET http://localhost:9222/json
1 > Host: localhost:9222
1 > Connection: Keep-Alive
1 > User-Agent: Apache-HttpClient/4.5.14 (Java/17.0.6)
1 > Accept-Encoding: gzip,deflate


17:45:07.719 [main] DEBUG com.intuit.karate - response time in milliseconds: 2
1 < 200
1 < Content-Security-Policy: frame-ancestors 'none'
1 < Content-Length: 2648
1 < Content-Type: application/json; charset=UTF-8
[ {
   "description": "",
   "devtoolsFrontendUrl": "/devtools/inspector.html?ws=localhost:9222/devtools/page/BFB92DA67E795F260AD94965552EB00C",
   "id": "BFB92DA67E795F260AD94965552EB00C",
   "title": "Microsoft Voices",
   "type": "background_page",
   "url": "chrome-extension://jdiccldimpdaibmpdkjnbmckianbfold/_generated_background_page.html",
   "webSocketDebuggerUrl": "ws://localhost:9222/devtools/page/BFB92DA67E795F260AD94965552EB00C"
}, {
   "description": "",
   "devtoolsFrontendUrl": "/devtools/inspector.html?ws=localhost:9222/devtools/page/3FFAB516144D003A6935DE025B7F8B5F",
   "id": "3FFAB516144D003A6935DE025B7F8B5F",
   "title": "WebRTC Internals Extension",
   "type": "background_page",
   "url": "chrome-extension://ncbjelpjchkpbikbpkcchkhkblodoama/_generated_background_page.html",
   "webSocketDebuggerUrl": "ws://localhost:9222/devtools/page/3FFAB516144D003A6935DE025B7F8B5F"
}, {
   "description": "",
   "devtoolsFrontendUrl": "/devtools/inspector.html?ws=localhost:9222/devtools/page/E950F1B0568193D56FEE451F5F34E660",
   "id": "E950F1B0568193D56FEE451F5F34E660",
   "title": "Media Internals Services Extension",
   "type": "background_page",
   "url": "chrome-extension://fikbjbembnmfhppjfnmfkahdhfohhjmg/_generated_background_page.html",
   "webSocketDebuggerUrl": "ws://localhost:9222/devtools/page/E950F1B0568193D56FEE451F5F34E660"
}, {
   "description": "",
   "devtoolsFrontendUrl": "/devtools/inspector.html?ws=localhost:9222/devtools/page/375B35E9237995CBF38425FF9B3C9CA2",
   "id": "375B35E9237995CBF38425FF9B3C9CA2",
   "title": "Edge Feedback",
   "type": "background_page",
   "url": "chrome-extension://ihmafllikibpmigkcoadcmckbfhibefp/_generated_background_page.html",
   "webSocketDebuggerUrl": "ws://localhost:9222/devtools/page/375B35E9237995CBF38425FF9B3C9CA2"
}, {
   "description": "",
   "devtoolsFrontendUrl": "/devtools/inspector.html?ws=localhost:9222/devtools/page/07B3FF7D95F9ABD4077D810E0D8791E9",
   "id": "07B3FF7D95F9ABD4077D810E0D8791E9",
   "title": "WebRTC Extension",
   "type": "background_page",
   "url": "chrome-extension://nkeimhogjdpnpccoofpliimaahmaaome/background.html",
   "webSocketDebuggerUrl": "ws://localhost:9222/devtools/page/07B3FF7D95F9ABD4077D810E0D8791E9"
}, {
   "description": "",
   "devtoolsFrontendUrl": "/devtools/inspector.html?ws=localhost:9222/devtools/page/BD2FD6A019C2059DEE0A0578075B4FE0",
   "id": "BD2FD6A019C2059DEE0A0578075B4FE0",
   "title": "New tab",
   "type": "page",
   "url": "edge://newtab/",
   "webSocketDebuggerUrl": "ws://localhost:9222/devtools/page/BD2FD6A019C2059DEE0A0578075B4FE0"
} ]


17:45:07.734 [main] DEBUG c.i.k.driver.msedge_1710591305901 - root frame id: BD2FD6A019C2059DEE0A0578075B4FE0
17:45:07.925 [msedge_1710591305901-out] DEBUG c.i.k.driver.msedge_1710591305901 - [536:16864:0316/174507.925:ERROR:fallback_task_provider.cc(126)] Every renderer should have at least one task provided by a primary task provider. If a "Renderer" fallback task is shown, it is a bug. If you have repro steps, please file a new bug and tag it as a dependency of crbug.com/739782.
17:45:08.181 [msedge_1710591305901-out] DEBUG c.i.k.driver.msedge_1710591305901 - [536:16864:0316/174508.181:ERROR:devtools_http_handler.cc(771)] Rejected an incoming WebSocket connection from the http://localhost:9222 origin. Use the command line flag --remote-allow-origins=http://localhost:9222 to allow connections from this origin or --remote-allow-origins=* to allow all origins.
17:45:08.199 [nioEventLoopGroup-2-1] DEBUG c.i.k.http.WebSocketClientHandler - websocket client connect failed: Invalid handshake response getStatus: 403 Forbidden
17:45:08.199 [main] ERROR c.i.k.driver.msedge_1710591305901 - websocket client init failed: Invalid handshake response getStatus: 403 Forbidden
17:45:08.199 [main] ERROR com.intuit.karate - driver config / start failed: io.netty.handler.codec.http.websocketx.WebSocketClientHandshakeException: Invalid handshake response getStatus: 403 Forbidden, options: {type=msedge, target=null}
java.lang.RuntimeException: io.netty.handler.codec.http.websocketx.WebSocketClientHandshakeException: Invalid handshake response getStatus: 403 Forbidden
	at com.intuit.karate.http.WebSocketClient.<init>(WebSocketClient.java:157)
	at com.intuit.karate.driver.DevToolsDriver.<init>(DevToolsDriver.java:127)
	at com.intuit.karate.driver.microsoft.EdgeChromium.<init>(EdgeChromium.java:59)
	at com.intuit.karate.driver.microsoft.EdgeChromium.start(EdgeChromium.java:109)
	at com.intuit.karate.driver.DriverOptions.start(DriverOptions.java:316)
	at com.intuit.karate.core.ScenarioEngine.driver(ScenarioEngine.java:969)
	at com.intuit.karate.ScenarioActions.driver(ScenarioActions.java:410)
	at java.base/jdk.internal.reflect.NativeMethodAccessorImpl.invoke0(Native Method)
	at java.base/jdk.internal.reflect.NativeMethodAccessorImpl.invoke(NativeMethodAccessorImpl.java:77)
	at java.base/jdk.internal.reflect.DelegatingMethodAccessorImpl.invoke(DelegatingMethodAccessorImpl.java:43)
	at java.base/java.lang.reflect.Method.invoke(Method.java:568)
	at com.intuit.karate.core.StepRuntime.execute(StepRuntime.java:286)
	at com.intuit.karate.core.ScenarioRuntime.execute(ScenarioRuntime.java:448)
	at com.intuit.karate.core.ScenarioRuntime.run(ScenarioRuntime.java:399)
	at com.intuit.karate.core.FeatureRuntime.processScenario(FeatureRuntime.java:193)
	at java.base/java.util.stream.ReferencePipeline$2$1.accept(ReferencePipeline.java:179)
	at com.intuit.karate.core.ScenarioIterator.tryAdvance(ScenarioIterator.java:162)
	at java.base/java.util.Spliterator.forEachRemaining(Spliterator.java:332)
	at java.base/java.util.stream.AbstractPipeline.copyInto(AbstractPipeline.java:509)
	at java.base/java.util.stream.AbstractPipeline.wrapAndCopyInto(AbstractPipeline.java:499)
	at java.base/java.util.stream.StreamSpliterators$WrappingSpliterator.forEachRemaining(StreamSpliterators.java:310)
	at java.base/java.util.Spliterators$1Adapter.forEachRemaining(Spliterators.java:706)
	at com.intuit.karate.core.FeatureRuntime.run(FeatureRuntime.java:182)
	at java.base/java.util.concurrent.Executors$RunnableAdapter.call(Executors.java:539)
	at java.base/java.util.concurrent.FutureTask.run(FutureTask.java:264)
	at com.intuit.karate.core.SyncExecutorService.execute(SyncExecutorService.java:70)
	at java.base/java.util.concurrent.AbstractExecutorService.submit(AbstractExecutorService.java:123)
	at com.intuit.karate.Suite.run(Suite.java:239)
	at com.intuit.karate.Runner$Builder.parallel(Runner.java:484)
	at com.intuit.karate.cli.IdeMain.main(IdeMain.java:60)
	at cucumber.api.cli.Main.main(Main.java:5)
Caused by: io.netty.handler.codec.http.websocketx.WebSocketClientHandshakeException: Invalid handshake response getStatus: 403 Forbidden
	at io.netty.handler.codec.http.websocketx.WebSocketClientHandshaker13.verify(WebSocketClientHandshaker13.java:312)
	at io.netty.handler.codec.http.websocketx.WebSocketClientHandshaker.finishHandshake(WebSocketClientHandshaker.java:364)
	at com.intuit.karate.http.WebSocketClientHandler.channelRead0(WebSocketClientHandler.java:85)
	at io.netty.channel.SimpleChannelInboundHandler.channelRead(SimpleChannelInboundHandler.java:99)
	at io.netty.channel.AbstractChannelHandlerContext.invokeChannelRead(AbstractChannelHandlerContext.java:444)
	at io.netty.channel.AbstractChannelHandlerContext.invokeChannelRead(AbstractChannelHandlerContext.java:420)
	at io.netty.channel.AbstractChannelHandlerContext.fireChannelRead(AbstractChannelHandlerContext.java:412)
	at io.netty.channel.ChannelInboundHandlerAdapter.channelRead(ChannelInboundHandlerAdapter.java:93)
	at io.netty.handler.codec.http.websocketx.extensions.WebSocketClientExtensionHandler.channelRead(WebSocketClientExtensionHandler.java:125)
	at io.netty.channel.AbstractChannelHandlerContext.invokeChannelRead(AbstractChannelHandlerContext.java:442)
	at io.netty.channel.AbstractChannelHandlerContext.invokeChannelRead(AbstractChannelHandlerContext.java:420)
	at io.netty.channel.AbstractChannelHandlerContext.fireChannelRead(AbstractChannelHandlerContext.java:412)
	at io.netty.handler.codec.MessageToMessageDecoder.channelRead(MessageToMessageDecoder.java:103)
	at io.netty.channel.AbstractChannelHandlerContext.invokeChannelRead(AbstractChannelHandlerContext.java:444)
	at io.netty.channel.AbstractChannelHandlerContext.invokeChannelRead(AbstractChannelHandlerContext.java:420)
	at io.netty.channel.AbstractChannelHandlerContext.fireChannelRead(AbstractChannelHandlerContext.java:412)
	at io.netty.channel.CombinedChannelDuplexHandler$DelegatingChannelHandlerContext.fireChannelRead(CombinedChannelDuplexHandler.java:436)
	at io.netty.handler.codec.ByteToMessageDecoder.fireChannelRead(ByteToMessageDecoder.java:346)
	at io.netty.handler.codec.ByteToMessageDecoder.channelRead(ByteToMessageDecoder.java:318)
	at io.netty.channel.CombinedChannelDuplexHandler.channelRead(CombinedChannelDuplexHandler.java:251)
	at io.netty.channel.AbstractChannelHandlerContext.invokeChannelRead(AbstractChannelHandlerContext.java:442)
	at io.netty.channel.AbstractChannelHandlerContext.invokeChannelRead(AbstractChannelHandlerContext.java:420)
	at io.netty.channel.AbstractChannelHandlerContext.fireChannelRead(AbstractChannelHandlerContext.java:412)
	at io.netty.channel.DefaultChannelPipeline$HeadContext.channelRead(DefaultChannelPipeline.java:1410)
	at io.netty.channel.AbstractChannelHandlerContext.invokeChannelRead(AbstractChannelHandlerContext.java:440)
	at io.netty.channel.AbstractChannelHandlerContext.invokeChannelRead(AbstractChannelHandlerContext.java:420)
	at io.netty.channel.DefaultChannelPipeline.fireChannelRead(DefaultChannelPipeline.java:919)
	at io.netty.channel.nio.AbstractNioByteChannel$NioByteUnsafe.read(AbstractNioByteChannel.java:166)
	at io.netty.channel.nio.NioEventLoop.processSelectedKey(NioEventLoop.java:788)
	at io.netty.channel.nio.NioEventLoop.processSelectedKeysOptimized(NioEventLoop.java:724)
	at io.netty.channel.nio.NioEventLoop.processSelectedKeys(NioEventLoop.java:650)
	at io.netty.channel.nio.NioEventLoop.run(NioEventLoop.java:562)
	at io.netty.util.concurrent.SingleThreadEventExecutor$4.run(SingleThreadEventExecutor.java:997)
	at io.netty.util.internal.ThreadExecutorMap$2.run(ThreadExecutorMap.java:74)
	at io.netty.util.concurrent.FastThreadLocalRunnable.run(FastThreadLocalRunnable.java:30)
	at java.base/java.lang.Thread.run(Thread.java:833)
17:45:08.203 [main] ERROR com.intuit.karate - src/test/java/com/tests/RunUIAutomationScriptInChrome.feature:7
Given driver 'https://www.saucedemo.com/'
driver config / start failed: io.netty.handler.codec.http.websocketx.WebSocketClientHandshakeException: Invalid handshake response getStatus: 403 Forbidden, options: {type=msedge, target=null}
src/test/java/com/tests/RunUIAutomationScriptInChrome.feature:7
17:45:09.270 [main] INFO  com.intuit.karate.Suite - <<fail>> feature 1 of 1 (0 remaining) src/test/java/com/tests/RunUIAutomationScriptInChrome.feature
17:45:09.717 [msedge_1710591305901-out] DEBUG c.i.k.driver.msedge_1710591305901 - [536:16864:0316/174509.717:ERROR:chrome_web_ui_controller_factory.cc(1686)] Requested load of chrome://newtab/ for incorrect profile type.
17:45:09.772 [msedge_1710591305901-out] DEBUG c.i.k.driver.msedge_1710591305901 - [536:16864:0316/174509.772:ERROR:fallback_task_provider.cc(126)] Every renderer should have at least one task provided by a primary task provider. If a "Renderer" fallback task is shown, it is a bug. If you have repro steps, please file a new bug and tag it as a dependency of crbug.com/739782.
17:45:10.824 [msedge_1710591305901-out] DEBUG c.i.k.driver.msedge_1710591305901 - [536:16864:0316/174510.824:ERROR:chrome_web_ui_controller_factory.cc(1686)] Requested load of chrome://newtab/ for incorrect profile type.
17:45:27.783 [nioEventLoopGroup-2-1] DEBUG c.i.k.http.WebSocketClientHandler - websocket client disconnected
17:45:27.785 [msedge_1710591305901-out] DEBUG c.i.k.driver.msedge_1710591305901 - [536:8508:0316/174527.785:ERROR:get_updates_processor.cc(315)] PostClientToServerMessage() failed during GetUpdates with error 103
17:45:29.030 [msedge_1710591305901] DEBUG com.intuit.karate.shell.Command - command complete, exit code: 0 - [C:\Program Files (x86)\Microsoft\Edge\Application\msedge.exe, --remote-debugging-port=9222, --no-first-run, --user-data-dir=C:\Users\akhil\eclipse-workspace\KarateUIAutomation\target\msedge_1710591305901, --disable-popup-blocking]
17:45:32.131 [main] WARN  com.intuit.karate.Suite - failed to backup existing dir: target\karate-reports
17:45:33.159 [main] DEBUG com.intuit.karate.shell.Command - found / verified free local port: 9222
17:45:33.163 [msedge_1710591333150] DEBUG c.i.k.driver.msedge_1710591333150 - command: [C:\Program Files (x86)\Microsoft\Edge\Application\msedge.exe, --remote-debugging-port=9222, --no-first-run, --user-data-dir=C:\Users\akhil\eclipse-workspace\KarateUIAutomation\target\msedge_1710591333150, --disable-popup-blocking], working dir: target\msedge_1710591333150
17:45:33.170 [main] DEBUG c.i.k.driver.msedge_1710591333150 - poll attempt #0 for port to be ready - localhost:9222
17:45:33.435 [main] DEBUG c.i.k.driver.msedge_1710591333150 - poll attempt #1 for port to be ready - localhost:9222
17:45:33.700 [main] DEBUG c.i.k.driver.msedge_1710591333150 - poll attempt #2 for port to be ready - localhost:9222
17:45:33.963 [main] DEBUG c.i.k.driver.msedge_1710591333150 - poll attempt #3 for port to be ready - localhost:9222
17:45:34.226 [main] DEBUG c.i.k.driver.msedge_1710591333150 - poll attempt #4 for port to be ready - localhost:9222
17:45:34.278 [msedge_1710591333150-out] DEBUG c.i.k.driver.msedge_1710591333150 - [14912:13228:0316/174534.278:ERROR:policy_logger.cc(157)] :components\enterprise\browser\controller\chrome_browser_cloud_management_controller.cc(161) Cloud management controller initialization aborted as CBCM is not enabled. Please use the `--enable-chrome-browser-cloud-management` command line flag to enable it if you are not using the official Google Chrome build.
17:45:34.378 [msedge_1710591333150-out] DEBUG c.i.k.driver.msedge_1710591333150 - 
17:45:34.378 [msedge_1710591333150-out] DEBUG c.i.k.driver.msedge_1710591333150 - DevTools listening on ws://127.0.0.1:9222/devtools/browser/b9a77b02-17ea-4b8a-a12b-db0bf8167e10
17:45:34.540 [main] DEBUG c.i.k.driver.msedge_1710591333150 - poll attempt #5 for port to be ready - localhost:9222
17:45:35.439 [msedge_1710591333150-out] DEBUG c.i.k.driver.msedge_1710591333150 - [14912:13228:0316/174535.437:ERROR:fallback_task_provider.cc(126)] Every renderer should have at least one task provided by a primary task provider. If a "Renderer" fallback task is shown, it is a bug. If you have repro steps, please file a new bug and tag it as a dependency of crbug.com/739782.
17:45:35.630 [msedge_1710591333150-out] DEBUG c.i.k.driver.msedge_1710591333150 - [14912:13228:0316/174535.630:ERROR:chrome_web_ui_controller_factory.cc(1686)] Requested load of chrome://newtab/ for incorrect profile type.
17:45:36.021 [main] DEBUG com.intuit.karate - request:
1 > GET http://localhost:9222
1 > Host: localhost:9222
1 > Connection: Keep-Alive
1 > User-Agent: Apache-HttpClient/4.5.14 (Java/17.0.6)
1 > Accept-Encoding: gzip,deflate


17:45:36.084 [msedge_1710591333150-out] DEBUG c.i.k.driver.msedge_1710591333150 - [14912:13228:0316/174536.083:ERROR:fallback_task_provider.cc(126)] Every renderer should have at least one task provided by a primary task provider. If a "Renderer" fallback task is shown, it is a bug. If you have repro steps, please file a new bug and tag it as a dependency of crbug.com/739782.
17:45:36.155 [main] DEBUG com.intuit.karate - response time in milliseconds: 81
1 < 200
1 < X-Frame-Options: DENY
1 < Content-Length: 0
1 < Content-Type: text/html; charset=UTF-8


17:45:36.217 [main] DEBUG com.intuit.karate.shell.Command - ready to accept http connections after 1619 ms - http://localhost:9222
17:45:36.226 [main] DEBUG com.intuit.karate - request:
1 > GET http://localhost:9222/json
1 > Host: localhost:9222
1 > Connection: Keep-Alive
1 > User-Agent: Apache-HttpClient/4.5.14 (Java/17.0.6)
1 > Accept-Encoding: gzip,deflate


17:45:36.230 [main] DEBUG com.intuit.karate - response time in milliseconds: 2
1 < 200
1 < Content-Security-Policy: frame-ancestors 'none'
1 < Content-Length: 3115
1 < Content-Type: application/json; charset=UTF-8
[ {
   "description": "",
   "devtoolsFrontendUrl": "/devtools/inspector.html?ws=localhost:9222/devtools/page/7A875466DFED0E30C41B36BA14CBF2F4",
   "id": "7A875466DFED0E30C41B36BA14CBF2F4",
   "title": "Sync your profile",
   "type": "page",
   "url": "edge://sync-confirmation/",
   "webSocketDebuggerUrl": "ws://localhost:9222/devtools/page/7A875466DFED0E30C41B36BA14CBF2F4"
}, {
   "description": "",
   "devtoolsFrontendUrl": "/devtools/inspector.html?ws=localhost:9222/devtools/page/15E6AA1BE28DCFC4B94ED5AEEC176CD6",
   "id": "15E6AA1BE28DCFC4B94ED5AEEC176CD6",
   "title": "Microsoft Voices",
   "type": "background_page",
   "url": "chrome-extension://jdiccldimpdaibmpdkjnbmckianbfold/_generated_background_page.html",
   "webSocketDebuggerUrl": "ws://localhost:9222/devtools/page/15E6AA1BE28DCFC4B94ED5AEEC176CD6"
}, {
   "description": "",
   "devtoolsFrontendUrl": "/devtools/inspector.html?ws=localhost:9222/devtools/page/0341D1380F9EA8E0355BBE0D0D783613",
   "id": "0341D1380F9EA8E0355BBE0D0D783613",
   "title": "WebRTC Internals Extension",
   "type": "background_page",
   "url": "chrome-extension://ncbjelpjchkpbikbpkcchkhkblodoama/_generated_background_page.html",
   "webSocketDebuggerUrl": "ws://localhost:9222/devtools/page/0341D1380F9EA8E0355BBE0D0D783613"
}, {
   "description": "",
   "devtoolsFrontendUrl": "/devtools/inspector.html?ws=localhost:9222/devtools/page/3A9B5CB35A9423765B8134EA568F203B",
   "id": "3A9B5CB35A9423765B8134EA568F203B",
   "title": "Media Internals Services Extension",
   "type": "background_page",
   "url": "chrome-extension://fikbjbembnmfhppjfnmfkahdhfohhjmg/_generated_background_page.html",
   "webSocketDebuggerUrl": "ws://localhost:9222/devtools/page/3A9B5CB35A9423765B8134EA568F203B"
}, {
   "description": "",
   "devtoolsFrontendUrl": "/devtools/inspector.html?ws=localhost:9222/devtools/page/2BAE2F4D32706B95AD0D72D3FAE9643E",
   "id": "2BAE2F4D32706B95AD0D72D3FAE9643E",
   "title": "Edge Feedback",
   "type": "background_page",
   "url": "chrome-extension://ihmafllikibpmigkcoadcmckbfhibefp/_generated_background_page.html",
   "webSocketDebuggerUrl": "ws://localhost:9222/devtools/page/2BAE2F4D32706B95AD0D72D3FAE9643E"
}, {
   "description": "",
   "devtoolsFrontendUrl": "/devtools/inspector.html?ws=localhost:9222/devtools/page/F62EFCF5CF5D8241E232946AD69B41EC",
   "id": "F62EFCF5CF5D8241E232946AD69B41EC",
   "title": "WebRTC Extension",
   "type": "background_page",
   "url": "chrome-extension://nkeimhogjdpnpccoofpliimaahmaaome/background.html",
   "webSocketDebuggerUrl": "ws://localhost:9222/devtools/page/F62EFCF5CF5D8241E232946AD69B41EC"
}, {
   "description": "",
   "devtoolsFrontendUrl": "/devtools/inspector.html?ws=localhost:9222/devtools/page/81419A19A43963C50296330EFF774F28",
   "faviconUrl": "https://assets.msn.com/statics/icons/favicon_newtabpage.png",
   "id": "81419A19A43963C50296330EFF774F28",
   "title": "New tab",
   "type": "page",
   "url": "edge://newtab/",
   "webSocketDebuggerUrl": "ws://localhost:9222/devtools/page/81419A19A43963C50296330EFF774F28"
} ]


17:45:36.300 [main] DEBUG c.i.k.driver.msedge_1710591333150 - root frame id: 7A875466DFED0E30C41B36BA14CBF2F4
17:45:36.785 [msedge_1710591333150-out] DEBUG c.i.k.driver.msedge_1710591333150 - [14912:13228:0316/174536.785:ERROR:devtools_http_handler.cc(771)] Rejected an incoming WebSocket connection from the http://localhost:9222 origin. Use the command line flag --remote-allow-origins=http://localhost:9222 to allow connections from this origin or --remote-allow-origins=* to allow all origins.
17:45:36.797 [nioEventLoopGroup-2-1] DEBUG c.i.k.http.WebSocketClientHandler - websocket client connect failed: Invalid handshake response getStatus: 403 Forbidden
17:45:36.797 [main] ERROR c.i.k.driver.msedge_1710591333150 - websocket client init failed: Invalid handshake response getStatus: 403 Forbidden
17:45:36.799 [main] ERROR com.intuit.karate - driver config / start failed: io.netty.handler.codec.http.websocketx.WebSocketClientHandshakeException: Invalid handshake response getStatus: 403 Forbidden, options: {type=msedge, target=null}
java.lang.RuntimeException: io.netty.handler.codec.http.websocketx.WebSocketClientHandshakeException: Invalid handshake response getStatus: 403 Forbidden
	at com.intuit.karate.http.WebSocketClient.<init>(WebSocketClient.java:157)
	at com.intuit.karate.driver.DevToolsDriver.<init>(DevToolsDriver.java:127)
	at com.intuit.karate.driver.microsoft.EdgeChromium.<init>(EdgeChromium.java:59)
	at com.intuit.karate.driver.microsoft.EdgeChromium.start(EdgeChromium.java:109)
	at com.intuit.karate.driver.DriverOptions.start(DriverOptions.java:316)
	at com.intuit.karate.core.ScenarioEngine.driver(ScenarioEngine.java:969)
	at com.intuit.karate.ScenarioActions.driver(ScenarioActions.java:410)
	at java.base/jdk.internal.reflect.NativeMethodAccessorImpl.invoke0(Native Method)
	at java.base/jdk.internal.reflect.NativeMethodAccessorImpl.invoke(NativeMethodAccessorImpl.java:77)
	at java.base/jdk.internal.reflect.DelegatingMethodAccessorImpl.invoke(DelegatingMethodAccessorImpl.java:43)
	at java.base/java.lang.reflect.Method.invoke(Method.java:568)
	at com.intuit.karate.core.StepRuntime.execute(StepRuntime.java:286)
	at com.intuit.karate.core.ScenarioRuntime.execute(ScenarioRuntime.java:448)
	at com.intuit.karate.core.ScenarioRuntime.run(ScenarioRuntime.java:399)
	at com.intuit.karate.core.FeatureRuntime.processScenario(FeatureRuntime.java:193)
	at java.base/java.util.stream.ReferencePipeline$2$1.accept(ReferencePipeline.java:179)
	at com.intuit.karate.core.ScenarioIterator.tryAdvance(ScenarioIterator.java:162)
	at java.base/java.util.Spliterator.forEachRemaining(Spliterator.java:332)
	at java.base/java.util.stream.AbstractPipeline.copyInto(AbstractPipeline.java:509)
	at java.base/java.util.stream.AbstractPipeline.wrapAndCopyInto(AbstractPipeline.java:499)
	at java.base/java.util.stream.StreamSpliterators$WrappingSpliterator.forEachRemaining(StreamSpliterators.java:310)
	at java.base/java.util.Spliterators$1Adapter.forEachRemaining(Spliterators.java:706)
	at com.intuit.karate.core.FeatureRuntime.run(FeatureRuntime.java:182)
	at java.base/java.util.concurrent.Executors$RunnableAdapter.call(Executors.java:539)
	at java.base/java.util.concurrent.FutureTask.run(FutureTask.java:264)
	at com.intuit.karate.core.SyncExecutorService.execute(SyncExecutorService.java:70)
	at java.base/java.util.concurrent.AbstractExecutorService.submit(AbstractExecutorService.java:123)
	at com.intuit.karate.Suite.run(Suite.java:239)
	at com.intuit.karate.Runner$Builder.parallel(Runner.java:484)
	at com.intuit.karate.cli.IdeMain.main(IdeMain.java:60)
	at cucumber.api.cli.Main.main(Main.java:5)
Caused by: io.netty.handler.codec.http.websocketx.WebSocketClientHandshakeException: Invalid handshake response getStatus: 403 Forbidden
	at io.netty.handler.codec.http.websocketx.WebSocketClientHandshaker13.verify(WebSocketClientHandshaker13.java:312)
	at io.netty.handler.codec.http.websocketx.WebSocketClientHandshaker.finishHandshake(WebSocketClientHandshaker.java:364)
	at com.intuit.karate.http.WebSocketClientHandler.channelRead0(WebSocketClientHandler.java:85)
	at io.netty.channel.SimpleChannelInboundHandler.channelRead(SimpleChannelInboundHandler.java:99)
	at io.netty.channel.AbstractChannelHandlerContext.invokeChannelRead(AbstractChannelHandlerContext.java:444)
	at io.netty.channel.AbstractChannelHandlerContext.invokeChannelRead(AbstractChannelHandlerContext.java:420)
	at io.netty.channel.AbstractChannelHandlerContext.fireChannelRead(AbstractChannelHandlerContext.java:412)
	at io.netty.channel.ChannelInboundHandlerAdapter.channelRead(ChannelInboundHandlerAdapter.java:93)
	at io.netty.handler.codec.http.websocketx.extensions.WebSocketClientExtensionHandler.channelRead(WebSocketClientExtensionHandler.java:125)
	at io.netty.channel.AbstractChannelHandlerContext.invokeChannelRead(AbstractChannelHandlerContext.java:442)
	at io.netty.channel.AbstractChannelHandlerContext.invokeChannelRead(AbstractChannelHandlerContext.java:420)
	at io.netty.channel.AbstractChannelHandlerContext.fireChannelRead(AbstractChannelHandlerContext.java:412)
	at io.netty.handler.codec.MessageToMessageDecoder.channelRead(MessageToMessageDecoder.java:103)
	at io.netty.channel.AbstractChannelHandlerContext.invokeChannelRead(AbstractChannelHandlerContext.java:444)
	at io.netty.channel.AbstractChannelHandlerContext.invokeChannelRead(AbstractChannelHandlerContext.java:420)
	at io.netty.channel.AbstractChannelHandlerContext.fireChannelRead(AbstractChannelHandlerContext.java:412)
	at io.netty.channel.CombinedChannelDuplexHandler$DelegatingChannelHandlerContext.fireChannelRead(CombinedChannelDuplexHandler.java:436)
	at io.netty.handler.codec.ByteToMessageDecoder.fireChannelRead(ByteToMessageDecoder.java:346)
	at io.netty.handler.codec.ByteToMessageDecoder.channelRead(ByteToMessageDecoder.java:318)
	at io.netty.channel.CombinedChannelDuplexHandler.channelRead(CombinedChannelDuplexHandler.java:251)
	at io.netty.channel.AbstractChannelHandlerContext.invokeChannelRead(AbstractChannelHandlerContext.java:442)
	at io.netty.channel.AbstractChannelHandlerContext.invokeChannelRead(AbstractChannelHandlerContext.java:420)
	at io.netty.channel.AbstractChannelHandlerContext.fireChannelRead(AbstractChannelHandlerContext.java:412)
	at io.netty.channel.DefaultChannelPipeline$HeadContext.channelRead(DefaultChannelPipeline.java:1410)
	at io.netty.channel.AbstractChannelHandlerContext.invokeChannelRead(AbstractChannelHandlerContext.java:440)
	at io.netty.channel.AbstractChannelHandlerContext.invokeChannelRead(AbstractChannelHandlerContext.java:420)
	at io.netty.channel.DefaultChannelPipeline.fireChannelRead(DefaultChannelPipeline.java:919)
	at io.netty.channel.nio.AbstractNioByteChannel$NioByteUnsafe.read(AbstractNioByteChannel.java:166)
	at io.netty.channel.nio.NioEventLoop.processSelectedKey(NioEventLoop.java:788)
	at io.netty.channel.nio.NioEventLoop.processSelectedKeysOptimized(NioEventLoop.java:724)
	at io.netty.channel.nio.NioEventLoop.processSelectedKeys(NioEventLoop.java:650)
	at io.netty.channel.nio.NioEventLoop.run(NioEventLoop.java:562)
	at io.netty.util.concurrent.SingleThreadEventExecutor$4.run(SingleThreadEventExecutor.java:997)
	at io.netty.util.internal.ThreadExecutorMap$2.run(ThreadExecutorMap.java:74)
	at io.netty.util.concurrent.FastThreadLocalRunnable.run(FastThreadLocalRunnable.java:30)
	at java.base/java.lang.Thread.run(Thread.java:833)
17:45:36.810 [main] ERROR com.intuit.karate - src/test/java/com/tests/RunUIAutomationScriptInChrome.feature:7
Given driver 'https://www.saucedemo.com/'
driver config / start failed: io.netty.handler.codec.http.websocketx.WebSocketClientHandshakeException: Invalid handshake response getStatus: 403 Forbidden, options: {type=msedge, target=null}
src/test/java/com/tests/RunUIAutomationScriptInChrome.feature:7
17:45:37.208 [msedge_1710591333150-out] DEBUG c.i.k.driver.msedge_1710591333150 - [14912:13228:0316/174537.208:ERROR:chrome_web_ui_controller_factory.cc(1686)] Requested load of chrome://newtab/ for incorrect profile type.
17:45:38.244 [main] INFO  com.intuit.karate.Suite - <<fail>> feature 1 of 1 (0 remaining) src/test/java/com/tests/RunUIAutomationScriptInChrome.feature
17:45:51.195 [nioEventLoopGroup-2-1] DEBUG c.i.k.http.WebSocketClientHandler - websocket client disconnected
17:45:52.448 [msedge_1710591333150] DEBUG com.intuit.karate.shell.Command - command complete, exit code: 0 - [C:\Program Files (x86)\Microsoft\Edge\Application\msedge.exe, --remote-debugging-port=9222, --no-first-run, --user-data-dir=C:\Users\akhil\eclipse-workspace\KarateUIAutomation\target\msedge_1710591333150, --disable-popup-blocking]
17:45:59.210 [main] WARN  com.intuit.karate.Suite - failed to backup existing dir: target\karate-reports
17:46:00.057 [main] DEBUG com.intuit.karate.shell.Command - found / verified free local port: 9222
17:46:00.060 [msedge_1710591360049] DEBUG c.i.k.driver.msedge_1710591360049 - command: [C:\Program Files (x86)\Microsoft\Edge\Application\msedge.exe, --remote-debugging-port=9222, --no-first-run, --user-data-dir=C:\Users\akhil\eclipse-workspace\KarateUIAutomation\target\msedge_1710591360049, --disable-popup-blocking], working dir: target\msedge_1710591360049
17:46:00.066 [main] DEBUG c.i.k.driver.msedge_1710591360049 - poll attempt #0 for port to be ready - localhost:9222
17:46:00.335 [main] DEBUG c.i.k.driver.msedge_1710591360049 - poll attempt #1 for port to be ready - localhost:9222
17:46:00.600 [main] DEBUG c.i.k.driver.msedge_1710591360049 - poll attempt #2 for port to be ready - localhost:9222
17:46:00.851 [msedge_1710591360049-out] DEBUG c.i.k.driver.msedge_1710591360049 - [21840:19660:0316/174600.851:ERROR:policy_logger.cc(157)] :components\enterprise\browser\controller\chrome_browser_cloud_management_controller.cc(161) Cloud management controller initialization aborted as CBCM is not enabled. Please use the `--enable-chrome-browser-cloud-management` command line flag to enable it if you are not using the official Google Chrome build.
17:46:00.855 [main] DEBUG c.i.k.driver.msedge_1710591360049 - poll attempt #3 for port to be ready - localhost:9222
17:46:00.924 [msedge_1710591360049-out] DEBUG c.i.k.driver.msedge_1710591360049 - 
17:46:00.924 [msedge_1710591360049-out] DEBUG c.i.k.driver.msedge_1710591360049 - DevTools listening on ws://127.0.0.1:9222/devtools/browser/f4282e24-212c-4bf2-ab8f-671913bfbb89
17:46:01.137 [main] DEBUG c.i.k.driver.msedge_1710591360049 - poll attempt #4 for port to be ready - localhost:9222
17:46:02.030 [msedge_1710591360049-out] DEBUG c.i.k.driver.msedge_1710591360049 - [21840:19660:0316/174602.030:ERROR:fallback_task_provider.cc(126)] Every renderer should have at least one task provided by a primary task provider. If a "Renderer" fallback task is shown, it is a bug. If you have repro steps, please file a new bug and tag it as a dependency of crbug.com/739782.
17:46:02.425 [main] DEBUG com.intuit.karate - request:
1 > GET http://localhost:9222
1 > Host: localhost:9222
1 > Connection: Keep-Alive
1 > User-Agent: Apache-HttpClient/4.5.14 (Java/17.0.6)
1 > Accept-Encoding: gzip,deflate


17:46:02.506 [main] DEBUG com.intuit.karate - response time in milliseconds: 74
1 < 200
1 < X-Frame-Options: DENY
1 < Content-Length: 0
1 < Content-Type: text/html; charset=UTF-8


17:46:02.515 [msedge_1710591360049-out] DEBUG c.i.k.driver.msedge_1710591360049 - [21840:19660:0316/174602.514:ERROR:chrome_web_ui_controller_factory.cc(1686)] Requested load of chrome://newtab/ for incorrect profile type.
17:46:02.530 [main] DEBUG com.intuit.karate.shell.Command - ready to accept http connections after 1360 ms - http://localhost:9222
17:46:02.534 [main] DEBUG com.intuit.karate - request:
1 > GET http://localhost:9222/json
1 > Host: localhost:9222
1 > Connection: Keep-Alive
1 > User-Agent: Apache-HttpClient/4.5.14 (Java/17.0.6)
1 > Accept-Encoding: gzip,deflate


17:46:02.538 [main] DEBUG com.intuit.karate - response time in milliseconds: 3
1 < 200
1 < Content-Security-Policy: frame-ancestors 'none'
1 < Content-Length: 3115
1 < Content-Type: application/json; charset=UTF-8
[ {
   "description": "",
   "devtoolsFrontendUrl": "/devtools/inspector.html?ws=localhost:9222/devtools/page/793CA355BDFC192C76637C1D4BA89AA9",
   "id": "793CA355BDFC192C76637C1D4BA89AA9",
   "title": "Sync your profile",
   "type": "page",
   "url": "edge://sync-confirmation/",
   "webSocketDebuggerUrl": "ws://localhost:9222/devtools/page/793CA355BDFC192C76637C1D4BA89AA9"
}, {
   "description": "",
   "devtoolsFrontendUrl": "/devtools/inspector.html?ws=localhost:9222/devtools/page/4BB0135A7D1010DBFE13F3B7B858626B",
   "id": "4BB0135A7D1010DBFE13F3B7B858626B",
   "title": "Microsoft Voices",
   "type": "background_page",
   "url": "chrome-extension://jdiccldimpdaibmpdkjnbmckianbfold/_generated_background_page.html",
   "webSocketDebuggerUrl": "ws://localhost:9222/devtools/page/4BB0135A7D1010DBFE13F3B7B858626B"
}, {
   "description": "",
   "devtoolsFrontendUrl": "/devtools/inspector.html?ws=localhost:9222/devtools/page/60A3F899DBC2A5401CD3DCE377C50C69",
   "id": "60A3F899DBC2A5401CD3DCE377C50C69",
   "title": "WebRTC Internals Extension",
   "type": "background_page",
   "url": "chrome-extension://ncbjelpjchkpbikbpkcchkhkblodoama/_generated_background_page.html",
   "webSocketDebuggerUrl": "ws://localhost:9222/devtools/page/60A3F899DBC2A5401CD3DCE377C50C69"
}, {
   "description": "",
   "devtoolsFrontendUrl": "/devtools/inspector.html?ws=localhost:9222/devtools/page/C928B998BE060ACAB90F78360D582E3E",
   "id": "C928B998BE060ACAB90F78360D582E3E",
   "title": "Media Internals Services Extension",
   "type": "background_page",
   "url": "chrome-extension://fikbjbembnmfhppjfnmfkahdhfohhjmg/_generated_background_page.html",
   "webSocketDebuggerUrl": "ws://localhost:9222/devtools/page/C928B998BE060ACAB90F78360D582E3E"
}, {
   "description": "",
   "devtoolsFrontendUrl": "/devtools/inspector.html?ws=localhost:9222/devtools/page/E1540829AC44890C2BFBFAEFA609D338",
   "id": "E1540829AC44890C2BFBFAEFA609D338",
   "title": "Edge Feedback",
   "type": "background_page",
   "url": "chrome-extension://ihmafllikibpmigkcoadcmckbfhibefp/_generated_background_page.html",
   "webSocketDebuggerUrl": "ws://localhost:9222/devtools/page/E1540829AC44890C2BFBFAEFA609D338"
}, {
   "description": "",
   "devtoolsFrontendUrl": "/devtools/inspector.html?ws=localhost:9222/devtools/page/6DE4209A737CCED5FF083AF02D5DB9BD",
   "id": "6DE4209A737CCED5FF083AF02D5DB9BD",
   "title": "WebRTC Extension",
   "type": "background_page",
   "url": "chrome-extension://nkeimhogjdpnpccoofpliimaahmaaome/background.html",
   "webSocketDebuggerUrl": "ws://localhost:9222/devtools/page/6DE4209A737CCED5FF083AF02D5DB9BD"
}, {
   "description": "",
   "devtoolsFrontendUrl": "/devtools/inspector.html?ws=localhost:9222/devtools/page/E10268D3E0FAFBE3BCFB99E18F320F9A",
   "faviconUrl": "https://assets.msn.com/statics/icons/favicon_newtabpage.png",
   "id": "E10268D3E0FAFBE3BCFB99E18F320F9A",
   "title": "New tab",
   "type": "page",
   "url": "edge://newtab/",
   "webSocketDebuggerUrl": "ws://localhost:9222/devtools/page/E10268D3E0FAFBE3BCFB99E18F320F9A"
} ]


17:46:02.581 [main] DEBUG c.i.k.driver.msedge_1710591360049 - root frame id: 793CA355BDFC192C76637C1D4BA89AA9
17:46:02.840 [msedge_1710591360049-out] DEBUG c.i.k.driver.msedge_1710591360049 - [21840:19660:0316/174602.839:ERROR:fallback_task_provider.cc(126)] Every renderer should have at least one task provided by a primary task provider. If a "Renderer" fallback task is shown, it is a bug. If you have repro steps, please file a new bug and tag it as a dependency of crbug.com/739782.
17:46:03.031 [msedge_1710591360049-out] DEBUG c.i.k.driver.msedge_1710591360049 - [21840:19660:0316/174603.029:ERROR:devtools_http_handler.cc(771)] Rejected an incoming WebSocket connection from the http://localhost:9222 origin. Use the command line flag --remote-allow-origins=http://localhost:9222 to allow connections from this origin or --remote-allow-origins=* to allow all origins.
17:46:03.048 [nioEventLoopGroup-2-1] DEBUG c.i.k.http.WebSocketClientHandler - websocket client connect failed: Invalid handshake response getStatus: 403 Forbidden
17:46:03.065 [main] ERROR c.i.k.driver.msedge_1710591360049 - websocket client init failed: Invalid handshake response getStatus: 403 Forbidden
17:46:03.074 [main] ERROR com.intuit.karate - driver config / start failed: io.netty.handler.codec.http.websocketx.WebSocketClientHandshakeException: Invalid handshake response getStatus: 403 Forbidden, options: {type=msedge, target=null}
java.lang.RuntimeException: io.netty.handler.codec.http.websocketx.WebSocketClientHandshakeException: Invalid handshake response getStatus: 403 Forbidden
	at com.intuit.karate.http.WebSocketClient.<init>(WebSocketClient.java:157)
	at com.intuit.karate.driver.DevToolsDriver.<init>(DevToolsDriver.java:127)
	at com.intuit.karate.driver.microsoft.EdgeChromium.<init>(EdgeChromium.java:59)
	at com.intuit.karate.driver.microsoft.EdgeChromium.start(EdgeChromium.java:109)
	at com.intuit.karate.driver.DriverOptions.start(DriverOptions.java:316)
	at com.intuit.karate.core.ScenarioEngine.driver(ScenarioEngine.java:969)
	at com.intuit.karate.ScenarioActions.driver(ScenarioActions.java:410)
	at java.base/jdk.internal.reflect.NativeMethodAccessorImpl.invoke0(Native Method)
	at java.base/jdk.internal.reflect.NativeMethodAccessorImpl.invoke(NativeMethodAccessorImpl.java:77)
	at java.base/jdk.internal.reflect.DelegatingMethodAccessorImpl.invoke(DelegatingMethodAccessorImpl.java:43)
	at java.base/java.lang.reflect.Method.invoke(Method.java:568)
	at com.intuit.karate.core.StepRuntime.execute(StepRuntime.java:286)
	at com.intuit.karate.core.ScenarioRuntime.execute(ScenarioRuntime.java:448)
	at com.intuit.karate.core.ScenarioRuntime.run(ScenarioRuntime.java:399)
	at com.intuit.karate.core.FeatureRuntime.processScenario(FeatureRuntime.java:193)
	at java.base/java.util.stream.ReferencePipeline$2$1.accept(ReferencePipeline.java:179)
	at com.intuit.karate.core.ScenarioIterator.tryAdvance(ScenarioIterator.java:162)
	at java.base/java.util.Spliterator.forEachRemaining(Spliterator.java:332)
	at java.base/java.util.stream.AbstractPipeline.copyInto(AbstractPipeline.java:509)
	at java.base/java.util.stream.AbstractPipeline.wrapAndCopyInto(AbstractPipeline.java:499)
	at java.base/java.util.stream.StreamSpliterators$WrappingSpliterator.forEachRemaining(StreamSpliterators.java:310)
	at java.base/java.util.Spliterators$1Adapter.forEachRemaining(Spliterators.java:706)
	at com.intuit.karate.core.FeatureRuntime.run(FeatureRuntime.java:182)
	at java.base/java.util.concurrent.Executors$RunnableAdapter.call(Executors.java:539)
	at java.base/java.util.concurrent.FutureTask.run(FutureTask.java:264)
	at com.intuit.karate.core.SyncExecutorService.execute(SyncExecutorService.java:70)
	at java.base/java.util.concurrent.AbstractExecutorService.submit(AbstractExecutorService.java:123)
	at com.intuit.karate.Suite.run(Suite.java:239)
	at com.intuit.karate.Runner$Builder.parallel(Runner.java:484)
	at com.intuit.karate.cli.IdeMain.main(IdeMain.java:60)
	at cucumber.api.cli.Main.main(Main.java:5)
Caused by: io.netty.handler.codec.http.websocketx.WebSocketClientHandshakeException: Invalid handshake response getStatus: 403 Forbidden
	at io.netty.handler.codec.http.websocketx.WebSocketClientHandshaker13.verify(WebSocketClientHandshaker13.java:312)
	at io.netty.handler.codec.http.websocketx.WebSocketClientHandshaker.finishHandshake(WebSocketClientHandshaker.java:364)
	at com.intuit.karate.http.WebSocketClientHandler.channelRead0(WebSocketClientHandler.java:85)
	at io.netty.channel.SimpleChannelInboundHandler.channelRead(SimpleChannelInboundHandler.java:99)
	at io.netty.channel.AbstractChannelHandlerContext.invokeChannelRead(AbstractChannelHandlerContext.java:444)
	at io.netty.channel.AbstractChannelHandlerContext.invokeChannelRead(AbstractChannelHandlerContext.java:420)
	at io.netty.channel.AbstractChannelHandlerContext.fireChannelRead(AbstractChannelHandlerContext.java:412)
	at io.netty.channel.ChannelInboundHandlerAdapter.channelRead(ChannelInboundHandlerAdapter.java:93)
	at io.netty.handler.codec.http.websocketx.extensions.WebSocketClientExtensionHandler.channelRead(WebSocketClientExtensionHandler.java:125)
	at io.netty.channel.AbstractChannelHandlerContext.invokeChannelRead(AbstractChannelHandlerContext.java:442)
	at io.netty.channel.AbstractChannelHandlerContext.invokeChannelRead(AbstractChannelHandlerContext.java:420)
	at io.netty.channel.AbstractChannelHandlerContext.fireChannelRead(AbstractChannelHandlerContext.java:412)
	at io.netty.handler.codec.MessageToMessageDecoder.channelRead(MessageToMessageDecoder.java:103)
	at io.netty.channel.AbstractChannelHandlerContext.invokeChannelRead(AbstractChannelHandlerContext.java:444)
	at io.netty.channel.AbstractChannelHandlerContext.invokeChannelRead(AbstractChannelHandlerContext.java:420)
	at io.netty.channel.AbstractChannelHandlerContext.fireChannelRead(AbstractChannelHandlerContext.java:412)
	at io.netty.channel.CombinedChannelDuplexHandler$DelegatingChannelHandlerContext.fireChannelRead(CombinedChannelDuplexHandler.java:436)
	at io.netty.handler.codec.ByteToMessageDecoder.fireChannelRead(ByteToMessageDecoder.java:346)
	at io.netty.handler.codec.ByteToMessageDecoder.channelRead(ByteToMessageDecoder.java:318)
	at io.netty.channel.CombinedChannelDuplexHandler.channelRead(CombinedChannelDuplexHandler.java:251)
	at io.netty.channel.AbstractChannelHandlerContext.invokeChannelRead(AbstractChannelHandlerContext.java:442)
	at io.netty.channel.AbstractChannelHandlerContext.invokeChannelRead(AbstractChannelHandlerContext.java:420)
	at io.netty.channel.AbstractChannelHandlerContext.fireChannelRead(AbstractChannelHandlerContext.java:412)
	at io.netty.channel.DefaultChannelPipeline$HeadContext.channelRead(DefaultChannelPipeline.java:1410)
	at io.netty.channel.AbstractChannelHandlerContext.invokeChannelRead(AbstractChannelHandlerContext.java:440)
	at io.netty.channel.AbstractChannelHandlerContext.invokeChannelRead(AbstractChannelHandlerContext.java:420)
	at io.netty.channel.DefaultChannelPipeline.fireChannelRead(DefaultChannelPipeline.java:919)
	at io.netty.channel.nio.AbstractNioByteChannel$NioByteUnsafe.read(AbstractNioByteChannel.java:166)
	at io.netty.channel.nio.NioEventLoop.processSelectedKey(NioEventLoop.java:788)
	at io.netty.channel.nio.NioEventLoop.processSelectedKeysOptimized(NioEventLoop.java:724)
	at io.netty.channel.nio.NioEventLoop.processSelectedKeys(NioEventLoop.java:650)
	at io.netty.channel.nio.NioEventLoop.run(NioEventLoop.java:562)
	at io.netty.util.concurrent.SingleThreadEventExecutor$4.run(SingleThreadEventExecutor.java:997)
	at io.netty.util.internal.ThreadExecutorMap$2.run(ThreadExecutorMap.java:74)
	at io.netty.util.concurrent.FastThreadLocalRunnable.run(FastThreadLocalRunnable.java:30)
	at java.base/java.lang.Thread.run(Thread.java:833)
17:46:03.081 [main] ERROR com.intuit.karate - src/test/java/com/tests/RunUIAutomationScriptInChrome.feature:7
Given driver 'https://www.saucedemo.com/'
driver config / start failed: io.netty.handler.codec.http.websocketx.WebSocketClientHandshakeException: Invalid handshake response getStatus: 403 Forbidden, options: {type=msedge, target=null}
src/test/java/com/tests/RunUIAutomationScriptInChrome.feature:7
17:46:03.674 [msedge_1710591360049-out] DEBUG c.i.k.driver.msedge_1710591360049 - [21840:19660:0316/174603.673:ERROR:chrome_web_ui_controller_factory.cc(1686)] Requested load of chrome://newtab/ for incorrect profile type.
17:46:04.569 [main] INFO  com.intuit.karate.Suite - <<fail>> feature 1 of 1 (0 remaining) src/test/java/com/tests/RunUIAutomationScriptInChrome.feature
17:46:08.929 [msedge_1710591360049-out] DEBUG c.i.k.driver.msedge_1710591360049 - [21840:19660:0316/174608.929:ERROR:chrome_web_ui_controller_factory.cc(1686)] Requested load of chrome://newtab/ for incorrect profile type.
17:46:10.110 [nioEventLoopGroup-2-1] DEBUG c.i.k.http.WebSocketClientHandler - websocket client disconnected
17:46:11.369 [msedge_1710591360049] DEBUG com.intuit.karate.shell.Command - command complete, exit code: 0 - [C:\Program Files (x86)\Microsoft\Edge\Application\msedge.exe, --remote-debugging-port=9222, --no-first-run, --user-data-dir=C:\Users\akhil\eclipse-workspace\KarateUIAutomation\target\msedge_1710591360049, --disable-popup-blocking]
17:46:28.150 [main] WARN  com.intuit.karate.Suite - failed to backup existing dir: target\karate-reports
17:46:29.191 [main] WARN  com.intuit.karate - unknown driver type: firefox, defaulting to 'chrome'
17:46:29.203 [main] DEBUG com.intuit.karate.shell.Command - found / verified free local port: 9222
17:46:29.207 [chrome_1710591389194] DEBUG c.i.k.driver.chrome_1710591389194 - command: [C:\Program Files\Google\Chrome\Application\chrome.exe, --remote-debugging-port=9222, --remote-allow-origins=*, --no-first-run, --user-data-dir=C:\Users\akhil\eclipse-workspace\KarateUIAutomation\target\chrome_1710591389194, --disable-popup-blocking], working dir: target\chrome_1710591389194
17:46:29.213 [main] DEBUG c.i.k.driver.chrome_1710591389194 - poll attempt #0 for port to be ready - localhost:9222
17:46:29.468 [main] DEBUG c.i.k.driver.chrome_1710591389194 - poll attempt #1 for port to be ready - localhost:9222
17:46:29.604 [chrome_1710591389194-out] DEBUG c.i.k.driver.chrome_1710591389194 - 
17:46:29.606 [chrome_1710591389194-out] DEBUG c.i.k.driver.chrome_1710591389194 - DevTools listening on ws://127.0.0.1:9222/devtools/browser/f0c9b8b9-11b1-4f97-b142-6c2458421c25
17:46:29.803 [main] DEBUG c.i.k.driver.chrome_1710591389194 - poll attempt #2 for port to be ready - localhost:9222
17:46:30.621 [main] DEBUG com.intuit.karate - request:
1 > GET http://localhost:9222/json
1 > Host: localhost:9222
1 > Connection: Keep-Alive
1 > User-Agent: Apache-HttpClient/4.5.14 (Java/17.0.6)
1 > Accept-Encoding: gzip,deflate


17:46:30.667 [main] DEBUG com.intuit.karate - response time in milliseconds: 44
1 < 200
1 < Content-Security-Policy: frame-ancestors 'none'
1 < Content-Length: 1787
1 < Content-Type: application/json; charset=UTF-8
[ {
   "description": "",
   "devtoolsFrontendUrl": "/devtools/inspector.html?ws=localhost:9222/devtools/page/24E681DAB975E14890AB6C9D4D50A06D",
   "id": "24E681DAB975E14890AB6C9D4D50A06D",
   "title": "Google Network Speech",
   "type": "background_page",
   "url": "chrome-extension://neajdppkdcdipfabeoofebfddakdcjhd/_generated_background_page.html",
   "webSocketDebuggerUrl": "ws://localhost:9222/devtools/page/24E681DAB975E14890AB6C9D4D50A06D"
}, {
   "description": "",
   "devtoolsFrontendUrl": "/devtools/inspector.html?ws=localhost:9222/devtools/page/97ACFE3AEA48E2E2CA7FE33B28DBA2A2",
   "id": "97ACFE3AEA48E2E2CA7FE33B28DBA2A2",
   "title": "Google Hangouts",
   "type": "background_page",
   "url": "chrome-extension://nkeimhogjdpnpccoofpliimaahmaaome/background.html",
   "webSocketDebuggerUrl": "ws://localhost:9222/devtools/page/97ACFE3AEA48E2E2CA7FE33B28DBA2A2"
}, {
   "description": "",
   "devtoolsFrontendUrl": "/devtools/inspector.html?ws=localhost:9222/devtools/page/4A98313C060ABCCA27E2E5FA8898F2E4",
   "id": "4A98313C060ABCCA27E2E5FA8898F2E4",
   "title": "New Tab",
   "type": "page",
   "url": "chrome://newtab/",
   "webSocketDebuggerUrl": "ws://localhost:9222/devtools/page/4A98313C060ABCCA27E2E5FA8898F2E4"
}, {
   "description": "",
   "devtoolsFrontendUrl": "/devtools/inspector.html?ws=localhost:9222/devtools/page/6CB56F9D8D34E4786F0644A71457C9FF",
   "id": "6CB56F9D8D34E4786F0644A71457C9FF",
   "parentId": "4A98313C060ABCCA27E2E5FA8898F2E4",
   "title": "chrome-untrusted://new-tab-page/one-google-bar?paramsencoded=",
   "type": "iframe",
   "url": "chrome-untrusted://new-tab-page/one-google-bar?paramsencoded=",
   "webSocketDebuggerUrl": "ws://localhost:9222/devtools/page/6CB56F9D8D34E4786F0644A71457C9FF"
} ]


17:46:30.680 [main] DEBUG com.intuit.karate.shell.Command - ready to accept http connections after 857 ms - http://localhost:9222/json
17:46:30.682 [main] DEBUG com.intuit.karate - request:
1 > GET http://localhost:9222/json
1 > Host: localhost:9222
1 > Connection: Keep-Alive
1 > User-Agent: Apache-HttpClient/4.5.14 (Java/17.0.6)
1 > Accept-Encoding: gzip,deflate


17:46:30.689 [main] DEBUG com.intuit.karate - response time in milliseconds: 5
1 < 200
1 < Content-Security-Policy: frame-ancestors 'none'
1 < Content-Length: 1787
1 < Content-Type: application/json; charset=UTF-8
[ {
   "description": "",
   "devtoolsFrontendUrl": "/devtools/inspector.html?ws=localhost:9222/devtools/page/24E681DAB975E14890AB6C9D4D50A06D",
   "id": "24E681DAB975E14890AB6C9D4D50A06D",
   "title": "Google Network Speech",
   "type": "background_page",
   "url": "chrome-extension://neajdppkdcdipfabeoofebfddakdcjhd/_generated_background_page.html",
   "webSocketDebuggerUrl": "ws://localhost:9222/devtools/page/24E681DAB975E14890AB6C9D4D50A06D"
}, {
   "description": "",
   "devtoolsFrontendUrl": "/devtools/inspector.html?ws=localhost:9222/devtools/page/97ACFE3AEA48E2E2CA7FE33B28DBA2A2",
   "id": "97ACFE3AEA48E2E2CA7FE33B28DBA2A2",
   "title": "Google Hangouts",
   "type": "background_page",
   "url": "chrome-extension://nkeimhogjdpnpccoofpliimaahmaaome/background.html",
   "webSocketDebuggerUrl": "ws://localhost:9222/devtools/page/97ACFE3AEA48E2E2CA7FE33B28DBA2A2"
}, {
   "description": "",
   "devtoolsFrontendUrl": "/devtools/inspector.html?ws=localhost:9222/devtools/page/4A98313C060ABCCA27E2E5FA8898F2E4",
   "id": "4A98313C060ABCCA27E2E5FA8898F2E4",
   "title": "New Tab",
   "type": "page",
   "url": "chrome://newtab/",
   "webSocketDebuggerUrl": "ws://localhost:9222/devtools/page/4A98313C060ABCCA27E2E5FA8898F2E4"
}, {
   "description": "",
   "devtoolsFrontendUrl": "/devtools/inspector.html?ws=localhost:9222/devtools/page/6CB56F9D8D34E4786F0644A71457C9FF",
   "id": "6CB56F9D8D34E4786F0644A71457C9FF",
   "parentId": "4A98313C060ABCCA27E2E5FA8898F2E4",
   "title": "chrome-untrusted://new-tab-page/one-google-bar?paramsencoded=",
   "type": "iframe",
   "url": "chrome-untrusted://new-tab-page/one-google-bar?paramsencoded=",
   "webSocketDebuggerUrl": "ws://localhost:9222/devtools/page/6CB56F9D8D34E4786F0644A71457C9FF"
} ]


17:46:30.693 [main] DEBUG c.i.k.driver.chrome_1710591389194 - root frame id: 4A98313C060ABCCA27E2E5FA8898F2E4
17:46:30.950 [nioEventLoopGroup-2-1] DEBUG c.i.k.http.WebSocketClientHandler - websocket client connected
17:46:30.952 [main] DEBUG c.i.k.driver.chrome_1710591389194 - >> {"id":1,"method":"Target.attachToTarget","params":{"targetId":"4A98313C060ABCCA27E2E5FA8898F2E4","flatten":true}}
17:46:30.970 [nioEventLoopGroup-2-1] DEBUG c.i.k.driver.chrome_1710591389194 - << {"method":"Target.attachedToTarget","params":{"sessionId":"090CA0796A756CBD3880A282E53B013A","targetInfo":{"targetId":"4A98313C060ABCCA27E2E5FA8898F2E4","type":"page","title":"New Tab","url":"chrome://newtab/","attached":true,"canAccessOpener":false,"browserContextId":"E6681C8631F4499B9E8DF4A1BB79D8F8"},"waitingForDebugger":false}}
17:46:30.972 [nioEventLoopGroup-2-1] DEBUG c.i.k.driver.chrome_1710591389194 - << {"id":1,"result":{"sessionId":"090CA0796A756CBD3880A282E53B013A"}}
17:46:30.972 [main] DEBUG c.i.k.driver.chrome_1710591389194 - >> {"id":2,"sessionId":"090CA0796A756CBD3880A282E53B013A","method":"Target.activateTarget","params":{"targetId":"4A98313C060ABCCA27E2E5FA8898F2E4"}}
17:46:30.974 [nioEventLoopGroup-2-1] DEBUG c.i.k.driver.chrome_1710591389194 - << {"id":2,"result":{},"sessionId":"090CA0796A756CBD3880A282E53B013A"}
17:46:30.975 [main] DEBUG c.i.k.driver.chrome_1710591389194 - >> {"id":3,"sessionId":"090CA0796A756CBD3880A282E53B013A","method":"Target.setDiscoverTargets","params":{"discover":true}}
17:46:30.978 [nioEventLoopGroup-2-1] DEBUG c.i.k.driver.chrome_1710591389194 - << {"method":"Target.targetCreated","params":{"targetInfo":{"targetId":"24E681DAB975E14890AB6C9D4D50A06D","type":"background_page","title":"Google Network Speech","url":"chrome-extension://neajdppkdcdipfabeoofebfddakdcjhd/_generated_background_page.html","attached":false,"canAccessOpener":false,"browserContextId":"E6681C8631F4499B9E8DF4A1BB79D8F8"}},"sessionId":"090CA0796A756CBD3880A282E53B013A"}
17:46:30.979 [nioEventLoopGroup-2-1] DEBUG c.i.k.driver.chrome_1710591389194 - << {"method":"Target.targetCreated","params":{"targetInfo":{"targetId":"4A98313C060ABCCA27E2E5FA8898F2E4","type":"page","title":"New Tab","url":"chrome://newtab/","attached":true,"canAccessOpener":false,"browserContextId":"E6681C8631F4499B9E8DF4A1BB79D8F8"}},"sessionId":"090CA0796A756CBD3880A282E53B013A"}
17:46:30.979 [nioEventLoopGroup-2-1] DEBUG c.i.k.driver.chrome_1710591389194 - << {"method":"Target.targetCreated","params":{"targetInfo":{"targetId":"6CB56F9D8D34E4786F0644A71457C9FF","type":"iframe","title":"chrome-untrusted://new-tab-page/one-google-bar?paramsencoded=","url":"chrome-untrusted://new-tab-page/one-google-bar?paramsencoded=","attached":false,"canAccessOpener":false,"browserContextId":"E6681C8631F4499B9E8DF4A1BB79D8F8"}},"sessionId":"090CA0796A756CBD3880A282E53B013A"}
17:46:30.980 [nioEventLoopGroup-2-1] DEBUG c.i.k.driver.chrome_1710591389194 - << {"method":"Target.targetCreated","params":{"targetInfo":{"targetId":"97ACFE3AEA48E2E2CA7FE33B28DBA2A2","type":"background_page","title":"Google Hangouts","url":"chrome-extension://nkeimhogjdpnpccoofpliimaahmaaome/background.html","attached":false,"canAccessOpener":false,"browserContextId":"E6681C8631F4499B9E8DF4A1BB79D8F8"}},"sessionId":"090CA0796A756CBD3880A282E53B013A"}
17:46:30.980 [nioEventLoopGroup-2-1] DEBUG c.i.k.driver.chrome_1710591389194 - << {"id":3,"result":{},"sessionId":"090CA0796A756CBD3880A282E53B013A"}
17:46:30.980 [main] DEBUG c.i.k.driver.chrome_1710591389194 - >> {"id":4,"sessionId":"090CA0796A756CBD3880A282E53B013A","method":"Page.enable"}
17:46:30.982 [nioEventLoopGroup-2-1] DEBUG c.i.k.driver.chrome_1710591389194 - << {"id":4,"result":{},"sessionId":"090CA0796A756CBD3880A282E53B013A"}
17:46:30.983 [main] DEBUG c.i.k.driver.chrome_1710591389194 - >> {"id":5,"sessionId":"090CA0796A756CBD3880A282E53B013A","method":"Runtime.enable"}
17:46:30.985 [nioEventLoopGroup-2-1] DEBUG c.i.k.driver.chrome_1710591389194 - << {"method":"Runtime.executionContextCreated","params":{"context":{"id":2,"origin":"chrome://new-tab-page","name":"","uniqueId":"-3525098905525769274.-4770277270060500207","auxData":{"isDefault":true,"type":"default","frameId":"F865315B0E0271B56CE4CF4A5606B8BD"}}},"sessionId":"090CA0796A756CBD3880A282E53B013A"}
17:46:30.986 [nioEventLoopGroup-2-1] DEBUG c.i.k.driver.chrome_1710591389194 - << {"method":"Runtime.executionContextCreated","params":{"context":{"id":1,"origin":"chrome://new-tab-page","name":"","uniqueId":"6946365413867155788.-1659490296340170489","auxData":{"isDefault":true,"type":"default","frameId":"4A98313C060ABCCA27E2E5FA8898F2E4"}}},"sessionId":"090CA0796A756CBD3880A282E53B013A"}
17:46:30.986 [nioEventLoopGroup-2-1] DEBUG c.i.k.driver.chrome_1710591389194 - << {"id":5,"result":{},"sessionId":"090CA0796A756CBD3880A282E53B013A"}
17:46:30.987 [main] DEBUG c.i.k.driver.chrome_1710591389194 - >> {"id":6,"sessionId":"090CA0796A756CBD3880A282E53B013A","method":"Browser.getWindowForTarget","params":{"targetId":"4A98313C060ABCCA27E2E5FA8898F2E4"}}
17:46:30.988 [nioEventLoopGroup-2-1] DEBUG c.i.k.driver.chrome_1710591389194 - << {"id":6,"result":{"windowId":487316003,"bounds":{"left":9,"top":9,"width":1051,"height":798,"windowState":"normal"}},"sessionId":"090CA0796A756CBD3880A282E53B013A"}
17:46:31.167 [main] DEBUG c.i.k.driver.chrome_1710591389194 - >> {"id":7,"sessionId":"090CA0796A756CBD3880A282E53B013A","method":"Page.navigate","params":{"url":"https:\/\/www.saucedemo.com\/"}}
17:46:31.174 [nioEventLoopGroup-2-1] DEBUG c.i.k.driver.chrome_1710591389194 - << {"method":"Page.frameStartedLoading","params":{"frameId":"4A98313C060ABCCA27E2E5FA8898F2E4"},"sessionId":"090CA0796A756CBD3880A282E53B013A"}
17:46:31.590 [nioEventLoopGroup-2-1] DEBUG c.i.k.driver.chrome_1710591389194 - << {"id":7,"result":{"frameId":"4A98313C060ABCCA27E2E5FA8898F2E4","loaderId":"41361D857931BB95CA04737F2F0D4084"},"sessionId":"090CA0796A756CBD3880A282E53B013A"}
17:46:31.592 [nioEventLoopGroup-2-1] DEBUG c.i.k.driver.chrome_1710591389194 - << {"method":"Runtime.executionContextsCleared","params":{},"sessionId":"090CA0796A756CBD3880A282E53B013A"}
17:46:31.599 [nioEventLoopGroup-2-1] DEBUG c.i.k.driver.chrome_1710591389194 - << {"method":"Target.targetInfoChanged","params":{"targetInfo":{"targetId":"4A98313C060ABCCA27E2E5FA8898F2E4","type":"page","title":"saucedemo.com","url":"https://www.saucedemo.com/","attached":true,"canAccessOpener":false,"browserContextId":"E6681C8631F4499B9E8DF4A1BB79D8F8"}},"sessionId":"090CA0796A756CBD3880A282E53B013A"}
17:46:31.601 [nioEventLoopGroup-2-1] DEBUG c.i.k.driver.chrome_1710591389194 - << {"method":"Runtime.executionContextsCleared","params":{},"sessionId":"090CA0796A756CBD3880A282E53B013A"}
17:46:31.602 [nioEventLoopGroup-2-1] DEBUG c.i.k.driver.chrome_1710591389194 - << {"method":"Page.frameNavigated","params":{"frame":{"id":"4A98313C060ABCCA27E2E5FA8898F2E4","loaderId":"41361D857931BB95CA04737F2F0D4084","url":"https://www.saucedemo.com/","domainAndRegistry":"saucedemo.com","securityOrigin":"https://www.saucedemo.com","mimeType":"text/html","adFrameStatus":{"adFrameType":"none"},"secureContextType":"Secure","crossOriginIsolatedContextType":"NotIsolated","gatedAPIFeatures":[]},"type":"Navigation"},"sessionId":"090CA0796A756CBD3880A282E53B013A"}
17:46:31.604 [nioEventLoopGroup-2-1] DEBUG c.i.k.driver.chrome_1710591389194 - << {"method":"Runtime.executionContextCreated","params":{"context":{"id":1,"origin":"https://www.saucedemo.com","name":"","uniqueId":"7056868138562902505.-2499217473915283954","auxData":{"isDefault":true,"type":"default","frameId":"4A98313C060ABCCA27E2E5FA8898F2E4"}}},"sessionId":"090CA0796A756CBD3880A282E53B013A"}
17:46:31.622 [nioEventLoopGroup-2-1] DEBUG c.i.k.driver.chrome_1710591389194 - << {"method":"Page.frameDetached","params":{"frameId":"6CB56F9D8D34E4786F0644A71457C9FF","reason":"remove"},"sessionId":"090CA0796A756CBD3880A282E53B013A"}
17:46:31.622 [nioEventLoopGroup-2-1] DEBUG c.i.k.driver.chrome_1710591389194 - << {"method":"Target.targetDestroyed","params":{"targetId":"6CB56F9D8D34E4786F0644A71457C9FF"},"sessionId":"090CA0796A756CBD3880A282E53B013A"}
17:46:32.169 [nioEventLoopGroup-2-1] DEBUG c.i.k.driver.chrome_1710591389194 - << {"method":"Page.domContentEventFired","params":{"timestamp":245948.754843},"sessionId":"090CA0796A756CBD3880A282E53B013A"}
17:46:32.172 [main] DEBUG c.i.k.driver.chrome_1710591389194 - >> {"id":8,"sessionId":"090CA0796A756CBD3880A282E53B013A","method":"Target.closeTarget","params":{"targetId":"4A98313C060ABCCA27E2E5FA8898F2E4"}}
17:46:32.179 [nioEventLoopGroup-2-1] DEBUG c.i.k.driver.chrome_1710591389194 - << {"id":8,"result":{"success":true},"sessionId":"090CA0796A756CBD3880A282E53B013A"}
17:46:32.231 [nioEventLoopGroup-2-1] DEBUG c.i.k.driver.chrome_1710591389194 - << {"method":"Inspector.detached","params":{"reason":"target_closed"}}
17:46:32.234 [nioEventLoopGroup-2-1] DEBUG c.i.k.http.WebSocketClientHandler - websocket client disconnected
17:46:32.236 [main] DEBUG com.intuit.karate.shell.Command - closing command: chrome_1710591389194
17:46:32.391 [chrome_1710591389194] WARN  com.intuit.karate.shell.Command - exit code was non-zero: 1 - [C:\Program Files\Google\Chrome\Application\chrome.exe, --remote-debugging-port=9222, --remote-allow-origins=*, --no-first-run, --user-data-dir=C:\Users\akhil\eclipse-workspace\KarateUIAutomation\target\chrome_1710591389194, --disable-popup-blocking] working dir: target\chrome_1710591389194
17:46:32.850 [main] INFO  com.intuit.karate.Suite - <<pass>> feature 1 of 1 (0 remaining) src/test/java/com/tests/RunUIAutomationScriptInChrome.feature
18:13:38.607 [main] WARN  com.intuit.karate.Suite - failed to backup existing dir: target\karate-reports
18:13:39.726 [main] DEBUG com.intuit.karate.shell.Command - found / verified free local port: 9515
18:13:39.733 [chromedriver_1710593019716] DEBUG c.i.k.d.chromedriver_1710593019716 - command: [chromedriver, --port=9515, --user-data-dir=C:\Users\akhil\eclipse-workspace\KarateUIAutomation\target\chromedriver_1710593019716], working dir: target\chromedriver_1710593019716
18:13:39.740 [chromedriver_1710593019716] ERROR com.intuit.karate.shell.Command - command error: [chromedriver, --port=9515, --user-data-dir=C:\Users\akhil\eclipse-workspace\KarateUIAutomation\target\chromedriver_1710593019716] - Cannot run program "chromedriver" (in directory "target\chromedriver_1710593019716"): CreateProcess error=2, The system cannot find the file specified
18:13:45.236 [main] ERROR com.intuit.karate - driver config / start failed: start failed, options: {type=chromedriver, port=9515, executable=chromedriver, target=null}
com.intuit.karate.KarateException: start failed
	at com.intuit.karate.driver.DriverOptions.startProcess(DriverOptions.java:285)
	at com.intuit.karate.driver.DriverOptions.startProcess(DriverOptions.java:260)
	at com.intuit.karate.driver.WebDriver.<init>(WebDriver.java:58)
	at com.intuit.karate.driver.chrome.ChromeWebDriver.<init>(ChromeWebDriver.java:42)
	at com.intuit.karate.driver.chrome.ChromeWebDriver.start(ChromeWebDriver.java:51)
	at com.intuit.karate.driver.DriverOptions.start(DriverOptions.java:316)
	at com.intuit.karate.core.ScenarioEngine.driver(ScenarioEngine.java:969)
	at com.intuit.karate.ScenarioActions.driver(ScenarioActions.java:410)
	at java.base/jdk.internal.reflect.NativeMethodAccessorImpl.invoke0(Native Method)
	at java.base/jdk.internal.reflect.NativeMethodAccessorImpl.invoke(NativeMethodAccessorImpl.java:77)
	at java.base/jdk.internal.reflect.DelegatingMethodAccessorImpl.invoke(DelegatingMethodAccessorImpl.java:43)
	at java.base/java.lang.reflect.Method.invoke(Method.java:568)
	at com.intuit.karate.core.StepRuntime.execute(StepRuntime.java:286)
	at com.intuit.karate.core.ScenarioRuntime.execute(ScenarioRuntime.java:448)
	at com.intuit.karate.core.ScenarioRuntime.run(ScenarioRuntime.java:399)
	at com.intuit.karate.core.FeatureRuntime.processScenario(FeatureRuntime.java:193)
	at java.base/java.util.stream.ReferencePipeline$2$1.accept(ReferencePipeline.java:179)
	at com.intuit.karate.core.ScenarioIterator.tryAdvance(ScenarioIterator.java:162)
	at java.base/java.util.Spliterator.forEachRemaining(Spliterator.java:332)
	at java.base/java.util.stream.AbstractPipeline.copyInto(AbstractPipeline.java:509)
	at java.base/java.util.stream.AbstractPipeline.wrapAndCopyInto(AbstractPipeline.java:499)
	at java.base/java.util.stream.StreamSpliterators$WrappingSpliterator.forEachRemaining(StreamSpliterators.java:310)
	at java.base/java.util.Spliterators$1Adapter.forEachRemaining(Spliterators.java:706)
	at com.intuit.karate.core.FeatureRuntime.run(FeatureRuntime.java:182)
	at java.base/java.util.concurrent.Executors$RunnableAdapter.call(Executors.java:539)
	at java.base/java.util.concurrent.FutureTask.run(FutureTask.java:264)
	at com.intuit.karate.core.SyncExecutorService.execute(SyncExecutorService.java:70)
	at java.base/java.util.concurrent.AbstractExecutorService.submit(AbstractExecutorService.java:123)
	at com.intuit.karate.Suite.run(Suite.java:239)
	at com.intuit.karate.Runner$Builder.parallel(Runner.java:484)
	at com.intuit.karate.cli.IdeMain.main(IdeMain.java:60)
	at cucumber.api.cli.Main.main(Main.java:5)
Caused by: java.io.IOException: Cannot run program "chromedriver" (in directory "target\chromedriver_1710593019716"): CreateProcess error=2, The system cannot find the file specified
	at java.base/java.lang.ProcessBuilder.start(ProcessBuilder.java:1143)
	at java.base/java.lang.ProcessBuilder.start(ProcessBuilder.java:1073)
	at com.intuit.karate.shell.Command.run(Command.java:355)
Caused by: java.io.IOException: CreateProcess error=2, The system cannot find the file specified
	at java.base/java.lang.ProcessImpl.create(Native Method)
	at java.base/java.lang.ProcessImpl.<init>(ProcessImpl.java:499)
	at java.base/java.lang.ProcessImpl.start(ProcessImpl.java:158)
	at java.base/java.lang.ProcessBuilder.start(ProcessBuilder.java:1110)
	... 2 common frames omitted
18:13:45.256 [main] ERROR com.intuit.karate - src/test/java/com/tests/RunUIAutomationScriptInChrome.feature:7
Given driver 'https://www.saucedemo.com/'
driver config / start failed: start failed, options: {type=chromedriver, port=9515, executable=chromedriver, target=null}
src/test/java/com/tests/RunUIAutomationScriptInChrome.feature:7
18:13:45.743 [main] INFO  com.intuit.karate.Suite - <<fail>> feature 1 of 1 (0 remaining) src/test/java/com/tests/RunUIAutomationScriptInChrome.feature
19:55:09.168 [main] WARN  com.intuit.karate.Suite - failed to backup existing dir: target\karate-reports
19:55:10.423 [main] DEBUG com.intuit.karate.shell.Command - found / verified free local port: 9515
19:55:10.427 [chromedriver_1710599110409] DEBUG c.i.k.d.chromedriver_1710599110409 - command: [chromedriver.exe, --port=9515, --user-data-dir=C:\Users\akhil\eclipse-workspace\KarateUIAutomation\target\chromedriver_1710599110409], working dir: target\chromedriver_1710599110409
19:55:10.432 [chromedriver_1710599110409] ERROR com.intuit.karate.shell.Command - command error: [chromedriver.exe, --port=9515, --user-data-dir=C:\Users\akhil\eclipse-workspace\KarateUIAutomation\target\chromedriver_1710599110409] - Cannot run program "chromedriver.exe" (in directory "target\chromedriver_1710599110409"): CreateProcess error=2, The system cannot find the file specified
19:55:15.795 [main] ERROR com.intuit.karate - driver config / start failed: start failed, options: {type=chromedriver, port=9515, executable=chromedriver.exe, target=null}
com.intuit.karate.KarateException: start failed
	at com.intuit.karate.driver.DriverOptions.startProcess(DriverOptions.java:285)
	at com.intuit.karate.driver.DriverOptions.startProcess(DriverOptions.java:260)
	at com.intuit.karate.driver.WebDriver.<init>(WebDriver.java:58)
	at com.intuit.karate.driver.chrome.ChromeWebDriver.<init>(ChromeWebDriver.java:42)
	at com.intuit.karate.driver.chrome.ChromeWebDriver.start(ChromeWebDriver.java:51)
	at com.intuit.karate.driver.DriverOptions.start(DriverOptions.java:316)
	at com.intuit.karate.core.ScenarioEngine.driver(ScenarioEngine.java:969)
	at com.intuit.karate.ScenarioActions.driver(ScenarioActions.java:410)
	at java.base/jdk.internal.reflect.NativeMethodAccessorImpl.invoke0(Native Method)
	at java.base/jdk.internal.reflect.NativeMethodAccessorImpl.invoke(NativeMethodAccessorImpl.java:77)
	at java.base/jdk.internal.reflect.DelegatingMethodAccessorImpl.invoke(DelegatingMethodAccessorImpl.java:43)
	at java.base/java.lang.reflect.Method.invoke(Method.java:568)
	at com.intuit.karate.core.StepRuntime.execute(StepRuntime.java:286)
	at com.intuit.karate.core.ScenarioRuntime.execute(ScenarioRuntime.java:448)
	at com.intuit.karate.core.ScenarioRuntime.run(ScenarioRuntime.java:399)
	at com.intuit.karate.core.FeatureRuntime.processScenario(FeatureRuntime.java:193)
	at java.base/java.util.stream.ReferencePipeline$2$1.accept(ReferencePipeline.java:179)
	at com.intuit.karate.core.ScenarioIterator.tryAdvance(ScenarioIterator.java:162)
	at java.base/java.util.Spliterator.forEachRemaining(Spliterator.java:332)
	at java.base/java.util.stream.AbstractPipeline.copyInto(AbstractPipeline.java:509)
	at java.base/java.util.stream.AbstractPipeline.wrapAndCopyInto(AbstractPipeline.java:499)
	at java.base/java.util.stream.StreamSpliterators$WrappingSpliterator.forEachRemaining(StreamSpliterators.java:310)
	at java.base/java.util.Spliterators$1Adapter.forEachRemaining(Spliterators.java:706)
	at com.intuit.karate.core.FeatureRuntime.run(FeatureRuntime.java:182)
	at java.base/java.util.concurrent.Executors$RunnableAdapter.call(Executors.java:539)
	at java.base/java.util.concurrent.FutureTask.run(FutureTask.java:264)
	at com.intuit.karate.core.SyncExecutorService.execute(SyncExecutorService.java:70)
	at java.base/java.util.concurrent.AbstractExecutorService.submit(AbstractExecutorService.java:123)
	at com.intuit.karate.Suite.run(Suite.java:239)
	at com.intuit.karate.Runner$Builder.parallel(Runner.java:484)
	at com.intuit.karate.cli.IdeMain.main(IdeMain.java:60)
	at cucumber.api.cli.Main.main(Main.java:5)
Caused by: java.io.IOException: Cannot run program "chromedriver.exe" (in directory "target\chromedriver_1710599110409"): CreateProcess error=2, The system cannot find the file specified
	at java.base/java.lang.ProcessBuilder.start(ProcessBuilder.java:1143)
	at java.base/java.lang.ProcessBuilder.start(ProcessBuilder.java:1073)
	at com.intuit.karate.shell.Command.run(Command.java:355)
Caused by: java.io.IOException: CreateProcess error=2, The system cannot find the file specified
	at java.base/java.lang.ProcessImpl.create(Native Method)
	at java.base/java.lang.ProcessImpl.<init>(ProcessImpl.java:499)
	at java.base/java.lang.ProcessImpl.start(ProcessImpl.java:158)
	at java.base/java.lang.ProcessBuilder.start(ProcessBuilder.java:1110)
	... 2 common frames omitted
19:55:15.801 [main] ERROR com.intuit.karate - src/test/java/com/tests/RunUIAutomationScriptInChrome.feature:7
Given driver 'https://www.saucedemo.com/'
driver config / start failed: start failed, options: {type=chromedriver, port=9515, executable=chromedriver.exe, target=null}
src/test/java/com/tests/RunUIAutomationScriptInChrome.feature:7
19:55:16.376 [main] INFO  com.intuit.karate.Suite - <<fail>> feature 1 of 1 (0 remaining) src/test/java/com/tests/RunUIAutomationScriptInChrome.feature
19:55:27.218 [main] WARN  com.intuit.karate.Suite - failed to backup existing dir: target\karate-reports
19:55:28.288 [main] DEBUG com.intuit.karate.shell.Command - found / verified free local port: 9515
19:55:28.293 [chromedriver_1710599128278] DEBUG c.i.k.d.chromedriver_1710599128278 - command: [chromedriver.exe, --port=9515, --user-data-dir=C:\Users\akhil\eclipse-workspace\KarateUIAutomation\target\chromedriver_1710599128278], working dir: target\chromedriver_1710599128278
19:55:28.298 [chromedriver_1710599128278] ERROR com.intuit.karate.shell.Command - command error: [chromedriver.exe, --port=9515, --user-data-dir=C:\Users\akhil\eclipse-workspace\KarateUIAutomation\target\chromedriver_1710599128278] - Cannot run program "chromedriver.exe" (in directory "target\chromedriver_1710599128278"): CreateProcess error=2, The system cannot find the file specified
19:55:33.654 [main] ERROR com.intuit.karate - driver config / start failed: start failed, options: {type=chromedriver, executable=chromedriver.exe, target=null}
com.intuit.karate.KarateException: start failed
	at com.intuit.karate.driver.DriverOptions.startProcess(DriverOptions.java:285)
	at com.intuit.karate.driver.DriverOptions.startProcess(DriverOptions.java:260)
	at com.intuit.karate.driver.WebDriver.<init>(WebDriver.java:58)
	at com.intuit.karate.driver.chrome.ChromeWebDriver.<init>(ChromeWebDriver.java:42)
	at com.intuit.karate.driver.chrome.ChromeWebDriver.start(ChromeWebDriver.java:51)
	at com.intuit.karate.driver.DriverOptions.start(DriverOptions.java:316)
	at com.intuit.karate.core.ScenarioEngine.driver(ScenarioEngine.java:969)
	at com.intuit.karate.ScenarioActions.driver(ScenarioActions.java:410)
	at java.base/jdk.internal.reflect.NativeMethodAccessorImpl.invoke0(Native Method)
	at java.base/jdk.internal.reflect.NativeMethodAccessorImpl.invoke(NativeMethodAccessorImpl.java:77)
	at java.base/jdk.internal.reflect.DelegatingMethodAccessorImpl.invoke(DelegatingMethodAccessorImpl.java:43)
	at java.base/java.lang.reflect.Method.invoke(Method.java:568)
	at com.intuit.karate.core.StepRuntime.execute(StepRuntime.java:286)
	at com.intuit.karate.core.ScenarioRuntime.execute(ScenarioRuntime.java:448)
	at com.intuit.karate.core.ScenarioRuntime.run(ScenarioRuntime.java:399)
	at com.intuit.karate.core.FeatureRuntime.processScenario(FeatureRuntime.java:193)
	at java.base/java.util.stream.ReferencePipeline$2$1.accept(ReferencePipeline.java:179)
	at com.intuit.karate.core.ScenarioIterator.tryAdvance(ScenarioIterator.java:162)
	at java.base/java.util.Spliterator.forEachRemaining(Spliterator.java:332)
	at java.base/java.util.stream.AbstractPipeline.copyInto(AbstractPipeline.java:509)
	at java.base/java.util.stream.AbstractPipeline.wrapAndCopyInto(AbstractPipeline.java:499)
	at java.base/java.util.stream.StreamSpliterators$WrappingSpliterator.forEachRemaining(StreamSpliterators.java:310)
	at java.base/java.util.Spliterators$1Adapter.forEachRemaining(Spliterators.java:706)
	at com.intuit.karate.core.FeatureRuntime.run(FeatureRuntime.java:182)
	at java.base/java.util.concurrent.Executors$RunnableAdapter.call(Executors.java:539)
	at java.base/java.util.concurrent.FutureTask.run(FutureTask.java:264)
	at com.intuit.karate.core.SyncExecutorService.execute(SyncExecutorService.java:70)
	at java.base/java.util.concurrent.AbstractExecutorService.submit(AbstractExecutorService.java:123)
	at com.intuit.karate.Suite.run(Suite.java:239)
	at com.intuit.karate.Runner$Builder.parallel(Runner.java:484)
	at com.intuit.karate.cli.IdeMain.main(IdeMain.java:60)
	at cucumber.api.cli.Main.main(Main.java:5)
Caused by: java.io.IOException: Cannot run program "chromedriver.exe" (in directory "target\chromedriver_1710599128278"): CreateProcess error=2, The system cannot find the file specified
	at java.base/java.lang.ProcessBuilder.start(ProcessBuilder.java:1143)
	at java.base/java.lang.ProcessBuilder.start(ProcessBuilder.java:1073)
	at com.intuit.karate.shell.Command.run(Command.java:355)
Caused by: java.io.IOException: CreateProcess error=2, The system cannot find the file specified
	at java.base/java.lang.ProcessImpl.create(Native Method)
	at java.base/java.lang.ProcessImpl.<init>(ProcessImpl.java:499)
	at java.base/java.lang.ProcessImpl.start(ProcessImpl.java:158)
	at java.base/java.lang.ProcessBuilder.start(ProcessBuilder.java:1110)
	... 2 common frames omitted
19:55:33.660 [main] ERROR com.intuit.karate - src/test/java/com/tests/RunUIAutomationScriptInChrome.feature:7
Given driver 'https://www.saucedemo.com/'
driver config / start failed: start failed, options: {type=chromedriver, executable=chromedriver.exe, target=null}
src/test/java/com/tests/RunUIAutomationScriptInChrome.feature:7
19:55:34.196 [main] INFO  com.intuit.karate.Suite - <<fail>> feature 1 of 1 (0 remaining) src/test/java/com/tests/RunUIAutomationScriptInChrome.feature
20:31:10.052 [main] INFO  com.intuit.karate.Suite - backed up existing 'target\karate-reports' dir to: target\karate-reports_1710601270049
20:31:11.255 [main] DEBUG com.intuit.karate.shell.Command - found / verified free local port: 9515
20:31:11.260 [chromedriver_1710601271235] DEBUG c.i.k.d.chromedriver_1710601271235 - command: [chromedriver, --port=9515, --user-data-dir=C:\Users\akhil\eclipse-workspace\KarateUIAutomation\target\chromedriver_1710601271235], working dir: target\chromedriver_1710601271235
20:31:11.270 [main] DEBUG c.i.k.d.chromedriver_1710601271235 - poll attempt #0 for port to be ready - localhost:9515
20:31:11.428 [chromedriver_1710601271235-out] DEBUG c.i.k.d.chromedriver_1710601271235 - Starting ChromeDriver 122.0.6261.128 (f18a44fedeb29764b2b5336c120fdd90ef1a3f5c-refs/branch-heads/6261@{#1057}) on port 9515
20:31:11.429 [chromedriver_1710601271235-out] DEBUG c.i.k.d.chromedriver_1710601271235 - Only local connections are allowed.
20:31:11.429 [chromedriver_1710601271235-out] DEBUG c.i.k.d.chromedriver_1710601271235 - Please see https://chromedriver.chromium.org/security-considerations for suggestions on keeping ChromeDriver safe.
20:31:11.432 [chromedriver_1710601271235-out] DEBUG c.i.k.d.chromedriver_1710601271235 - ChromeDriver was started successfully.
20:31:11.529 [main] DEBUG c.i.k.d.chromedriver_1710601271235 - poll attempt #1 for port to be ready - localhost:9515
20:31:12.013 [main] DEBUG com.intuit.karate - request:
1 > POST http://localhost:9515/session
1 > Content-Type: application/json; charset=UTF-8
1 > Content-Length: 57
1 > Host: localhost:9515
1 > Connection: Keep-Alive
1 > User-Agent: Apache-HttpClient/4.5.14 (Java/17.0.6)
1 > Accept-Encoding: gzip,deflate
{"capabilities":{"alwaysMatch":{"browserName":"chrome"}}}

20:31:13.528 [main] DEBUG com.intuit.karate - response time in milliseconds: 1513
1 < 200
1 < Content-Length: 882
1 < Content-Type: application/json; charset=utf-8
1 < cache-control: no-cache
{"value":{"capabilities":{"acceptInsecureCerts":false,"browserName":"chrome","browserVersion":"122.0.6261.129","chrome":{"chromedriverVersion":"122.0.6261.128 (f18a44fedeb29764b2b5336c120fdd90ef1a3f5c-refs/branch-heads/6261@{#1057})","userDataDir":"C:\\Users\\akhil\\AppData\\Local\\Temp\\scoped_dir1056_177189207"},"fedcm:accounts":true,"goog:chromeOptions":{"debuggerAddress":"localhost:60822"},"networkConnectionEnabled":false,"pageLoadStrategy":"normal","platformName":"windows","proxy":{},"setWindowRect":true,"strictFileInteractability":false,"timeouts":{"implicit":0,"pageLoad":300000,"script":30000},"unhandledPromptBehavior":"dismiss and notify","webauthn:extension:credBlob":true,"webauthn:extension:largeBlob":true,"webauthn:extension:minPinLength":true,"webauthn:extension:prf":true,"webauthn:virtualAuthenticators":true},"sessionId":"d54668e9b00fe1100e392b26e655b4ac"}}

20:31:13.534 [main] DEBUG c.i.k.d.chromedriver_1710601271235 - init session id: d54668e9b00fe1100e392b26e655b4ac
20:31:13.872 [main] DEBUG com.intuit.karate - request:
2 > POST http://localhost:9515/session/d54668e9b00fe1100e392b26e655b4ac/url
2 > Content-Type: application/json; charset=UTF-8
2 > Content-Length: 39
2 > Host: localhost:9515
2 > Connection: Keep-Alive
2 > User-Agent: Apache-HttpClient/4.5.14 (Java/17.0.6)
2 > Accept-Encoding: gzip,deflate
{"url":"https:\/\/www.saucedemo.com\/"}

20:31:14.401 [main] DEBUG com.intuit.karate - response time in milliseconds: 529
2 < 200
2 < Content-Length: 14
2 < Content-Type: application/json; charset=utf-8
2 < cache-control: no-cache
{"value":null}

20:31:14.407 [main] DEBUG com.intuit.karate - request:
3 > DELETE http://localhost:9515/session/d54668e9b00fe1100e392b26e655b4ac/window
3 > Host: localhost:9515
3 > Connection: Keep-Alive
3 > User-Agent: Apache-HttpClient/4.5.14 (Java/17.0.6)
3 > Accept-Encoding: gzip,deflate


20:31:14.592 [chromedriver_1710601271235-out] DEBUG c.i.k.d.chromedriver_1710601271235 - [1710601274.592][SEVERE]: Unable to receive message from renderer
20:31:14.840 [main] DEBUG com.intuit.karate - response time in milliseconds: 433
3 < 200
3 < Content-Length: 12
3 < Content-Type: application/json; charset=utf-8
3 < cache-control: no-cache
{"value":[]}

20:31:14.842 [main] DEBUG com.intuit.karate - request:
4 > DELETE http://localhost:9515/session/d54668e9b00fe1100e392b26e655b4ac
4 > Host: localhost:9515
4 > Connection: Keep-Alive
4 > User-Agent: Apache-HttpClient/4.5.14 (Java/17.0.6)
4 > Accept-Encoding: gzip,deflate


20:31:14.891 [main] DEBUG com.intuit.karate - response time in milliseconds: 48
4 < 200
4 < Content-Length: 14
4 < Content-Type: application/json; charset=utf-8
4 < cache-control: no-cache
{"value":null}

20:31:14.892 [main] DEBUG com.intuit.karate.shell.Command - closing command: chromedriver_1710601271235
20:31:15.037 [chromedriver_1710601271235] WARN  com.intuit.karate.shell.Command - exit code was non-zero: 1 - [chromedriver, --port=9515, --user-data-dir=C:\Users\akhil\eclipse-workspace\KarateUIAutomation\target\chromedriver_1710601271235] working dir: target\chromedriver_1710601271235
20:31:15.583 [main] INFO  com.intuit.karate.Suite - <<pass>> feature 1 of 1 (0 remaining) src/test/java/com/tests/RunUIAutomationScriptInChrome.feature
20:33:25.613 [main] INFO  com.intuit.karate.Suite - backed up existing 'target\karate-reports' dir to: target\karate-reports_1710601405608
20:33:26.895 [main] DEBUG com.intuit.karate.shell.Command - found / verified free local port: 9515
20:33:26.901 [chromedriver_1710601406878] DEBUG c.i.k.d.chromedriver_1710601406878 - command: [chromedriver, --port=9515, --user-data-dir=C:\Users\akhil\eclipse-workspace\KarateUIAutomation\target\chromedriver_1710601406878], working dir: target\chromedriver_1710601406878
20:33:26.908 [main] DEBUG c.i.k.d.chromedriver_1710601406878 - poll attempt #0 for port to be ready - localhost:9515
20:33:26.979 [chromedriver_1710601406878-out] DEBUG c.i.k.d.chromedriver_1710601406878 - Starting ChromeDriver 122.0.6261.128 (f18a44fedeb29764b2b5336c120fdd90ef1a3f5c-refs/branch-heads/6261@{#1057}) on port 9515
20:33:26.979 [chromedriver_1710601406878-out] DEBUG c.i.k.d.chromedriver_1710601406878 - Only local connections are allowed.
20:33:26.979 [chromedriver_1710601406878-out] DEBUG c.i.k.d.chromedriver_1710601406878 - Please see https://chromedriver.chromium.org/security-considerations for suggestions on keeping ChromeDriver safe.
20:33:26.983 [chromedriver_1710601406878-out] DEBUG c.i.k.d.chromedriver_1710601406878 - ChromeDriver was started successfully.
20:33:27.180 [main] DEBUG c.i.k.d.chromedriver_1710601406878 - poll attempt #1 for port to be ready - localhost:9515
20:33:27.755 [main] DEBUG com.intuit.karate - request:
1 > POST http://localhost:9515/session
1 > Content-Type: application/json; charset=UTF-8
1 > Content-Length: 57
1 > Host: localhost:9515
1 > Connection: Keep-Alive
1 > User-Agent: Apache-HttpClient/4.5.14 (Java/17.0.6)
1 > Accept-Encoding: gzip,deflate
{"capabilities":{"alwaysMatch":{"browserName":"chrome"}}}

20:33:29.106 [main] DEBUG com.intuit.karate - response time in milliseconds: 1346
1 < 200
1 < Content-Length: 884
1 < Content-Type: application/json; charset=utf-8
1 < cache-control: no-cache
{"value":{"capabilities":{"acceptInsecureCerts":false,"browserName":"chrome","browserVersion":"122.0.6261.129","chrome":{"chromedriverVersion":"122.0.6261.128 (f18a44fedeb29764b2b5336c120fdd90ef1a3f5c-refs/branch-heads/6261@{#1057})","userDataDir":"C:\\Users\\akhil\\AppData\\Local\\Temp\\scoped_dir22488_1811437623"},"fedcm:accounts":true,"goog:chromeOptions":{"debuggerAddress":"localhost:60875"},"networkConnectionEnabled":false,"pageLoadStrategy":"normal","platformName":"windows","proxy":{},"setWindowRect":true,"strictFileInteractability":false,"timeouts":{"implicit":0,"pageLoad":300000,"script":30000},"unhandledPromptBehavior":"dismiss and notify","webauthn:extension:credBlob":true,"webauthn:extension:largeBlob":true,"webauthn:extension:minPinLength":true,"webauthn:extension:prf":true,"webauthn:virtualAuthenticators":true},"sessionId":"8a94bd4d36c50c5927b9769bce1024b7"}}

20:33:29.112 [main] DEBUG c.i.k.d.chromedriver_1710601406878 - init session id: 8a94bd4d36c50c5927b9769bce1024b7
20:33:29.263 [main] DEBUG com.intuit.karate - request:
2 > POST http://localhost:9515/session/8a94bd4d36c50c5927b9769bce1024b7/url
2 > Content-Type: application/json; charset=UTF-8
2 > Content-Length: 39
2 > Host: localhost:9515
2 > Connection: Keep-Alive
2 > User-Agent: Apache-HttpClient/4.5.14 (Java/17.0.6)
2 > Accept-Encoding: gzip,deflate
{"url":"https:\/\/www.saucedemo.com\/"}

20:33:29.840 [main] DEBUG com.intuit.karate - response time in milliseconds: 576
2 < 200
2 < Content-Length: 14
2 < Content-Type: application/json; charset=utf-8
2 < cache-control: no-cache
{"value":null}

20:33:29.844 [main] DEBUG com.intuit.karate - request:
3 > DELETE http://localhost:9515/session/8a94bd4d36c50c5927b9769bce1024b7/window
3 > Host: localhost:9515
3 > Connection: Keep-Alive
3 > User-Agent: Apache-HttpClient/4.5.14 (Java/17.0.6)
3 > Accept-Encoding: gzip,deflate


20:33:30.055 [main] DEBUG com.intuit.karate - response time in milliseconds: 210
3 < 200
3 < Content-Length: 12
3 < Content-Type: application/json; charset=utf-8
3 < cache-control: no-cache
{"value":[]}

20:33:30.057 [main] DEBUG com.intuit.karate - request:
4 > DELETE http://localhost:9515/session/8a94bd4d36c50c5927b9769bce1024b7
4 > Host: localhost:9515
4 > Connection: Keep-Alive
4 > User-Agent: Apache-HttpClient/4.5.14 (Java/17.0.6)
4 > Accept-Encoding: gzip,deflate


20:33:30.130 [main] DEBUG com.intuit.karate - response time in milliseconds: 73
4 < 200
4 < Content-Length: 14
4 < Content-Type: application/json; charset=utf-8
4 < cache-control: no-cache
{"value":null}

20:33:30.132 [main] DEBUG com.intuit.karate.shell.Command - closing command: chromedriver_1710601406878
20:33:30.209 [chromedriver_1710601406878] WARN  com.intuit.karate.shell.Command - exit code was non-zero: 1 - [chromedriver, --port=9515, --user-data-dir=C:\Users\akhil\eclipse-workspace\KarateUIAutomation\target\chromedriver_1710601406878] working dir: target\chromedriver_1710601406878
20:33:30.826 [main] INFO  com.intuit.karate.Suite - <<pass>> feature 1 of 1 (0 remaining) src/test/java/com/tests/RunUIAutomationScriptInChrome.feature
21:18:56.749 [main] INFO  com.intuit.karate.Suite - backed up existing 'target\karate-reports' dir to: target\karate-reports_1710604136738
21:18:58.101 [main] DEBUG com.intuit.karate.shell.Command - found / verified free local port: 9515
21:18:58.106 [chromedriver_1710604138085] DEBUG c.i.k.d.chromedriver_1710604138085 - command: [KarateUIAutomationrc	estavarowserDrivershromedriver.exe, --port=9515, --user-data-dir=C:\Users\akhil\eclipse-workspace\KarateUIAutomation\target\chromedriver_1710604138085], working dir: target\chromedriver_1710604138085
21:18:58.109 [chromedriver_1710604138085] ERROR com.intuit.karate.shell.Command - command error: [KarateUIAutomationrc	estavarowserDrivershromedriver.exe, --port=9515, --user-data-dir=C:\Users\akhil\eclipse-workspace\KarateUIAutomation\target\chromedriver_1710604138085] - Cannot run program "KarateUIAutomationrc	estavarowserDrivershromedriver.exe" (in directory "target\chromedriver_1710604138085"): CreateProcess error=2, The system cannot find the file specified
21:19:03.549 [main] ERROR com.intuit.karate - driver config / start failed: start failed, options: {type=chromedriver, executable=KarateUIAutomationrc	estavarowserDrivershromedriver.exe, target=null}
com.intuit.karate.KarateException: start failed
	at com.intuit.karate.driver.DriverOptions.startProcess(DriverOptions.java:285)
	at com.intuit.karate.driver.DriverOptions.startProcess(DriverOptions.java:260)
	at com.intuit.karate.driver.WebDriver.<init>(WebDriver.java:58)
	at com.intuit.karate.driver.chrome.ChromeWebDriver.<init>(ChromeWebDriver.java:42)
	at com.intuit.karate.driver.chrome.ChromeWebDriver.start(ChromeWebDriver.java:51)
	at com.intuit.karate.driver.DriverOptions.start(DriverOptions.java:316)
	at com.intuit.karate.core.ScenarioEngine.driver(ScenarioEngine.java:969)
	at com.intuit.karate.ScenarioActions.driver(ScenarioActions.java:410)
	at java.base/jdk.internal.reflect.NativeMethodAccessorImpl.invoke0(Native Method)
	at java.base/jdk.internal.reflect.NativeMethodAccessorImpl.invoke(NativeMethodAccessorImpl.java:77)
	at java.base/jdk.internal.reflect.DelegatingMethodAccessorImpl.invoke(DelegatingMethodAccessorImpl.java:43)
	at java.base/java.lang.reflect.Method.invoke(Method.java:568)
	at com.intuit.karate.core.StepRuntime.execute(StepRuntime.java:286)
	at com.intuit.karate.core.ScenarioRuntime.execute(ScenarioRuntime.java:448)
	at com.intuit.karate.core.ScenarioRuntime.run(ScenarioRuntime.java:399)
	at com.intuit.karate.core.FeatureRuntime.processScenario(FeatureRuntime.java:193)
	at java.base/java.util.stream.ReferencePipeline$2$1.accept(ReferencePipeline.java:179)
	at com.intuit.karate.core.ScenarioIterator.tryAdvance(ScenarioIterator.java:162)
	at java.base/java.util.Spliterator.forEachRemaining(Spliterator.java:332)
	at java.base/java.util.stream.AbstractPipeline.copyInto(AbstractPipeline.java:509)
	at java.base/java.util.stream.AbstractPipeline.wrapAndCopyInto(AbstractPipeline.java:499)
	at java.base/java.util.stream.StreamSpliterators$WrappingSpliterator.forEachRemaining(StreamSpliterators.java:310)
	at java.base/java.util.Spliterators$1Adapter.forEachRemaining(Spliterators.java:706)
	at com.intuit.karate.core.FeatureRuntime.run(FeatureRuntime.java:182)
	at java.base/java.util.concurrent.Executors$RunnableAdapter.call(Executors.java:539)
	at java.base/java.util.concurrent.FutureTask.run(FutureTask.java:264)
	at com.intuit.karate.core.SyncExecutorService.execute(SyncExecutorService.java:70)
	at java.base/java.util.concurrent.AbstractExecutorService.submit(AbstractExecutorService.java:123)
	at com.intuit.karate.Suite.run(Suite.java:239)
	at com.intuit.karate.Runner$Builder.parallel(Runner.java:484)
	at com.intuit.karate.cli.IdeMain.main(IdeMain.java:60)
	at cucumber.api.cli.Main.main(Main.java:5)
Caused by: java.io.IOException: Cannot run program "KarateUIAutomationrc	estavarowserDrivershromedriver.exe" (in directory "target\chromedriver_1710604138085"): CreateProcess error=2, The system cannot find the file specified
	at java.base/java.lang.ProcessBuilder.start(ProcessBuilder.java:1143)
	at java.base/java.lang.ProcessBuilder.start(ProcessBuilder.java:1073)
	at com.intuit.karate.shell.Command.run(Command.java:355)
Caused by: java.io.IOException: CreateProcess error=2, The system cannot find the file specified
	at java.base/java.lang.ProcessImpl.create(Native Method)
	at java.base/java.lang.ProcessImpl.<init>(ProcessImpl.java:499)
	at java.base/java.lang.ProcessImpl.start(ProcessImpl.java:158)
	at java.base/java.lang.ProcessBuilder.start(ProcessBuilder.java:1110)
	... 2 common frames omitted
21:19:03.570 [main] ERROR com.intuit.karate - src/test/java/com/tests/RunUIAutomationScriptInChrome.feature:7
Given driver 'https://www.saucedemo.com/'
driver config / start failed: start failed, options: {type=chromedriver, executable=KarateUIAutomationrc	estavarowserDrivershromedriver.exe, target=null}
src/test/java/com/tests/RunUIAutomationScriptInChrome.feature:7
21:19:04.295 [main] INFO  com.intuit.karate.Suite - <<fail>> feature 1 of 1 (0 remaining) src/test/java/com/tests/RunUIAutomationScriptInChrome.feature
21:19:17.238 [main] INFO  com.intuit.karate.Suite - backed up existing 'target\karate-reports' dir to: target\karate-reports_1710604157233
21:19:18.328 [main] DEBUG com.intuit.karate.shell.Command - found / verified free local port: 9515
21:19:18.332 [chromedriver_1710604158312] DEBUG c.i.k.d.chromedriver_1710604158312 - command: [C:serskhilclipse-workspacearateUIAutomationrc	estavarowserDrivershromedriver.exe, --port=9515, --user-data-dir=C:\Users\akhil\eclipse-workspace\KarateUIAutomation\target\chromedriver_1710604158312], working dir: target\chromedriver_1710604158312
21:19:18.338 [chromedriver_1710604158312] ERROR com.intuit.karate.shell.Command - command error: [C:serskhilclipse-workspacearateUIAutomationrc	estavarowserDrivershromedriver.exe, --port=9515, --user-data-dir=C:\Users\akhil\eclipse-workspace\KarateUIAutomation\target\chromedriver_1710604158312] - Cannot run program "C:serskhilclipse-workspacearateUIAutomationrc	estavarowserDrivershromedriver.exe" (in directory "target\chromedriver_1710604158312"): CreateProcess error=2, The system cannot find the file specified
21:19:23.843 [main] ERROR com.intuit.karate - driver config / start failed: start failed, options: {type=chromedriver, executable=C:serskhilclipse-workspacearateUIAutomationrc	estavarowserDrivershromedriver.exe, target=null}
com.intuit.karate.KarateException: start failed
	at com.intuit.karate.driver.DriverOptions.startProcess(DriverOptions.java:285)
	at com.intuit.karate.driver.DriverOptions.startProcess(DriverOptions.java:260)
	at com.intuit.karate.driver.WebDriver.<init>(WebDriver.java:58)
	at com.intuit.karate.driver.chrome.ChromeWebDriver.<init>(ChromeWebDriver.java:42)
	at com.intuit.karate.driver.chrome.ChromeWebDriver.start(ChromeWebDriver.java:51)
	at com.intuit.karate.driver.DriverOptions.start(DriverOptions.java:316)
	at com.intuit.karate.core.ScenarioEngine.driver(ScenarioEngine.java:969)
	at com.intuit.karate.ScenarioActions.driver(ScenarioActions.java:410)
	at java.base/jdk.internal.reflect.NativeMethodAccessorImpl.invoke0(Native Method)
	at java.base/jdk.internal.reflect.NativeMethodAccessorImpl.invoke(NativeMethodAccessorImpl.java:77)
	at java.base/jdk.internal.reflect.DelegatingMethodAccessorImpl.invoke(DelegatingMethodAccessorImpl.java:43)
	at java.base/java.lang.reflect.Method.invoke(Method.java:568)
	at com.intuit.karate.core.StepRuntime.execute(StepRuntime.java:286)
	at com.intuit.karate.core.ScenarioRuntime.execute(ScenarioRuntime.java:448)
	at com.intuit.karate.core.ScenarioRuntime.run(ScenarioRuntime.java:399)
	at com.intuit.karate.core.FeatureRuntime.processScenario(FeatureRuntime.java:193)
	at java.base/java.util.stream.ReferencePipeline$2$1.accept(ReferencePipeline.java:179)
	at com.intuit.karate.core.ScenarioIterator.tryAdvance(ScenarioIterator.java:162)
	at java.base/java.util.Spliterator.forEachRemaining(Spliterator.java:332)
	at java.base/java.util.stream.AbstractPipeline.copyInto(AbstractPipeline.java:509)
	at java.base/java.util.stream.AbstractPipeline.wrapAndCopyInto(AbstractPipeline.java:499)
	at java.base/java.util.stream.StreamSpliterators$WrappingSpliterator.forEachRemaining(StreamSpliterators.java:310)
	at java.base/java.util.Spliterators$1Adapter.forEachRemaining(Spliterators.java:706)
	at com.intuit.karate.core.FeatureRuntime.run(FeatureRuntime.java:182)
	at java.base/java.util.concurrent.Executors$RunnableAdapter.call(Executors.java:539)
	at java.base/java.util.concurrent.FutureTask.run(FutureTask.java:264)
	at com.intuit.karate.core.SyncExecutorService.execute(SyncExecutorService.java:70)
	at java.base/java.util.concurrent.AbstractExecutorService.submit(AbstractExecutorService.java:123)
	at com.intuit.karate.Suite.run(Suite.java:239)
	at com.intuit.karate.Runner$Builder.parallel(Runner.java:484)
	at com.intuit.karate.cli.IdeMain.main(IdeMain.java:60)
	at cucumber.api.cli.Main.main(Main.java:5)
Caused by: java.io.IOException: Cannot run program "C:serskhilclipse-workspacearateUIAutomationrc	estavarowserDrivershromedriver.exe" (in directory "target\chromedriver_1710604158312"): CreateProcess error=2, The system cannot find the file specified
	at java.base/java.lang.ProcessBuilder.start(ProcessBuilder.java:1143)
	at java.base/java.lang.ProcessBuilder.start(ProcessBuilder.java:1073)
	at com.intuit.karate.shell.Command.run(Command.java:355)
Caused by: java.io.IOException: CreateProcess error=2, The system cannot find the file specified
	at java.base/java.lang.ProcessImpl.create(Native Method)
	at java.base/java.lang.ProcessImpl.<init>(ProcessImpl.java:499)
	at java.base/java.lang.ProcessImpl.start(ProcessImpl.java:158)
	at java.base/java.lang.ProcessBuilder.start(ProcessBuilder.java:1110)
	... 2 common frames omitted
21:19:23.857 [main] ERROR com.intuit.karate - src/test/java/com/tests/RunUIAutomationScriptInChrome.feature:7
Given driver 'https://www.saucedemo.com/'
driver config / start failed: start failed, options: {type=chromedriver, executable=C:serskhilclipse-workspacearateUIAutomationrc	estavarowserDrivershromedriver.exe, target=null}
src/test/java/com/tests/RunUIAutomationScriptInChrome.feature:7
21:19:24.394 [main] INFO  com.intuit.karate.Suite - <<fail>> feature 1 of 1 (0 remaining) src/test/java/com/tests/RunUIAutomationScriptInChrome.feature
21:20:11.630 [main] INFO  com.intuit.karate.Suite - backed up existing 'target\karate-reports' dir to: target\karate-reports_1710604211625
21:20:12.669 [main] DEBUG com.intuit.karate.shell.Command - found / verified free local port: 9515
21:20:12.672 [chromedriver_1710604212659] DEBUG c.i.k.d.chromedriver_1710604212659 - command: [C:/Users/akhil/eclipse-workspace/KarateUIAutomation/src/test/java/BrowserDrivers/chromedriver.exe, --port=9515, --user-data-dir=C:\Users\akhil\eclipse-workspace\KarateUIAutomation\target\chromedriver_1710604212659], working dir: target\chromedriver_1710604212659
21:20:12.680 [main] DEBUG c.i.k.d.chromedriver_1710604212659 - poll attempt #0 for port to be ready - localhost:9515
21:20:12.852 [chromedriver_1710604212659-out] DEBUG c.i.k.d.chromedriver_1710604212659 - Starting ChromeDriver 122.0.6261.128 (f18a44fedeb29764b2b5336c120fdd90ef1a3f5c-refs/branch-heads/6261@{#1057}) on port 9515
21:20:12.852 [chromedriver_1710604212659-out] DEBUG c.i.k.d.chromedriver_1710604212659 - Only local connections are allowed.
21:20:12.852 [chromedriver_1710604212659-out] DEBUG c.i.k.d.chromedriver_1710604212659 - Please see https://chromedriver.chromium.org/security-considerations for suggestions on keeping ChromeDriver safe.
21:20:12.859 [chromedriver_1710604212659-out] DEBUG c.i.k.d.chromedriver_1710604212659 - ChromeDriver was started successfully.
21:20:12.941 [main] DEBUG c.i.k.d.chromedriver_1710604212659 - poll attempt #1 for port to be ready - localhost:9515
21:20:13.374 [main] DEBUG com.intuit.karate - request:
1 > POST http://localhost:9515/session
1 > Content-Type: application/json; charset=UTF-8
1 > Content-Length: 57
1 > Host: localhost:9515
1 > Connection: Keep-Alive
1 > User-Agent: Apache-HttpClient/4.5.14 (Java/17.0.6)
1 > Accept-Encoding: gzip,deflate
{"capabilities":{"alwaysMatch":{"browserName":"chrome"}}}

21:20:14.575 [main] DEBUG com.intuit.karate - response time in milliseconds: 1198
1 < 200
1 < Content-Length: 883
1 < Content-Type: application/json; charset=utf-8
1 < cache-control: no-cache
{"value":{"capabilities":{"acceptInsecureCerts":false,"browserName":"chrome","browserVersion":"122.0.6261.129","chrome":{"chromedriverVersion":"122.0.6261.128 (f18a44fedeb29764b2b5336c120fdd90ef1a3f5c-refs/branch-heads/6261@{#1057})","userDataDir":"C:\\Users\\akhil\\AppData\\Local\\Temp\\scoped_dir3564_1895094446"},"fedcm:accounts":true,"goog:chromeOptions":{"debuggerAddress":"localhost:61271"},"networkConnectionEnabled":false,"pageLoadStrategy":"normal","platformName":"windows","proxy":{},"setWindowRect":true,"strictFileInteractability":false,"timeouts":{"implicit":0,"pageLoad":300000,"script":30000},"unhandledPromptBehavior":"dismiss and notify","webauthn:extension:credBlob":true,"webauthn:extension:largeBlob":true,"webauthn:extension:minPinLength":true,"webauthn:extension:prf":true,"webauthn:virtualAuthenticators":true},"sessionId":"97fa463d8afca8822a34ccc9f30362bc"}}

21:20:14.584 [main] DEBUG c.i.k.d.chromedriver_1710604212659 - init session id: 97fa463d8afca8822a34ccc9f30362bc
21:20:14.770 [main] DEBUG com.intuit.karate - request:
2 > POST http://localhost:9515/session/97fa463d8afca8822a34ccc9f30362bc/url
2 > Content-Type: application/json; charset=UTF-8
2 > Content-Length: 39
2 > Host: localhost:9515
2 > Connection: Keep-Alive
2 > User-Agent: Apache-HttpClient/4.5.14 (Java/17.0.6)
2 > Accept-Encoding: gzip,deflate
{"url":"https:\/\/www.saucedemo.com\/"}

21:20:15.057 [main] DEBUG com.intuit.karate - response time in milliseconds: 287
2 < 200
2 < Content-Length: 14
2 < Content-Type: application/json; charset=utf-8
2 < cache-control: no-cache
{"value":null}

21:20:15.061 [main] DEBUG com.intuit.karate - request:
3 > DELETE http://localhost:9515/session/97fa463d8afca8822a34ccc9f30362bc/window
3 > Host: localhost:9515
3 > Connection: Keep-Alive
3 > User-Agent: Apache-HttpClient/4.5.14 (Java/17.0.6)
3 > Accept-Encoding: gzip,deflate


21:20:15.231 [main] DEBUG com.intuit.karate - response time in milliseconds: 170
3 < 200
3 < Content-Length: 12
3 < Content-Type: application/json; charset=utf-8
3 < cache-control: no-cache
{"value":[]}

21:20:15.234 [main] DEBUG com.intuit.karate - request:
4 > DELETE http://localhost:9515/session/97fa463d8afca8822a34ccc9f30362bc
4 > Host: localhost:9515
4 > Connection: Keep-Alive
4 > User-Agent: Apache-HttpClient/4.5.14 (Java/17.0.6)
4 > Accept-Encoding: gzip,deflate


21:20:15.294 [main] DEBUG com.intuit.karate - response time in milliseconds: 60
4 < 200
4 < Content-Length: 14
4 < Content-Type: application/json; charset=utf-8
4 < cache-control: no-cache
{"value":null}

21:20:15.295 [main] DEBUG com.intuit.karate.shell.Command - closing command: chromedriver_1710604212659
21:20:15.488 [chromedriver_1710604212659] WARN  com.intuit.karate.shell.Command - exit code was non-zero: 1 - [C:/Users/akhil/eclipse-workspace/KarateUIAutomation/src/test/java/BrowserDrivers/chromedriver.exe, --port=9515, --user-data-dir=C:\Users\akhil\eclipse-workspace\KarateUIAutomation\target\chromedriver_1710604212659] working dir: target\chromedriver_1710604212659
21:20:15.998 [main] INFO  com.intuit.karate.Suite - <<pass>> feature 1 of 1 (0 remaining) src/test/java/com/tests/RunUIAutomationScriptInChrome.feature
21:20:46.907 [main] INFO  com.intuit.karate.Suite - backed up existing 'target\karate-reports' dir to: target\karate-reports_1710604246901
21:20:47.962 [main] DEBUG com.intuit.karate.shell.Command - found / verified free local port: 9515
21:20:47.965 [chromedriver_1710604247951] DEBUG c.i.k.d.chromedriver_1710604247951 - command: [KarateUIAutomation/src/test/java/BrowserDrivers/chromedriver.exe, --port=9515, --user-data-dir=C:\Users\akhil\eclipse-workspace\KarateUIAutomation\target\chromedriver_1710604247951], working dir: target\chromedriver_1710604247951
21:20:47.973 [main] DEBUG c.i.k.d.chromedriver_1710604247951 - poll attempt #0 for port to be ready - localhost:9515
21:20:47.980 [chromedriver_1710604247951] ERROR com.intuit.karate.shell.Command - command error: [KarateUIAutomation/src/test/java/BrowserDrivers/chromedriver.exe, --port=9515, --user-data-dir=C:\Users\akhil\eclipse-workspace\KarateUIAutomation\target\chromedriver_1710604247951] - Cannot run program "KarateUIAutomation/src/test/java/BrowserDrivers/chromedriver.exe" (in directory "target\chromedriver_1710604247951"): CreateProcess error=2, The system cannot find the file specified
21:20:53.392 [main] ERROR com.intuit.karate - driver config / start failed: start failed, options: {type=chromedriver, executable=KarateUIAutomation/src/test/java/BrowserDrivers/chromedriver.exe, target=null}
com.intuit.karate.KarateException: start failed
	at com.intuit.karate.driver.DriverOptions.startProcess(DriverOptions.java:285)
	at com.intuit.karate.driver.DriverOptions.startProcess(DriverOptions.java:260)
	at com.intuit.karate.driver.WebDriver.<init>(WebDriver.java:58)
	at com.intuit.karate.driver.chrome.ChromeWebDriver.<init>(ChromeWebDriver.java:42)
	at com.intuit.karate.driver.chrome.ChromeWebDriver.start(ChromeWebDriver.java:51)
	at com.intuit.karate.driver.DriverOptions.start(DriverOptions.java:316)
	at com.intuit.karate.core.ScenarioEngine.driver(ScenarioEngine.java:969)
	at com.intuit.karate.ScenarioActions.driver(ScenarioActions.java:410)
	at java.base/jdk.internal.reflect.NativeMethodAccessorImpl.invoke0(Native Method)
	at java.base/jdk.internal.reflect.NativeMethodAccessorImpl.invoke(NativeMethodAccessorImpl.java:77)
	at java.base/jdk.internal.reflect.DelegatingMethodAccessorImpl.invoke(DelegatingMethodAccessorImpl.java:43)
	at java.base/java.lang.reflect.Method.invoke(Method.java:568)
	at com.intuit.karate.core.StepRuntime.execute(StepRuntime.java:286)
	at com.intuit.karate.core.ScenarioRuntime.execute(ScenarioRuntime.java:448)
	at com.intuit.karate.core.ScenarioRuntime.run(ScenarioRuntime.java:399)
	at com.intuit.karate.core.FeatureRuntime.processScenario(FeatureRuntime.java:193)
	at java.base/java.util.stream.ReferencePipeline$2$1.accept(ReferencePipeline.java:179)
	at com.intuit.karate.core.ScenarioIterator.tryAdvance(ScenarioIterator.java:162)
	at java.base/java.util.Spliterator.forEachRemaining(Spliterator.java:332)
	at java.base/java.util.stream.AbstractPipeline.copyInto(AbstractPipeline.java:509)
	at java.base/java.util.stream.AbstractPipeline.wrapAndCopyInto(AbstractPipeline.java:499)
	at java.base/java.util.stream.StreamSpliterators$WrappingSpliterator.forEachRemaining(StreamSpliterators.java:310)
	at java.base/java.util.Spliterators$1Adapter.forEachRemaining(Spliterators.java:706)
	at com.intuit.karate.core.FeatureRuntime.run(FeatureRuntime.java:182)
	at java.base/java.util.concurrent.Executors$RunnableAdapter.call(Executors.java:539)
	at java.base/java.util.concurrent.FutureTask.run(FutureTask.java:264)
	at com.intuit.karate.core.SyncExecutorService.execute(SyncExecutorService.java:70)
	at java.base/java.util.concurrent.AbstractExecutorService.submit(AbstractExecutorService.java:123)
	at com.intuit.karate.Suite.run(Suite.java:239)
	at com.intuit.karate.Runner$Builder.parallel(Runner.java:484)
	at com.intuit.karate.cli.IdeMain.main(IdeMain.java:60)
	at cucumber.api.cli.Main.main(Main.java:5)
Caused by: java.io.IOException: Cannot run program "KarateUIAutomation/src/test/java/BrowserDrivers/chromedriver.exe" (in directory "target\chromedriver_1710604247951"): CreateProcess error=2, The system cannot find the file specified
	at java.base/java.lang.ProcessBuilder.start(ProcessBuilder.java:1143)
	at java.base/java.lang.ProcessBuilder.start(ProcessBuilder.java:1073)
	at com.intuit.karate.shell.Command.run(Command.java:355)
Caused by: java.io.IOException: CreateProcess error=2, The system cannot find the file specified
	at java.base/java.lang.ProcessImpl.create(Native Method)
	at java.base/java.lang.ProcessImpl.<init>(ProcessImpl.java:499)
	at java.base/java.lang.ProcessImpl.start(ProcessImpl.java:158)
	at java.base/java.lang.ProcessBuilder.start(ProcessBuilder.java:1110)
	... 2 common frames omitted
21:20:53.414 [main] ERROR com.intuit.karate - src/test/java/com/tests/RunUIAutomationScriptInChrome.feature:7
Given driver 'https://www.saucedemo.com/'
driver config / start failed: start failed, options: {type=chromedriver, executable=KarateUIAutomation/src/test/java/BrowserDrivers/chromedriver.exe, target=null}
src/test/java/com/tests/RunUIAutomationScriptInChrome.feature:7
21:20:53.952 [main] INFO  com.intuit.karate.Suite - <<fail>> feature 1 of 1 (0 remaining) src/test/java/com/tests/RunUIAutomationScriptInChrome.feature
21:23:21.805 [main] INFO  com.intuit.karate.Suite - backed up existing 'target\karate-reports' dir to: target\karate-reports_1710604401801
21:23:22.898 [main] DEBUG com.intuit.karate.shell.Command - found / verified free local port: 9515
21:23:22.901 [chromedriver_1710604402888] DEBUG c.i.k.d.chromedriver_1710604402888 - command: [C:/Users/akhil/eclipse-workspace/KarateUIAutomation/src/test/java/BrowserDrivers/chromedriver.exe, --port=9515, --user-data-dir=C:\Users\akhil\eclipse-workspace\KarateUIAutomation\target\chromedriver_1710604402888], working dir: target\chromedriver_1710604402888
21:23:22.909 [main] DEBUG c.i.k.d.chromedriver_1710604402888 - poll attempt #0 for port to be ready - localhost:9515
21:23:22.950 [chromedriver_1710604402888-out] DEBUG c.i.k.d.chromedriver_1710604402888 - Starting ChromeDriver 122.0.6261.128 (f18a44fedeb29764b2b5336c120fdd90ef1a3f5c-refs/branch-heads/6261@{#1057}) on port 9515
21:23:22.950 [chromedriver_1710604402888-out] DEBUG c.i.k.d.chromedriver_1710604402888 - Only local connections are allowed.
21:23:22.950 [chromedriver_1710604402888-out] DEBUG c.i.k.d.chromedriver_1710604402888 - Please see https://chromedriver.chromium.org/security-considerations for suggestions on keeping ChromeDriver safe.
21:23:22.958 [chromedriver_1710604402888-out] DEBUG c.i.k.d.chromedriver_1710604402888 - ChromeDriver was started successfully.
21:23:23.175 [main] DEBUG c.i.k.d.chromedriver_1710604402888 - poll attempt #1 for port to be ready - localhost:9515
21:23:23.535 [main] DEBUG com.intuit.karate - request:
1 > POST http://localhost:9515/session
1 > Content-Type: application/json; charset=UTF-8
1 > Content-Length: 57
1 > Host: localhost:9515
1 > Connection: Keep-Alive
1 > User-Agent: Apache-HttpClient/4.5.14 (Java/17.0.6)
1 > Accept-Encoding: gzip,deflate
{"capabilities":{"alwaysMatch":{"browserName":"chrome"}}}

21:23:24.373 [main] DEBUG com.intuit.karate - response time in milliseconds: 834
1 < 200
1 < Content-Length: 883
1 < Content-Type: application/json; charset=utf-8
1 < cache-control: no-cache
{"value":{"capabilities":{"acceptInsecureCerts":false,"browserName":"chrome","browserVersion":"122.0.6261.129","chrome":{"chromedriverVersion":"122.0.6261.128 (f18a44fedeb29764b2b5336c120fdd90ef1a3f5c-refs/branch-heads/6261@{#1057})","userDataDir":"C:\\Users\\akhil\\AppData\\Local\\Temp\\scoped_dir4212_1814754823"},"fedcm:accounts":true,"goog:chromeOptions":{"debuggerAddress":"localhost:61297"},"networkConnectionEnabled":false,"pageLoadStrategy":"normal","platformName":"windows","proxy":{},"setWindowRect":true,"strictFileInteractability":false,"timeouts":{"implicit":0,"pageLoad":300000,"script":30000},"unhandledPromptBehavior":"dismiss and notify","webauthn:extension:credBlob":true,"webauthn:extension:largeBlob":true,"webauthn:extension:minPinLength":true,"webauthn:extension:prf":true,"webauthn:virtualAuthenticators":true},"sessionId":"9d2e143df6fd4335b79e7e8bcbdef0e3"}}

21:23:24.383 [main] DEBUG c.i.k.d.chromedriver_1710604402888 - init session id: 9d2e143df6fd4335b79e7e8bcbdef0e3
21:23:24.623 [main] DEBUG com.intuit.karate - request:
2 > POST http://localhost:9515/session/9d2e143df6fd4335b79e7e8bcbdef0e3/url
2 > Content-Type: application/json; charset=UTF-8
2 > Content-Length: 39
2 > Host: localhost:9515
2 > Connection: Keep-Alive
2 > User-Agent: Apache-HttpClient/4.5.14 (Java/17.0.6)
2 > Accept-Encoding: gzip,deflate
{"url":"https:\/\/www.saucedemo.com\/"}

21:23:25.045 [main] DEBUG com.intuit.karate - response time in milliseconds: 420
2 < 200
2 < Content-Length: 14
2 < Content-Type: application/json; charset=utf-8
2 < cache-control: no-cache
{"value":null}

21:23:25.051 [main] DEBUG com.intuit.karate - request:
3 > DELETE http://localhost:9515/session/9d2e143df6fd4335b79e7e8bcbdef0e3/window
3 > Host: localhost:9515
3 > Connection: Keep-Alive
3 > User-Agent: Apache-HttpClient/4.5.14 (Java/17.0.6)
3 > Accept-Encoding: gzip,deflate


21:23:25.132 [chromedriver_1710604402888-out] DEBUG c.i.k.d.chromedriver_1710604402888 - [1710604405.133][SEVERE]: Unable to receive message from renderer
21:23:25.227 [main] DEBUG com.intuit.karate - response time in milliseconds: 175
3 < 200
3 < Content-Length: 12
3 < Content-Type: application/json; charset=utf-8
3 < cache-control: no-cache
{"value":[]}

21:23:25.231 [main] DEBUG com.intuit.karate - request:
4 > DELETE http://localhost:9515/session/9d2e143df6fd4335b79e7e8bcbdef0e3
4 > Host: localhost:9515
4 > Connection: Keep-Alive
4 > User-Agent: Apache-HttpClient/4.5.14 (Java/17.0.6)
4 > Accept-Encoding: gzip,deflate


21:23:25.286 [main] DEBUG com.intuit.karate - response time in milliseconds: 55
4 < 200
4 < Content-Length: 14
4 < Content-Type: application/json; charset=utf-8
4 < cache-control: no-cache
{"value":null}

21:23:25.287 [main] DEBUG com.intuit.karate.shell.Command - closing command: chromedriver_1710604402888
21:23:25.336 [chromedriver_1710604402888] WARN  com.intuit.karate.shell.Command - exit code was non-zero: 1 - [C:/Users/akhil/eclipse-workspace/KarateUIAutomation/src/test/java/BrowserDrivers/chromedriver.exe, --port=9515, --user-data-dir=C:\Users\akhil\eclipse-workspace\KarateUIAutomation\target\chromedriver_1710604402888] working dir: target\chromedriver_1710604402888
21:23:25.896 [main] INFO  com.intuit.karate.Suite - <<pass>> feature 1 of 1 (0 remaining) src/test/java/com/tests/RunUIAutomationScriptInChrome.feature
22:03:54.587 [main] DEBUG com.intuit.karate.Suite - [config] classpath:karate-config.js
22:03:54.595 [main] INFO  com.intuit.karate.Suite - backed up existing 'target\karate-reports' dir to: target\karate-reports_1710606834592
22:03:55.771 [main] ERROR com.intuit.karate - src/test/java/com/tests/RunUIAutomationScriptInChrome.feature:10
* configure driver = { type: 'chromedriver', executable: 'chromedriver' }
>> src/test/java/com/tests/RunUIAutomationScriptInChrome.feature:11
>> karate-config.js failed
>> js failed:
>>>>
01: ()
<<<<
org.graalvm.polyglot.PolyglotException: SyntaxError: Unnamed:1:2 Expected => but found eof
()
  ^

- org.graalvm.polyglot.Context.eval(Context.java:425)
- com.intuit.karate.graal.JsEngine.evalForValue(JsEngine.java:169)
- com.intuit.karate.graal.JsEngine.eval(JsEngine.java:165)
- com.intuit.karate.core.ScenarioEngine.evalJs(ScenarioEngine.java:1286)
- com.intuit.karate.core.ScenarioRuntime.evalConfigJs(ScenarioRuntime.java:296)
- com.intuit.karate.core.ScenarioRuntime.beforeRun(ScenarioRuntime.java:371)
- com.intuit.karate.core.ScenarioRuntime.run(ScenarioRuntime.java:390)

js failed:
>>>>
<<<<
com.intuit.karate.KarateException: js failed:
>>>>
01: ()
<<<<
org.graalvm.polyglot.PolyglotException: SyntaxError: Unnamed:1:2 Expected => but found eof
()
  ^

- org.graalvm.polyglot.Context.eval(Context.java:425)
- com.intuit.karate.graal.JsEngine.evalForValue(JsEngine.java:169)
- com.intuit.karate.graal.JsEngine.eval(JsEngine.java:165)
- com.intuit.karate.core.ScenarioEngine.evalJs(ScenarioEngine.java:1286)
- com.intuit.karate.core.ScenarioRuntime.evalConfigJs(ScenarioRuntime.java:296)
- com.intuit.karate.core.ScenarioRuntime.beforeRun(ScenarioRuntime.java:371)
- com.intuit.karate.core.ScenarioRuntime.run(ScenarioRuntime.java:390)

- com.intuit.karate.graal.JsEngine.fromJsEvalException(JsEngine.java:253)
- com.intuit.karate.core.ScenarioEngine.evalJs(ScenarioEngine.java:1288)
- com.intuit.karate.core.ScenarioRuntime.evalConfigJs(ScenarioRuntime.java:296)
- com.intuit.karate.core.ScenarioRuntime.beforeRun(ScenarioRuntime.java:371)
- com.intuit.karate.core.ScenarioRuntime.run(ScenarioRuntime.java:390)
- com.intuit.karate.core.FeatureRuntime.processScenario(FeatureRuntime.java:193)
- java.base/java.util.stream.ReferencePipeline$2$1.accept(ReferencePipeline.java:179)

src/test/java/com/tests/RunUIAutomationScriptInChrome.feature:10
22:03:55.772 [main] ERROR com.intuit.karate - src/test/java/com/tests/RunUIAutomationScriptInChrome.feature:12
Given driver 'https://www.saucedemo.com/'
>> src/test/java/com/tests/RunUIAutomationScriptInChrome.feature:11
>> karate-config.js failed
>> js failed:
>>>>
01: ()
<<<<
org.graalvm.polyglot.PolyglotException: SyntaxError: Unnamed:1:2 Expected => but found eof
()
  ^

- org.graalvm.polyglot.Context.eval(Context.java:425)
- com.intuit.karate.graal.JsEngine.evalForValue(JsEngine.java:169)
- com.intuit.karate.graal.JsEngine.eval(JsEngine.java:165)
- com.intuit.karate.core.ScenarioEngine.evalJs(ScenarioEngine.java:1286)
- com.intuit.karate.core.ScenarioRuntime.evalConfigJs(ScenarioRuntime.java:296)
- com.intuit.karate.core.ScenarioRuntime.beforeRun(ScenarioRuntime.java:371)
- com.intuit.karate.core.ScenarioRuntime.run(ScenarioRuntime.java:390)

js failed:
>>>>
<<<<
com.intuit.karate.KarateException: js failed:
>>>>
01: ()
<<<<
org.graalvm.polyglot.PolyglotException: SyntaxError: Unnamed:1:2 Expected => but found eof
()
  ^

- org.graalvm.polyglot.Context.eval(Context.java:425)
- com.intuit.karate.graal.JsEngine.evalForValue(JsEngine.java:169)
- com.intuit.karate.graal.JsEngine.eval(JsEngine.java:165)
- com.intuit.karate.core.ScenarioEngine.evalJs(ScenarioEngine.java:1286)
- com.intuit.karate.core.ScenarioRuntime.evalConfigJs(ScenarioRuntime.java:296)
- com.intuit.karate.core.ScenarioRuntime.beforeRun(ScenarioRuntime.java:371)
- com.intuit.karate.core.ScenarioRuntime.run(ScenarioRuntime.java:390)

- com.intuit.karate.graal.JsEngine.fromJsEvalException(JsEngine.java:253)
- com.intuit.karate.core.ScenarioEngine.evalJs(ScenarioEngine.java:1288)
- com.intuit.karate.core.ScenarioRuntime.evalConfigJs(ScenarioRuntime.java:296)
- com.intuit.karate.core.ScenarioRuntime.beforeRun(ScenarioRuntime.java:371)
- com.intuit.karate.core.ScenarioRuntime.run(ScenarioRuntime.java:390)
- com.intuit.karate.core.FeatureRuntime.processScenario(FeatureRuntime.java:193)
- java.base/java.util.stream.ReferencePipeline$2$1.accept(ReferencePipeline.java:179)

src/test/java/com/tests/RunUIAutomationScriptInChrome.feature:10
src/test/java/com/tests/RunUIAutomationScriptInChrome.feature:12
22:03:56.482 [main] INFO  com.intuit.karate.Suite - <<fail>> feature 1 of 1 (0 remaining) src/test/java/com/tests/RunUIAutomationScriptInChrome.feature
22:04:22.995 [main] DEBUG com.intuit.karate.Suite - [config] classpath:karate-config.js
22:04:23.008 [main] INFO  com.intuit.karate.Suite - backed up existing 'target\karate-reports' dir to: target\karate-reports_1710606863002
22:04:23.951 [main] ERROR com.intuit.karate - src/test/java/com/tests/RunUIAutomationScriptInChrome.feature:6
* configure driver = { type: 'chrome'}
>> src/test/java/com/tests/RunUIAutomationScriptInChrome.feature:11
>> karate-config.js failed
>> js failed:
>>>>
01: ()
<<<<
org.graalvm.polyglot.PolyglotException: SyntaxError: Unnamed:1:2 Expected => but found eof
()
  ^

- org.graalvm.polyglot.Context.eval(Context.java:425)
- com.intuit.karate.graal.JsEngine.evalForValue(JsEngine.java:169)
- com.intuit.karate.graal.JsEngine.eval(JsEngine.java:165)
- com.intuit.karate.core.ScenarioEngine.evalJs(ScenarioEngine.java:1286)
- com.intuit.karate.core.ScenarioRuntime.evalConfigJs(ScenarioRuntime.java:296)
- com.intuit.karate.core.ScenarioRuntime.beforeRun(ScenarioRuntime.java:371)
- com.intuit.karate.core.ScenarioRuntime.run(ScenarioRuntime.java:390)

js failed:
>>>>
<<<<
com.intuit.karate.KarateException: js failed:
>>>>
01: ()
<<<<
org.graalvm.polyglot.PolyglotException: SyntaxError: Unnamed:1:2 Expected => but found eof
()
  ^

- org.graalvm.polyglot.Context.eval(Context.java:425)
- com.intuit.karate.graal.JsEngine.evalForValue(JsEngine.java:169)
- com.intuit.karate.graal.JsEngine.eval(JsEngine.java:165)
- com.intuit.karate.core.ScenarioEngine.evalJs(ScenarioEngine.java:1286)
- com.intuit.karate.core.ScenarioRuntime.evalConfigJs(ScenarioRuntime.java:296)
- com.intuit.karate.core.ScenarioRuntime.beforeRun(ScenarioRuntime.java:371)
- com.intuit.karate.core.ScenarioRuntime.run(ScenarioRuntime.java:390)

- com.intuit.karate.graal.JsEngine.fromJsEvalException(JsEngine.java:253)
- com.intuit.karate.core.ScenarioEngine.evalJs(ScenarioEngine.java:1288)
- com.intuit.karate.core.ScenarioRuntime.evalConfigJs(ScenarioRuntime.java:296)
- com.intuit.karate.core.ScenarioRuntime.beforeRun(ScenarioRuntime.java:371)
- com.intuit.karate.core.ScenarioRuntime.run(ScenarioRuntime.java:390)
- com.intuit.karate.core.FeatureRuntime.processScenario(FeatureRuntime.java:193)
- java.base/java.util.stream.ReferencePipeline$2$1.accept(ReferencePipeline.java:179)

src/test/java/com/tests/RunUIAutomationScriptInChrome.feature:6
22:04:23.955 [main] ERROR com.intuit.karate - src/test/java/com/tests/RunUIAutomationScriptInChrome.feature:12
Given driver 'https://www.saucedemo.com/'
>> src/test/java/com/tests/RunUIAutomationScriptInChrome.feature:11
>> karate-config.js failed
>> js failed:
>>>>
01: ()
<<<<
org.graalvm.polyglot.PolyglotException: SyntaxError: Unnamed:1:2 Expected => but found eof
()
  ^

- org.graalvm.polyglot.Context.eval(Context.java:425)
- com.intuit.karate.graal.JsEngine.evalForValue(JsEngine.java:169)
- com.intuit.karate.graal.JsEngine.eval(JsEngine.java:165)
- com.intuit.karate.core.ScenarioEngine.evalJs(ScenarioEngine.java:1286)
- com.intuit.karate.core.ScenarioRuntime.evalConfigJs(ScenarioRuntime.java:296)
- com.intuit.karate.core.ScenarioRuntime.beforeRun(ScenarioRuntime.java:371)
- com.intuit.karate.core.ScenarioRuntime.run(ScenarioRuntime.java:390)

js failed:
>>>>
<<<<
com.intuit.karate.KarateException: js failed:
>>>>
01: ()
<<<<
org.graalvm.polyglot.PolyglotException: SyntaxError: Unnamed:1:2 Expected => but found eof
()
  ^

- org.graalvm.polyglot.Context.eval(Context.java:425)
- com.intuit.karate.graal.JsEngine.evalForValue(JsEngine.java:169)
- com.intuit.karate.graal.JsEngine.eval(JsEngine.java:165)
- com.intuit.karate.core.ScenarioEngine.evalJs(ScenarioEngine.java:1286)
- com.intuit.karate.core.ScenarioRuntime.evalConfigJs(ScenarioRuntime.java:296)
- com.intuit.karate.core.ScenarioRuntime.beforeRun(ScenarioRuntime.java:371)
- com.intuit.karate.core.ScenarioRuntime.run(ScenarioRuntime.java:390)

- com.intuit.karate.graal.JsEngine.fromJsEvalException(JsEngine.java:253)
- com.intuit.karate.core.ScenarioEngine.evalJs(ScenarioEngine.java:1288)
- com.intuit.karate.core.ScenarioRuntime.evalConfigJs(ScenarioRuntime.java:296)
- com.intuit.karate.core.ScenarioRuntime.beforeRun(ScenarioRuntime.java:371)
- com.intuit.karate.core.ScenarioRuntime.run(ScenarioRuntime.java:390)
- com.intuit.karate.core.FeatureRuntime.processScenario(FeatureRuntime.java:193)
- java.base/java.util.stream.ReferencePipeline$2$1.accept(ReferencePipeline.java:179)

src/test/java/com/tests/RunUIAutomationScriptInChrome.feature:6
src/test/java/com/tests/RunUIAutomationScriptInChrome.feature:12
22:04:24.651 [main] INFO  com.intuit.karate.Suite - <<fail>> feature 1 of 1 (0 remaining) src/test/java/com/tests/RunUIAutomationScriptInChrome.feature
22:04:58.102 [main] DEBUG com.intuit.karate.Suite - [config] classpath:karate-config.js
22:04:58.112 [main] INFO  com.intuit.karate.Suite - backed up existing 'target\karate-reports' dir to: target\karate-reports_1710606898107
22:04:58.960 [main] ERROR com.intuit.karate - src/test/java/com/tests/RunUIAutomationScriptInChrome.feature:6
* configure driver = { type: 'chrome'}
>> src/test/java/com/tests/RunUIAutomationScriptInChrome.feature:13
>> karate-config.js failed
>> js failed:
>>>>
01: ()
<<<<
org.graalvm.polyglot.PolyglotException: SyntaxError: Unnamed:1:2 Expected => but found eof
()
  ^

- org.graalvm.polyglot.Context.eval(Context.java:425)
- com.intuit.karate.graal.JsEngine.evalForValue(JsEngine.java:169)
- com.intuit.karate.graal.JsEngine.eval(JsEngine.java:165)
- com.intuit.karate.core.ScenarioEngine.evalJs(ScenarioEngine.java:1286)
- com.intuit.karate.core.ScenarioRuntime.evalConfigJs(ScenarioRuntime.java:296)
- com.intuit.karate.core.ScenarioRuntime.beforeRun(ScenarioRuntime.java:371)
- com.intuit.karate.core.ScenarioRuntime.run(ScenarioRuntime.java:390)

js failed:
>>>>
<<<<
com.intuit.karate.KarateException: js failed:
>>>>
01: ()
<<<<
org.graalvm.polyglot.PolyglotException: SyntaxError: Unnamed:1:2 Expected => but found eof
()
  ^

- org.graalvm.polyglot.Context.eval(Context.java:425)
- com.intuit.karate.graal.JsEngine.evalForValue(JsEngine.java:169)
- com.intuit.karate.graal.JsEngine.eval(JsEngine.java:165)
- com.intuit.karate.core.ScenarioEngine.evalJs(ScenarioEngine.java:1286)
- com.intuit.karate.core.ScenarioRuntime.evalConfigJs(ScenarioRuntime.java:296)
- com.intuit.karate.core.ScenarioRuntime.beforeRun(ScenarioRuntime.java:371)
- com.intuit.karate.core.ScenarioRuntime.run(ScenarioRuntime.java:390)

- com.intuit.karate.graal.JsEngine.fromJsEvalException(JsEngine.java:253)
- com.intuit.karate.core.ScenarioEngine.evalJs(ScenarioEngine.java:1288)
- com.intuit.karate.core.ScenarioRuntime.evalConfigJs(ScenarioRuntime.java:296)
- com.intuit.karate.core.ScenarioRuntime.beforeRun(ScenarioRuntime.java:371)
- com.intuit.karate.core.ScenarioRuntime.run(ScenarioRuntime.java:390)
- com.intuit.karate.core.FeatureRuntime.processScenario(FeatureRuntime.java:193)
- java.base/java.util.stream.ReferencePipeline$2$1.accept(ReferencePipeline.java:179)

src/test/java/com/tests/RunUIAutomationScriptInChrome.feature:6
22:04:58.961 [main] ERROR com.intuit.karate - src/test/java/com/tests/RunUIAutomationScriptInChrome.feature:14
Given driver 'https://www.saucedemo.com/'
>> src/test/java/com/tests/RunUIAutomationScriptInChrome.feature:13
>> karate-config.js failed
>> js failed:
>>>>
01: ()
<<<<
org.graalvm.polyglot.PolyglotException: SyntaxError: Unnamed:1:2 Expected => but found eof
()
  ^

- org.graalvm.polyglot.Context.eval(Context.java:425)
- com.intuit.karate.graal.JsEngine.evalForValue(JsEngine.java:169)
- com.intuit.karate.graal.JsEngine.eval(JsEngine.java:165)
- com.intuit.karate.core.ScenarioEngine.evalJs(ScenarioEngine.java:1286)
- com.intuit.karate.core.ScenarioRuntime.evalConfigJs(ScenarioRuntime.java:296)
- com.intuit.karate.core.ScenarioRuntime.beforeRun(ScenarioRuntime.java:371)
- com.intuit.karate.core.ScenarioRuntime.run(ScenarioRuntime.java:390)

js failed:
>>>>
<<<<
com.intuit.karate.KarateException: js failed:
>>>>
01: ()
<<<<
org.graalvm.polyglot.PolyglotException: SyntaxError: Unnamed:1:2 Expected => but found eof
()
  ^

- org.graalvm.polyglot.Context.eval(Context.java:425)
- com.intuit.karate.graal.JsEngine.evalForValue(JsEngine.java:169)
- com.intuit.karate.graal.JsEngine.eval(JsEngine.java:165)
- com.intuit.karate.core.ScenarioEngine.evalJs(ScenarioEngine.java:1286)
- com.intuit.karate.core.ScenarioRuntime.evalConfigJs(ScenarioRuntime.java:296)
- com.intuit.karate.core.ScenarioRuntime.beforeRun(ScenarioRuntime.java:371)
- com.intuit.karate.core.ScenarioRuntime.run(ScenarioRuntime.java:390)

- com.intuit.karate.graal.JsEngine.fromJsEvalException(JsEngine.java:253)
- com.intuit.karate.core.ScenarioEngine.evalJs(ScenarioEngine.java:1288)
- com.intuit.karate.core.ScenarioRuntime.evalConfigJs(ScenarioRuntime.java:296)
- com.intuit.karate.core.ScenarioRuntime.beforeRun(ScenarioRuntime.java:371)
- com.intuit.karate.core.ScenarioRuntime.run(ScenarioRuntime.java:390)
- com.intuit.karate.core.FeatureRuntime.processScenario(FeatureRuntime.java:193)
- java.base/java.util.stream.ReferencePipeline$2$1.accept(ReferencePipeline.java:179)

src/test/java/com/tests/RunUIAutomationScriptInChrome.feature:6
src/test/java/com/tests/RunUIAutomationScriptInChrome.feature:14
22:04:59.550 [main] INFO  com.intuit.karate.Suite - <<fail>> feature 1 of 1 (0 remaining) src/test/java/com/tests/RunUIAutomationScriptInChrome.feature
22:05:41.628 [main] DEBUG com.intuit.karate.Suite - [config] classpath:karate-config.js
22:05:41.638 [main] INFO  com.intuit.karate.Suite - backed up existing 'target\karate-reports' dir to: target\karate-reports_1710606941631
22:05:42.557 [main] INFO  com.intuit.karate - karate.env system property was: null 
22:05:42.659 [main] DEBUG com.intuit.karate.shell.Command - found / verified free local port: 9222
22:05:42.662 [chrome_1710606942638] DEBUG c.i.k.driver.chrome_1710606942638 - command: [C:\Program Files\Google\Chrome\Application\chrome.exe, --remote-debugging-port=9222, --remote-allow-origins=*, --no-first-run, --user-data-dir=C:\Users\akhil\eclipse-workspace\KarateUIAutomation\target\chrome_1710606942638, --disable-popup-blocking], working dir: target\chrome_1710606942638
22:05:42.670 [main] DEBUG c.i.k.driver.chrome_1710606942638 - poll attempt #0 for port to be ready - localhost:9222
22:05:42.939 [main] DEBUG c.i.k.driver.chrome_1710606942638 - poll attempt #1 for port to be ready - localhost:9222
22:05:43.205 [main] DEBUG c.i.k.driver.chrome_1710606942638 - poll attempt #2 for port to be ready - localhost:9222
22:05:43.466 [main] DEBUG c.i.k.driver.chrome_1710606942638 - poll attempt #3 for port to be ready - localhost:9222
22:05:43.730 [main] DEBUG c.i.k.driver.chrome_1710606942638 - poll attempt #4 for port to be ready - localhost:9222
22:05:43.822 [chrome_1710606942638-out] DEBUG c.i.k.driver.chrome_1710606942638 - 
22:05:43.823 [chrome_1710606942638-out] DEBUG c.i.k.driver.chrome_1710606942638 - DevTools listening on ws://127.0.0.1:9222/devtools/browser/bee06fb5-ecc1-4439-abe9-9d26f1b48ee2
22:05:44.027 [main] DEBUG c.i.k.driver.chrome_1710606942638 - poll attempt #5 for port to be ready - localhost:9222
22:05:45.297 [main] DEBUG com.intuit.karate - request:
1 > GET http://localhost:9222/json
1 > Host: localhost:9222
1 > Connection: Keep-Alive
1 > User-Agent: Apache-HttpClient/4.5.14 (Java/17.0.6)
1 > Accept-Encoding: gzip,deflate


22:05:45.352 [main] DEBUG com.intuit.karate - response time in milliseconds: 50
1 < 200
1 < Content-Security-Policy: frame-ancestors 'none'
1 < Content-Length: 1787
1 < Content-Type: application/json; charset=UTF-8
[ {
   "description": "",
   "devtoolsFrontendUrl": "/devtools/inspector.html?ws=localhost:9222/devtools/page/29756F215BB3867E008B310A38F08446",
   "id": "29756F215BB3867E008B310A38F08446",
   "title": "Google Network Speech",
   "type": "background_page",
   "url": "chrome-extension://neajdppkdcdipfabeoofebfddakdcjhd/_generated_background_page.html",
   "webSocketDebuggerUrl": "ws://localhost:9222/devtools/page/29756F215BB3867E008B310A38F08446"
}, {
   "description": "",
   "devtoolsFrontendUrl": "/devtools/inspector.html?ws=localhost:9222/devtools/page/51D0B637ED055C929170352911AAD35C",
   "id": "51D0B637ED055C929170352911AAD35C",
   "title": "Google Hangouts",
   "type": "background_page",
   "url": "chrome-extension://nkeimhogjdpnpccoofpliimaahmaaome/background.html",
   "webSocketDebuggerUrl": "ws://localhost:9222/devtools/page/51D0B637ED055C929170352911AAD35C"
}, {
   "description": "",
   "devtoolsFrontendUrl": "/devtools/inspector.html?ws=localhost:9222/devtools/page/4D09FC0C72DD9CC1FDF6986F9B00CAEC",
   "id": "4D09FC0C72DD9CC1FDF6986F9B00CAEC",
   "title": "New Tab",
   "type": "page",
   "url": "chrome://newtab/",
   "webSocketDebuggerUrl": "ws://localhost:9222/devtools/page/4D09FC0C72DD9CC1FDF6986F9B00CAEC"
}, {
   "description": "",
   "devtoolsFrontendUrl": "/devtools/inspector.html?ws=localhost:9222/devtools/page/3B35B7D355E7088DE8EF61C0F18089EC",
   "id": "3B35B7D355E7088DE8EF61C0F18089EC",
   "parentId": "4D09FC0C72DD9CC1FDF6986F9B00CAEC",
   "title": "chrome-untrusted://new-tab-page/one-google-bar?paramsencoded=",
   "type": "iframe",
   "url": "chrome-untrusted://new-tab-page/one-google-bar?paramsencoded=",
   "webSocketDebuggerUrl": "ws://localhost:9222/devtools/page/3B35B7D355E7088DE8EF61C0F18089EC"
} ]


22:05:45.357 [main] DEBUG com.intuit.karate.shell.Command - ready to accept http connections after 1283 ms - http://localhost:9222/json
22:05:45.359 [main] DEBUG com.intuit.karate - request:
1 > GET http://localhost:9222/json
1 > Host: localhost:9222
1 > Connection: Keep-Alive
1 > User-Agent: Apache-HttpClient/4.5.14 (Java/17.0.6)
1 > Accept-Encoding: gzip,deflate


22:05:45.361 [main] DEBUG com.intuit.karate - response time in milliseconds: 0
1 < 200
1 < Content-Security-Policy: frame-ancestors 'none'
1 < Content-Length: 1787
1 < Content-Type: application/json; charset=UTF-8
[ {
   "description": "",
   "devtoolsFrontendUrl": "/devtools/inspector.html?ws=localhost:9222/devtools/page/29756F215BB3867E008B310A38F08446",
   "id": "29756F215BB3867E008B310A38F08446",
   "title": "Google Network Speech",
   "type": "background_page",
   "url": "chrome-extension://neajdppkdcdipfabeoofebfddakdcjhd/_generated_background_page.html",
   "webSocketDebuggerUrl": "ws://localhost:9222/devtools/page/29756F215BB3867E008B310A38F08446"
}, {
   "description": "",
   "devtoolsFrontendUrl": "/devtools/inspector.html?ws=localhost:9222/devtools/page/51D0B637ED055C929170352911AAD35C",
   "id": "51D0B637ED055C929170352911AAD35C",
   "title": "Google Hangouts",
   "type": "background_page",
   "url": "chrome-extension://nkeimhogjdpnpccoofpliimaahmaaome/background.html",
   "webSocketDebuggerUrl": "ws://localhost:9222/devtools/page/51D0B637ED055C929170352911AAD35C"
}, {
   "description": "",
   "devtoolsFrontendUrl": "/devtools/inspector.html?ws=localhost:9222/devtools/page/4D09FC0C72DD9CC1FDF6986F9B00CAEC",
   "id": "4D09FC0C72DD9CC1FDF6986F9B00CAEC",
   "title": "New Tab",
   "type": "page",
   "url": "chrome://newtab/",
   "webSocketDebuggerUrl": "ws://localhost:9222/devtools/page/4D09FC0C72DD9CC1FDF6986F9B00CAEC"
}, {
   "description": "",
   "devtoolsFrontendUrl": "/devtools/inspector.html?ws=localhost:9222/devtools/page/3B35B7D355E7088DE8EF61C0F18089EC",
   "id": "3B35B7D355E7088DE8EF61C0F18089EC",
   "parentId": "4D09FC0C72DD9CC1FDF6986F9B00CAEC",
   "title": "chrome-untrusted://new-tab-page/one-google-bar?paramsencoded=",
   "type": "iframe",
   "url": "chrome-untrusted://new-tab-page/one-google-bar?paramsencoded=",
   "webSocketDebuggerUrl": "ws://localhost:9222/devtools/page/3B35B7D355E7088DE8EF61C0F18089EC"
} ]


22:05:45.366 [main] DEBUG c.i.k.driver.chrome_1710606942638 - root frame id: 4D09FC0C72DD9CC1FDF6986F9B00CAEC
22:05:45.815 [nioEventLoopGroup-2-1] DEBUG c.i.k.http.WebSocketClientHandler - websocket client connected
22:05:45.818 [main] DEBUG c.i.k.driver.chrome_1710606942638 - >> {"id":1,"method":"Target.attachToTarget","params":{"targetId":"4D09FC0C72DD9CC1FDF6986F9B00CAEC","flatten":true}}
22:05:45.840 [nioEventLoopGroup-2-1] DEBUG c.i.k.driver.chrome_1710606942638 - << {"method":"Target.attachedToTarget","params":{"sessionId":"88A2CED8F3318295A82834FE6FBC0B0C","targetInfo":{"targetId":"4D09FC0C72DD9CC1FDF6986F9B00CAEC","type":"page","title":"New Tab","url":"chrome://newtab/","attached":true,"canAccessOpener":false,"browserContextId":"A6D197975D758A3E2C1ECA0E4B007185"},"waitingForDebugger":false}}
22:05:45.840 [nioEventLoopGroup-2-1] DEBUG c.i.k.driver.chrome_1710606942638 - << {"id":1,"result":{"sessionId":"88A2CED8F3318295A82834FE6FBC0B0C"}}
22:05:45.842 [main] DEBUG c.i.k.driver.chrome_1710606942638 - >> {"id":2,"sessionId":"88A2CED8F3318295A82834FE6FBC0B0C","method":"Target.activateTarget","params":{"targetId":"4D09FC0C72DD9CC1FDF6986F9B00CAEC"}}
22:05:45.844 [nioEventLoopGroup-2-1] DEBUG c.i.k.driver.chrome_1710606942638 - << {"id":2,"result":{},"sessionId":"88A2CED8F3318295A82834FE6FBC0B0C"}
22:05:45.844 [main] DEBUG c.i.k.driver.chrome_1710606942638 - >> {"id":3,"sessionId":"88A2CED8F3318295A82834FE6FBC0B0C","method":"Target.setDiscoverTargets","params":{"discover":true}}
22:05:45.846 [nioEventLoopGroup-2-1] DEBUG c.i.k.driver.chrome_1710606942638 - << {"method":"Target.targetCreated","params":{"targetInfo":{"targetId":"29756F215BB3867E008B310A38F08446","type":"background_page","title":"Google Network Speech","url":"chrome-extension://neajdppkdcdipfabeoofebfddakdcjhd/_generated_background_page.html","attached":false,"canAccessOpener":false,"browserContextId":"A6D197975D758A3E2C1ECA0E4B007185"}},"sessionId":"88A2CED8F3318295A82834FE6FBC0B0C"}
22:05:45.847 [nioEventLoopGroup-2-1] DEBUG c.i.k.driver.chrome_1710606942638 - << {"method":"Target.targetCreated","params":{"targetInfo":{"targetId":"3B35B7D355E7088DE8EF61C0F18089EC","type":"iframe","title":"chrome-untrusted://new-tab-page/one-google-bar?paramsencoded=","url":"chrome-untrusted://new-tab-page/one-google-bar?paramsencoded=","attached":false,"canAccessOpener":false,"browserContextId":"A6D197975D758A3E2C1ECA0E4B007185"}},"sessionId":"88A2CED8F3318295A82834FE6FBC0B0C"}
22:05:45.847 [nioEventLoopGroup-2-1] DEBUG c.i.k.driver.chrome_1710606942638 - << {"method":"Target.targetCreated","params":{"targetInfo":{"targetId":"4D09FC0C72DD9CC1FDF6986F9B00CAEC","type":"page","title":"New Tab","url":"chrome://newtab/","attached":true,"canAccessOpener":false,"browserContextId":"A6D197975D758A3E2C1ECA0E4B007185"}},"sessionId":"88A2CED8F3318295A82834FE6FBC0B0C"}
22:05:45.848 [nioEventLoopGroup-2-1] DEBUG c.i.k.driver.chrome_1710606942638 - << {"method":"Target.targetCreated","params":{"targetInfo":{"targetId":"51D0B637ED055C929170352911AAD35C","type":"background_page","title":"Google Hangouts","url":"chrome-extension://nkeimhogjdpnpccoofpliimaahmaaome/background.html","attached":false,"canAccessOpener":false,"browserContextId":"A6D197975D758A3E2C1ECA0E4B007185"}},"sessionId":"88A2CED8F3318295A82834FE6FBC0B0C"}
22:05:45.849 [nioEventLoopGroup-2-1] DEBUG c.i.k.driver.chrome_1710606942638 - << {"id":3,"result":{},"sessionId":"88A2CED8F3318295A82834FE6FBC0B0C"}
22:05:45.850 [main] DEBUG c.i.k.driver.chrome_1710606942638 - >> {"id":4,"sessionId":"88A2CED8F3318295A82834FE6FBC0B0C","method":"Page.enable"}
22:05:45.851 [nioEventLoopGroup-2-1] DEBUG c.i.k.driver.chrome_1710606942638 - << {"id":4,"result":{},"sessionId":"88A2CED8F3318295A82834FE6FBC0B0C"}
22:05:45.852 [main] DEBUG c.i.k.driver.chrome_1710606942638 - >> {"id":5,"sessionId":"88A2CED8F3318295A82834FE6FBC0B0C","method":"Runtime.enable"}
22:05:45.854 [nioEventLoopGroup-2-1] DEBUG c.i.k.driver.chrome_1710606942638 - << {"method":"Runtime.executionContextCreated","params":{"context":{"id":2,"origin":"chrome://new-tab-page","name":"","uniqueId":"4118925730580193412.3490945886696752529","auxData":{"isDefault":true,"type":"default","frameId":"D3A5C61028DA082FD991EE7D7339C905"}}},"sessionId":"88A2CED8F3318295A82834FE6FBC0B0C"}
22:05:45.857 [nioEventLoopGroup-2-1] DEBUG c.i.k.driver.chrome_1710606942638 - << {"method":"Runtime.executionContextCreated","params":{"context":{"id":1,"origin":"chrome://new-tab-page","name":"","uniqueId":"3880301095065562037.-266119144056126834","auxData":{"isDefault":true,"type":"default","frameId":"4D09FC0C72DD9CC1FDF6986F9B00CAEC"}}},"sessionId":"88A2CED8F3318295A82834FE6FBC0B0C"}
22:05:45.858 [nioEventLoopGroup-2-1] DEBUG c.i.k.driver.chrome_1710606942638 - << {"id":5,"result":{},"sessionId":"88A2CED8F3318295A82834FE6FBC0B0C"}
22:05:45.858 [main] DEBUG c.i.k.driver.chrome_1710606942638 - >> {"id":6,"sessionId":"88A2CED8F3318295A82834FE6FBC0B0C","method":"Browser.getWindowForTarget","params":{"targetId":"4D09FC0C72DD9CC1FDF6986F9B00CAEC"}}
22:05:45.860 [nioEventLoopGroup-2-1] DEBUG c.i.k.driver.chrome_1710606942638 - << {"id":6,"result":{"windowId":51765511,"bounds":{"left":9,"top":9,"width":1051,"height":798,"windowState":"normal"}},"sessionId":"88A2CED8F3318295A82834FE6FBC0B0C"}
22:05:45.977 [main] DEBUG c.i.k.driver.chrome_1710606942638 - >> {"id":7,"sessionId":"88A2CED8F3318295A82834FE6FBC0B0C","method":"Page.navigate","params":{"url":"https:\/\/www.saucedemo.com\/"}}
22:05:45.983 [nioEventLoopGroup-2-1] DEBUG c.i.k.driver.chrome_1710606942638 - << {"method":"Page.frameStartedLoading","params":{"frameId":"4D09FC0C72DD9CC1FDF6986F9B00CAEC"},"sessionId":"88A2CED8F3318295A82834FE6FBC0B0C"}
22:05:46.547 [nioEventLoopGroup-2-1] DEBUG c.i.k.driver.chrome_1710606942638 - << {"id":7,"result":{"frameId":"4D09FC0C72DD9CC1FDF6986F9B00CAEC","loaderId":"F71E6ABE6527A87D706F45D3031348AE"},"sessionId":"88A2CED8F3318295A82834FE6FBC0B0C"}
22:05:46.551 [nioEventLoopGroup-2-1] DEBUG c.i.k.driver.chrome_1710606942638 - << {"method":"Runtime.executionContextsCleared","params":{},"sessionId":"88A2CED8F3318295A82834FE6FBC0B0C"}
22:05:46.561 [nioEventLoopGroup-2-1] DEBUG c.i.k.driver.chrome_1710606942638 - << {"method":"Target.targetInfoChanged","params":{"targetInfo":{"targetId":"4D09FC0C72DD9CC1FDF6986F9B00CAEC","type":"page","title":"saucedemo.com","url":"https://www.saucedemo.com/","attached":true,"canAccessOpener":false,"browserContextId":"A6D197975D758A3E2C1ECA0E4B007185"}},"sessionId":"88A2CED8F3318295A82834FE6FBC0B0C"}
22:05:46.562 [nioEventLoopGroup-2-1] DEBUG c.i.k.driver.chrome_1710606942638 - << {"method":"Runtime.executionContextsCleared","params":{},"sessionId":"88A2CED8F3318295A82834FE6FBC0B0C"}
22:05:46.563 [nioEventLoopGroup-2-1] DEBUG c.i.k.driver.chrome_1710606942638 - << {"method":"Page.frameNavigated","params":{"frame":{"id":"4D09FC0C72DD9CC1FDF6986F9B00CAEC","loaderId":"F71E6ABE6527A87D706F45D3031348AE","url":"https://www.saucedemo.com/","domainAndRegistry":"saucedemo.com","securityOrigin":"https://www.saucedemo.com","mimeType":"text/html","adFrameStatus":{"adFrameType":"none"},"secureContextType":"Secure","crossOriginIsolatedContextType":"NotIsolated","gatedAPIFeatures":[]},"type":"Navigation"},"sessionId":"88A2CED8F3318295A82834FE6FBC0B0C"}
22:05:46.564 [nioEventLoopGroup-2-1] DEBUG c.i.k.driver.chrome_1710606942638 - << {"method":"Runtime.executionContextCreated","params":{"context":{"id":1,"origin":"https://www.saucedemo.com","name":"","uniqueId":"3245885767523575800.-3390513048435020463","auxData":{"isDefault":true,"type":"default","frameId":"4D09FC0C72DD9CC1FDF6986F9B00CAEC"}}},"sessionId":"88A2CED8F3318295A82834FE6FBC0B0C"}
22:05:46.579 [nioEventLoopGroup-2-1] DEBUG c.i.k.driver.chrome_1710606942638 - << {"method":"Page.frameDetached","params":{"frameId":"3B35B7D355E7088DE8EF61C0F18089EC","reason":"remove"},"sessionId":"88A2CED8F3318295A82834FE6FBC0B0C"}
22:05:46.580 [nioEventLoopGroup-2-1] DEBUG c.i.k.driver.chrome_1710606942638 - << {"method":"Target.targetDestroyed","params":{"targetId":"3B35B7D355E7088DE8EF61C0F18089EC"},"sessionId":"88A2CED8F3318295A82834FE6FBC0B0C"}
22:05:47.167 [nioEventLoopGroup-2-1] DEBUG c.i.k.driver.chrome_1710606942638 - << {"method":"Page.domContentEventFired","params":{"timestamp":261504.950181},"sessionId":"88A2CED8F3318295A82834FE6FBC0B0C"}
22:05:47.169 [main] DEBUG c.i.k.driver.chrome_1710606942638 - >> {"id":8,"sessionId":"88A2CED8F3318295A82834FE6FBC0B0C","method":"Target.closeTarget","params":{"targetId":"4D09FC0C72DD9CC1FDF6986F9B00CAEC"}}
22:05:47.171 [nioEventLoopGroup-2-1] DEBUG c.i.k.driver.chrome_1710606942638 - << {"id":8,"result":{"success":true},"sessionId":"88A2CED8F3318295A82834FE6FBC0B0C"}
22:05:47.174 [nioEventLoopGroup-2-1] DEBUG c.i.k.http.WebSocketClientHandler - websocket closing
22:05:47.176 [nioEventLoopGroup-2-1] DEBUG c.i.k.http.WebSocketClientHandler - websocket client disconnected
22:05:47.212 [main] DEBUG com.intuit.karate.shell.Command - closing command: chrome_1710606942638
22:05:47.471 [chrome_1710606942638] WARN  com.intuit.karate.shell.Command - exit code was non-zero: 1 - [C:\Program Files\Google\Chrome\Application\chrome.exe, --remote-debugging-port=9222, --remote-allow-origins=*, --no-first-run, --user-data-dir=C:\Users\akhil\eclipse-workspace\KarateUIAutomation\target\chrome_1710606942638, --disable-popup-blocking] working dir: target\chrome_1710606942638
22:05:47.919 [main] INFO  com.intuit.karate.Suite - <<pass>> feature 1 of 1 (0 remaining) src/test/java/com/tests/RunUIAutomationScriptInChrome.feature
22:06:10.198 [main] DEBUG com.intuit.karate.Suite - [config] classpath:karate-config.js
22:06:10.211 [main] INFO  com.intuit.karate.Suite - backed up existing 'target\karate-reports' dir to: target\karate-reports_1710606970203
22:06:11.158 [main] INFO  com.intuit.karate - karate.env system property was: null 
22:06:11.246 [main] DEBUG com.intuit.karate.shell.Command - found / verified free local port: 9515
22:06:11.250 [chromedriver_1710606971238] DEBUG c.i.k.d.chromedriver_1710606971238 - command: [chromedriver, --port=9515, --user-data-dir=C:\Users\akhil\eclipse-workspace\KarateUIAutomation\target\chromedriver_1710606971238], working dir: target\chromedriver_1710606971238
22:06:11.256 [main] DEBUG c.i.k.d.chromedriver_1710606971238 - poll attempt #0 for port to be ready - localhost:9515
22:06:11.504 [chromedriver_1710606971238-out] DEBUG c.i.k.d.chromedriver_1710606971238 - Starting ChromeDriver 122.0.6261.128 (f18a44fedeb29764b2b5336c120fdd90ef1a3f5c-refs/branch-heads/6261@{#1057}) on port 9515
22:06:11.505 [chromedriver_1710606971238-out] DEBUG c.i.k.d.chromedriver_1710606971238 - Only local connections are allowed.
22:06:11.505 [chromedriver_1710606971238-out] DEBUG c.i.k.d.chromedriver_1710606971238 - Please see https://chromedriver.chromium.org/security-considerations for suggestions on keeping ChromeDriver safe.
22:06:11.511 [chromedriver_1710606971238-out] DEBUG c.i.k.d.chromedriver_1710606971238 - ChromeDriver was started successfully.
22:06:11.516 [main] DEBUG c.i.k.d.chromedriver_1710606971238 - poll attempt #1 for port to be ready - localhost:9515
22:06:11.832 [main] DEBUG com.intuit.karate - request:
1 > POST http://localhost:9515/session
1 > Content-Type: application/json; charset=UTF-8
1 > Content-Length: 57
1 > Host: localhost:9515
1 > Connection: Keep-Alive
1 > User-Agent: Apache-HttpClient/4.5.14 (Java/17.0.6)
1 > Accept-Encoding: gzip,deflate
{"capabilities":{"alwaysMatch":{"browserName":"chrome"}}}

22:06:12.475 [main] DEBUG com.intuit.karate - response time in milliseconds: 641
1 < 200
1 < Content-Length: 884
1 < Content-Type: application/json; charset=utf-8
1 < cache-control: no-cache
{"value":{"capabilities":{"acceptInsecureCerts":false,"browserName":"chrome","browserVersion":"122.0.6261.129","chrome":{"chromedriverVersion":"122.0.6261.128 (f18a44fedeb29764b2b5336c120fdd90ef1a3f5c-refs/branch-heads/6261@{#1057})","userDataDir":"C:\\Users\\akhil\\AppData\\Local\\Temp\\scoped_dir14628_1011349584"},"fedcm:accounts":true,"goog:chromeOptions":{"debuggerAddress":"localhost:62057"},"networkConnectionEnabled":false,"pageLoadStrategy":"normal","platformName":"windows","proxy":{},"setWindowRect":true,"strictFileInteractability":false,"timeouts":{"implicit":0,"pageLoad":300000,"script":30000},"unhandledPromptBehavior":"dismiss and notify","webauthn:extension:credBlob":true,"webauthn:extension:largeBlob":true,"webauthn:extension:minPinLength":true,"webauthn:extension:prf":true,"webauthn:virtualAuthenticators":true},"sessionId":"84e933fdcf50d94f882d9e39f41aefb1"}}

22:06:12.478 [main] DEBUG c.i.k.d.chromedriver_1710606971238 - init session id: 84e933fdcf50d94f882d9e39f41aefb1
22:06:12.583 [main] DEBUG com.intuit.karate - request:
2 > POST http://localhost:9515/session/84e933fdcf50d94f882d9e39f41aefb1/url
2 > Content-Type: application/json; charset=UTF-8
2 > Content-Length: 39
2 > Host: localhost:9515
2 > Connection: Keep-Alive
2 > User-Agent: Apache-HttpClient/4.5.14 (Java/17.0.6)
2 > Accept-Encoding: gzip,deflate
{"url":"https:\/\/www.saucedemo.com\/"}

22:06:13.157 [main] DEBUG com.intuit.karate - response time in milliseconds: 573
2 < 200
2 < Content-Length: 14
2 < Content-Type: application/json; charset=utf-8
2 < cache-control: no-cache
{"value":null}

22:06:13.161 [main] DEBUG com.intuit.karate - request:
3 > DELETE http://localhost:9515/session/84e933fdcf50d94f882d9e39f41aefb1/window
3 > Host: localhost:9515
3 > Connection: Keep-Alive
3 > User-Agent: Apache-HttpClient/4.5.14 (Java/17.0.6)
3 > Accept-Encoding: gzip,deflate


22:06:13.261 [main] DEBUG com.intuit.karate - response time in milliseconds: 99
3 < 200
3 < Content-Length: 12
3 < Content-Type: application/json; charset=utf-8
3 < cache-control: no-cache
{"value":[]}

22:06:13.264 [main] DEBUG com.intuit.karate - request:
4 > DELETE http://localhost:9515/session/84e933fdcf50d94f882d9e39f41aefb1
4 > Host: localhost:9515
4 > Connection: Keep-Alive
4 > User-Agent: Apache-HttpClient/4.5.14 (Java/17.0.6)
4 > Accept-Encoding: gzip,deflate


22:06:13.304 [main] DEBUG com.intuit.karate - response time in milliseconds: 40
4 < 200
4 < Content-Length: 14
4 < Content-Type: application/json; charset=utf-8
4 < cache-control: no-cache
{"value":null}

22:06:13.305 [main] DEBUG com.intuit.karate.shell.Command - closing command: chromedriver_1710606971238
22:06:13.328 [chromedriver_1710606971238] WARN  com.intuit.karate.shell.Command - exit code was non-zero: 1 - [chromedriver, --port=9515, --user-data-dir=C:\Users\akhil\eclipse-workspace\KarateUIAutomation\target\chromedriver_1710606971238] working dir: target\chromedriver_1710606971238
22:06:13.775 [main] INFO  com.intuit.karate.Suite - <<pass>> feature 1 of 1 (0 remaining) src/test/java/com/tests/RunUIAutomationScriptInChrome.feature
